#
# A fatal error has been detected by the Java Runtime Environment:
#
#  SIGSEGV (0xb) at pc=0x00007f2da2f862ae, pid=25379, tid=0x00007f2d235a2700
#
# JRE version: OpenJDK Runtime Environment (8.0_121-b13) (build 1.8.0_121-b13)
# Java VM: OpenJDK 64-Bit Server VM (25.121-b13 mixed mode linux-amd64 compressed oops)
# Problematic frame:
# V  [libjvm.so+0x65c2ae]
#
# Core dump written. Default location: /home/juju/eclipse/projet-fwkDEVS/JavaFXGroup/core or core.25379
#
# If you would like to submit a bug report, please visit:
#   http://bugreport.java.com/bugreport/crash.jsp
#

---------------  T H R E A D  ---------------

Current thread (0x00007f2d9c2b4000):  JavaThread "JavaFX Application Thread" [_thread_in_vm, id=25411, stack(0x00007f2d234a2000,0x00007f2d235a3000)]

siginfo: si_signo: 11 (SIGSEGV), si_code: 128 (SI_KERNEL), si_addr: 0x0000000000000000

Registers:
RAX=0x00007f2da3760650, RBX=0x00007f2d9c2b4000, RCX=0x00007f2d9c1f4588, RDX=0x2f6b646a6e65706f
RSP=0x00007f2d2359edc0, RBP=0x00007f2d2359ef40, RSI=0x00007f2d2359ef60, RDI=0x00007f2d9c2b41e0
R8 =0x00007f2d2359ef90, R9 =0x00007f2d9c2b4000, R10=0x00007f2d14002440, R11=0x00007f2d8d58bc80
R12=0x00007f2d9c2b41e0, R13=0x00007f2d9c2b4000, R14=0x2f6b646a6e65706f, R15=0x00007f2d2359f018
RIP=0x00007f2da2f862ae, EFLAGS=0x0000000000010206, CSGSFS=0x002b000000000033, ERR=0x0000000000000000
  TRAPNO=0x000000000000000d

Top of Stack: (sp=0x00007f2d2359edc0)
0x00007f2d2359edc0:   00007f2d2359eec0 00007f2da2f6f6ac
0x00007f2d2359edd0:   00007f2d87dcb438 00007f2d2359ee10
0x00007f2d2359ede0:   00007f2d0000000e 00007f2d9c2b41e0
0x00007f2d2359edf0:   00007f2d2359ee00 00007f2d2359ef60
0x00007f2d2359ee00:   00007f2d87d17cf8 00007f2d9c2b4000
0x00007f2d2359ee10:   00007f2d87d17cf8 00007f2d9c2b4000
0x00007f2d2359ee20:   00007f2d9c2b3cc0 00007f2d40011280
0x00007f2d2359ee30:   00007f2d40011300 00007f2d40011668
0x00007f2d2359ee40:   00000000000003d8 00007f2d9c2b3d00
0x00007f2d2359ee50:   00007f2d87d17cf8 00007f2d9c2b4000
0x00007f2d2359ee60:   0000000087d0c0e8 0000000770222918
0x00007f2d2359ee70:   0000000000000000 00007f2d8d017748
0x00007f2d2359ee80:   00007f2d87d17cf8 00007f2d9c2b4000
0x00007f2d2359ee90:   00007ffc55dfad0d 0000000770222c00
0x00007f2d2359eea0:   00007f2d0000006f 00007f2d0000000a
0x00007f2d2359eeb0:   00000007703e7e08 00007f2d00000000
0x00007f2d2359eec0:   00007f2d2359f050 00007f2da2f865a0
0x00007f2d2359eed0:   0000000058c5fbd4 00000001000001fd
0x00007f2d2359eee0:   00007f2d2359efd0 00007f2d2359ee98
0x00007f2d2359eef0:   00007f2d2359eed9 0000000800000005
0x00007f2d2359ef00:   00007f2d2359ef00 00007f2d2359f070
0x00007f2d2359ef10:   00007f2d87d0c0e8 00007f2d9c2b4000
0x00007f2d2359ef20:   00007f2d9c2b41e0 00007f2d9c1f4588
0x00007f2d2359ef30:   2f6b646a6e65706f 00007f2d2359f018
0x00007f2d2359ef40:   00007f2d2359f000 00007f2da2f8eae7
0x00007f2d2359ef50:   0000000000000000 00007f2d2359ef90
0x00007f2d2359ef60:   00007f2d0000000e 0000001000000000
0x00007f2d2359ef70:   00007f2d9c2b4000 0000000000000000
0x00007f2d2359ef80:   0000000000000000 00007f2d2359f180
0x00007f2d2359ef90:   00007f2da3760650 00007f2da4456690
0x00007f2d2359efa0:   000000000000000b 00007f2d00000063
0x00007f2d2359efb0:   0000000000000000 0000003000000018 

Instructions: (pc=0x00007f2da2f862ae)
0x00007f2da2f8628e:   cd 53 48 81 ec 58 01 00 00 48 85 d2 48 89 bd a8
0x00007f2da2f8629e:   fe ff ff 48 89 b5 b8 fe ff ff 0f 84 2a 03 00 00
0x00007f2da2f862ae:   4c 8b 32 4d 85 f6 0f 84 1e 03 00 00 49 8b b9 20
0x00007f2da2f862be:   01 00 00 48 89 cb 4d 89 c4 e8 44 6b ff ff 4c 89 

Register to memory mapping:

RAX=0x00007f2da3760650: <offset 0xe36650> in /usr/lib/jvm/java-8-openjdk/jre/lib/amd64/server/libjvm.so at 0x00007f2da292a000
RBX=0x00007f2d9c2b4000 is a thread
RCX=0x00007f2d9c1f4588 is an unknown value
RDX=0x2f6b646a6e65706f is an unknown value
RSP=0x00007f2d2359edc0 is pointing into the stack for thread: 0x00007f2d9c2b4000
RBP=0x00007f2d2359ef40 is pointing into the stack for thread: 0x00007f2d9c2b4000
RSI=0x00007f2d2359ef60 is pointing into the stack for thread: 0x00007f2d9c2b4000
RDI=0x00007f2d9c2b41e0 is an unknown value
R8 =0x00007f2d2359ef90 is pointing into the stack for thread: 0x00007f2d9c2b4000
R9 =0x00007f2d9c2b4000 is a thread
R10=0x00007f2d14002440 is an unknown value
R11=0x00007f2d8d58bc80 is at entry_point+32 in (nmethod*)0x00007f2d8d58bb10
R12=0x00007f2d9c2b41e0 is an unknown value
R13=0x00007f2d9c2b4000 is a thread
R14=0x2f6b646a6e65706f is an unknown value
R15=0x00007f2d2359f018 is pointing into the stack for thread: 0x00007f2d9c2b4000


Stack: [0x00007f2d234a2000,0x00007f2d235a3000],  sp=0x00007f2d2359edc0,  free space=1011k
Native frames: (J=compiled Java code, j=interpreted, Vv=VM code, C=native code)
V  [libjvm.so+0x65c2ae]
V  [libjvm.so+0x664ae7]
C  [libglass.so+0x17361]  JNIEnv_::CallVoidMethod(_jobject*, _jmethodID*, ...)+0x81
C  [libglass.so+0x13b66]  WindowContextBase::process_key(_GdkEventKey*)+0x206
C  [libglass.so+0x17d90]  WindowContextBase::im_filter_keypress(_GdkEventKey*)+0x1c0
C  [libglass.so+0x1ebb4]
C  [libgdk-x11-2.0.so.0+0x5b46c]

Java frames: (J=compiled Java code, j=interpreted, Vv=VM code)
j  com.sun.glass.ui.gtk.GtkApplication.enterNestedEventLoopImpl()V+0
j  com.sun.glass.ui.gtk.GtkApplication._enterNestedEventLoop()Ljava/lang/Object;+15
j  com.sun.glass.ui.Application.enterNestedEventLoop()Ljava/lang/Object;+14
j  com.sun.glass.ui.EventLoop.enter()Ljava/lang/Object;+42
j  com.sun.javafx.tk.quantum.QuantumToolkit.enterNestedEventLoop(Ljava/lang/Object;)Ljava/lang/Object;+107
j  javafx.stage.Stage.showAndWait()V+93
j  javafx.scene.control.HeavyweightDialog.showAndWait()V+22
j  javafx.scene.control.Dialog.showAndWait()Ljava/util/Optional;+88
j  main.MainGui.lambda$5(Ljavafx/event/ActionEvent;)V+30
j  main.MainGui$$Lambda$79.handle(Ljavafx/event/Event;)V+8
J 2637 C2 com.sun.javafx.event.EventHandlerManager.dispatchBubblingEvent(Ljavafx/event/Event;)Ljavafx/event/Event; (23 bytes) @ 0x00007f2d8d7ea4fc [0x00007f2d8d7e9c40+0x8bc]
J 2602 C2 com.sun.javafx.event.BasicEventDispatcher.dispatchEvent(Ljavafx/event/Event;Ljavafx/event/EventDispatchChain;)Ljavafx/event/Event; (44 bytes) @ 0x00007f2d8d7d06a0 [0x00007f2d8d7d0560+0x140]
J 2602 C2 com.sun.javafx.event.BasicEventDispatcher.dispatchEvent(Ljavafx/event/Event;Ljavafx/event/EventDispatchChain;)Ljavafx/event/Event; (44 bytes) @ 0x00007f2d8d7d0654 [0x00007f2d8d7d0560+0xf4]
J 2602 C2 com.sun.javafx.event.BasicEventDispatcher.dispatchEvent(Ljavafx/event/Event;Ljavafx/event/EventDispatchChain;)Ljavafx/event/Event; (44 bytes) @ 0x00007f2d8d7d0654 [0x00007f2d8d7d0560+0xf4]
J 2602 C2 com.sun.javafx.event.BasicEventDispatcher.dispatchEvent(Ljavafx/event/Event;Ljavafx/event/EventDispatchChain;)Ljavafx/event/Event; (44 bytes) @ 0x00007f2d8d7d0654 [0x00007f2d8d7d0560+0xf4]
J 2458 C2 com.sun.javafx.event.EventDispatchChainImpl.dispatchEvent(Ljavafx/event/Event;)Ljavafx/event/Event; (101 bytes) @ 0x00007f2d8d767758 [0x00007f2d8d7676a0+0xb8]
J 1833 C1 com.sun.javafx.event.EventUtil.fireEvent(Ljavafx/event/EventTarget;Ljavafx/event/Event;)Ljavafx/event/Event; (81 bytes) @ 0x00007f2d8d5641ec [0x00007f2d8d563600+0xbec]
J 1832 C1 javafx.event.Event.fireEvent(Ljavafx/event/EventTarget;Ljavafx/event/Event;)V (35 bytes) @ 0x00007f2d8d56292c [0x00007f2d8d562860+0xcc]
j  javafx.scene.Node.fireEvent(Ljavafx/event/Event;)V+86
j  javafx.scene.control.Button.fire()V+15
j  com.sun.javafx.scene.control.behavior.ButtonBehavior.mouseReleased(Ljavafx/scene/input/MouseEvent;)V+23
j  com.sun.javafx.scene.control.skin.BehaviorSkinBase$1.handle(Ljavafx/scene/input/MouseEvent;)V+83
j  com.sun.javafx.scene.control.skin.BehaviorSkinBase$1.handle(Ljavafx/event/Event;)V+5
J 2637 C2 com.sun.javafx.event.EventHandlerManager.dispatchBubblingEvent(Ljavafx/event/Event;)Ljavafx/event/Event; (23 bytes) @ 0x00007f2d8d7e9fec [0x00007f2d8d7e9c40+0x3ac]
J 2602 C2 com.sun.javafx.event.BasicEventDispatcher.dispatchEvent(Ljavafx/event/Event;Ljavafx/event/EventDispatchChain;)Ljavafx/event/Event; (44 bytes) @ 0x00007f2d8d7d06a0 [0x00007f2d8d7d0560+0x140]
J 2602 C2 com.sun.javafx.event.BasicEventDispatcher.dispatchEvent(Ljavafx/event/Event;Ljavafx/event/EventDispatchChain;)Ljavafx/event/Event; (44 bytes) @ 0x00007f2d8d7d0654 [0x00007f2d8d7d0560+0xf4]
J 2602 C2 com.sun.javafx.event.BasicEventDispatcher.dispatchEvent(Ljavafx/event/Event;Ljavafx/event/EventDispatchChain;)Ljavafx/event/Event; (44 bytes) @ 0x00007f2d8d7d0654 [0x00007f2d8d7d0560+0xf4]
J 2602 C2 com.sun.javafx.event.BasicEventDispatcher.dispatchEvent(Ljavafx/event/Event;Ljavafx/event/EventDispatchChain;)Ljavafx/event/Event; (44 bytes) @ 0x00007f2d8d7d0654 [0x00007f2d8d7d0560+0xf4]
J 2458 C2 com.sun.javafx.event.EventDispatchChainImpl.dispatchEvent(Ljavafx/event/Event;)Ljavafx/event/Event; (101 bytes) @ 0x00007f2d8d767758 [0x00007f2d8d7676a0+0xb8]
J 1833 C1 com.sun.javafx.event.EventUtil.fireEvent(Ljavafx/event/EventTarget;Ljavafx/event/Event;)Ljavafx/event/Event; (81 bytes) @ 0x00007f2d8d563d3c [0x00007f2d8d563600+0x73c]
J 1972 C1 javafx.scene.Scene$MouseHandler.process(Ljavafx/scene/input/MouseEvent;Z)V (735 bytes) @ 0x00007f2d8d5d033c [0x00007f2d8d5cd820+0x2b1c]
J 2452 C1 javafx.scene.Scene$ScenePeerListener.mouseEvent(Ljavafx/event/EventType;DDDDLjavafx/scene/input/MouseButton;ZZZZZZZZZ)V (50 bytes) @ 0x00007f2d8d764674 [0x00007f2d8d7643a0+0x2d4]
J 2447 C1 com.sun.javafx.tk.quantum.GlassViewEventHandler$MouseEventNotification.run()Ljava/lang/Void; (567 bytes) @ 0x00007f2d8d76261c [0x00007f2d8d761840+0xddc]
J 2446 C1 com.sun.javafx.tk.quantum.GlassViewEventHandler$MouseEventNotification.run()Ljava/lang/Object; (5 bytes) @ 0x00007f2d8d75e94c [0x00007f2d8d75e8c0+0x8c]
v  ~StubRoutines::call_stub
J 1761  java.security.AccessController.doPrivileged(Ljava/security/PrivilegedAction;Ljava/security/AccessControlContext;)Ljava/lang/Object; (0 bytes) @ 0x00007f2d8d533e63 [0x00007f2d8d533e00+0x63]
J 2337 C1 com.sun.javafx.tk.quantum.GlassViewEventHandler$$Lambda$195.get()Ljava/lang/Object; (8 bytes) @ 0x00007f2d8d71f7a4 [0x00007f2d8d71f5c0+0x1e4]
J 1991 C1 com.sun.javafx.tk.quantum.QuantumToolkit.runWithoutRenderLock(Ljava/util/function/Supplier;)Ljava/lang/Object; (49 bytes) @ 0x00007f2d8d5df0f4 [0x00007f2d8d5debc0+0x534]
J 2334 C1 com.sun.javafx.tk.quantum.GlassViewEventHandler.handleMouseEvent(Lcom/sun/glass/ui/View;JIIIIIIIZZ)V (108 bytes) @ 0x00007f2d8d71c9a4 [0x00007f2d8d71c580+0x424]
J 2000 C1 com.sun.glass.ui.View.notifyMouse(IIIIIIIZZ)V (221 bytes) @ 0x00007f2d8d5e5d3c [0x00007f2d8d5e4c60+0x10dc]
v  ~StubRoutines::call_stub
j  com.sun.glass.ui.gtk.GtkApplication._runLoop(Ljava/lang/Runnable;Z)V+0
j  com.sun.glass.ui.gtk.GtkApplication.lambda$null$5(Ljava/lang/Runnable;Z)V+7
j  com.sun.glass.ui.gtk.GtkApplication$$Lambda$41.run()V+12
j  java.lang.Thread.run()V+11
v  ~StubRoutines::call_stub

---------------  P R O C E S S  ---------------

Java Threads: ( => current thread )
  0x00007f2d141f3000 JavaThread "Prism Font Disposer" daemon [_thread_blocked, id=25413, stack(0x00007f2d22c96000,0x00007f2d22d97000)]
  0x00007f2d9c2bc800 JavaThread "JavaFX-Launcher" [_thread_blocked, id=25412, stack(0x00007f2d233a1000,0x00007f2d234a2000)]
=>0x00007f2d9c2b4000 JavaThread "JavaFX Application Thread" [_thread_in_vm, id=25411, stack(0x00007f2d234a2000,0x00007f2d235a3000)]
  0x00007f2d9c2b0000 JavaThread "Thread-1" daemon [_thread_blocked, id=25410, stack(0x00007f2d6c029000,0x00007f2d6c12a000)]
  0x00007f2d9c1df000 JavaThread "QuantumRenderer-0" daemon [_thread_blocked, id=25404, stack(0x00007f2d850c7000,0x00007f2d851c8000)]
  0x00007f2d9c0d2000 JavaThread "Service Thread" daemon [_thread_blocked, id=25402, stack(0x00007f2d8535f000,0x00007f2d85460000)]
  0x00007f2d9c0c7000 JavaThread "C1 CompilerThread3" daemon [_thread_blocked, id=25401, stack(0x00007f2d85460000,0x00007f2d85561000)]
  0x00007f2d9c0c4800 JavaThread "C2 CompilerThread2" daemon [_thread_blocked, id=25400, stack(0x00007f2d85561000,0x00007f2d85662000)]
  0x00007f2d9c0c3000 JavaThread "C2 CompilerThread1" daemon [_thread_blocked, id=25399, stack(0x00007f2d85662000,0x00007f2d85763000)]
  0x00007f2d9c0c0000 JavaThread "C2 CompilerThread0" daemon [_thread_blocked, id=25398, stack(0x00007f2d85763000,0x00007f2d85864000)]
  0x00007f2d9c0be800 JavaThread "Signal Dispatcher" daemon [_thread_blocked, id=25397, stack(0x00007f2d85864000,0x00007f2d85965000)]
  0x00007f2d9c08b800 JavaThread "Finalizer" daemon [_thread_blocked, id=25396, stack(0x00007f2d85afd000,0x00007f2d85bfe000)]
  0x00007f2d9c087000 JavaThread "Reference Handler" daemon [_thread_blocked, id=25395, stack(0x00007f2d85bfe000,0x00007f2d85cff000)]
  0x00007f2d9c009800 JavaThread "main" [_thread_blocked, id=25384, stack(0x00007f2da44fa000,0x00007f2da45fb000)]

Other Threads:
  0x00007f2d9c07f800 VMThread [stack: 0x00007f2d85cff000,0x00007f2d85e00000] [id=25394]
  0x00007f2d9c0d4800 WatcherThread [stack: 0x00007f2d8525e000,0x00007f2d8535f000] [id=25403]

VM state:not at safepoint (normal execution)

VM Mutex/Monitor currently owned by a thread: None

Heap:
 PSYoungGen      total 74752K, used 59169K [0x000000076cb00000, 0x0000000771e00000, 0x00000007c0000000)
  eden space 64512K, 91% used [0x000000076cb00000,0x00000007704c8470,0x0000000770a00000)
  from space 10240K, 0% used [0x0000000771400000,0x0000000771400000,0x0000000771e00000)
  to   space 10240K, 0% used [0x0000000770a00000,0x0000000770a00000,0x0000000771400000)
 ParOldGen       total 171008K, used 0K [0x00000006c6000000, 0x00000006d0700000, 0x000000076cb00000)
  object space 171008K, 0% used [0x00000006c6000000,0x00000006c6000000,0x00000006d0700000)
 Metaspace       used 18031K, capacity 19234K, committed 19456K, reserved 1067008K
  class space    used 2510K, capacity 2744K, committed 2816K, reserved 1048576K

Card table byte_map: [0x00007f2da09f9000,0x00007f2da11ca000] byte_map_base: 0x00007f2d9d3c9000

Marking Bits: (ParMarkBitMap*) 0x00007f2da3824260
 Begin Bits: [0x00007f2d50300000, 0x00007f2d54180000)
 End Bits:   [0x00007f2d54180000, 0x00007f2d58000000)

Polling page: 0x00007f2da464b000

CodeCache: size=245760Kb used=8639Kb max_used=8639Kb free=237120Kb
 bounds [0x00007f2d8d000000, 0x00007f2d8d880000, 0x00007f2d9c000000]
 total_blobs=3464 nmethods=2815 adapters=561
 compilation: enabled

Compilation events (10 events):
Event: 18.660 Thread 0x00007f2d9c0c7000 nmethod 2810 0x00007f2d8d86f2d0 code [0x00007f2d8d86f780, 0x00007f2d8d8719e8]
Event: 18.660 Thread 0x00007f2d9c0c7000 2812       3       com.sun.prism.es2.GLDrawable::getNativeDrawableInfo (5 bytes)
Event: 18.660 Thread 0x00007f2d9c0c7000 nmethod 2812 0x00007f2d8d86b590 code [0x00007f2d8d86b6e0, 0x00007f2d8d86b830]
Event: 18.660 Thread 0x00007f2d9c0c7000 2811       1       com.sun.prism.impl.shape.MaskData::getMaskBuffer (5 bytes)
Event: 18.660 Thread 0x00007f2d9c0c7000 nmethod 2811 0x00007f2d8d86b2d0 code [0x00007f2d8d86b420, 0x00007f2d8d86b530]
Event: 18.728 Thread 0x00007f2d9c0c7000 2813       3       javafx.scene.input.KeyEvent::getEventType (5 bytes)
Event: 18.728 Thread 0x00007f2d9c0c7000 nmethod 2813 0x00007f2d8d86aed0 code [0x00007f2d8d86b040, 0x00007f2d8d86b210]
Event: 19.163 Thread 0x00007f2d9c0c7000 2814       3       com.sun.prism.impl.ps.BaseShaderContext::validateLCDOp (62 bytes)
Event: 19.164 Thread 0x00007f2d9c0c7000 nmethod 2814 0x00007f2d8d872b10 code [0x00007f2d8d872ce0, 0x00007f2d8d873138]
Event: 19.225 Thread 0x00007f2d9c0c7000 2815       3       javafx.scene.Parent::scenesChanged (173 bytes)

GC Heap History (0 events):
No events

Deoptimization events (10 events):
Event: 4.296 Thread 0x00007f2d9c1df000 Uncommon trap: reason=unstable_if action=reinterpret pc=0x00007f2d8d50be88 method=com.sun.openpisces.Renderer.produceAlphas(Lcom/sun/openpisces/AlphaConsumer;)V @ 326
Event: 4.882 Thread 0x00007f2d9c2b4000 Uncommon trap: reason=unstable_if action=reinterpret pc=0x00007f2d8d5e8850 method=javafx.scene.Node.impl_pickNode(Lcom/sun/javafx/geom/PickRay;Lcom/sun/javafx/scene/input/PickResultChooser;)V @ 18
Event: 6.770 Thread 0x00007f2d9c2b4000 Uncommon trap: reason=unstable_if action=reinterpret pc=0x00007f2d8d712504 method=javafx.scene.Node.updateBounds()V @ 47
Event: 7.125 Thread 0x00007f2d9c2b4000 Uncommon trap: reason=unstable_if action=reinterpret pc=0x00007f2d8d2e1a24 method=java.lang.CharacterDataLatin1.toUpperCase(I)I @ 12
Event: 16.612 Thread 0x00007f2d9c2b4000 Uncommon trap: reason=unstable_if action=reinterpret pc=0x00007f2d8d328ef0 method=java.io.ByteArrayInputStream.read()I @ 8
Event: 16.612 Thread 0x00007f2d9c2b4000 Uncommon trap: reason=class_check action=maybe_recompile pc=0x00007f2d8d3a1594 method=java.io.FilterInputStream.read()I @ 4
Event: 16.612 Thread 0x00007f2d9c2b4000 Uncommon trap: reason=class_check action=maybe_recompile pc=0x00007f2d8d3a1594 method=java.io.FilterInputStream.read()I @ 4
Event: 16.612 Thread 0x00007f2d9c2b4000 Uncommon trap: reason=class_check action=maybe_recompile pc=0x00007f2d8d3a1594 method=java.io.FilterInputStream.read()I @ 4
Event: 16.612 Thread 0x00007f2d9c2b4000 Uncommon trap: reason=class_check action=maybe_recompile pc=0x00007f2d8d3a1594 method=java.io.FilterInputStream.read()I @ 4
Event: 16.616 Thread 0x00007f2d9c2b4000 Uncommon trap: reason=unstable_if action=reinterpret pc=0x00007f2d8d6e6268 method=com.sun.javafx.css.ParsedValueImpl.containsFontRelativeSize(Ljavafx/css/ParsedValue;Z)Z @ 56

Internal exceptions (10 events):
Event: 0.073 Thread 0x00007f2d9c009800 Exception <a 'java/security/PrivilegedActionException'> (0x000000076ce551c8) thrown at [/build/java8-openjdk/src/jdk8u-jdk8u121-b13/hotspot/src/share/vm/prims/jvm.cpp, line 1390]
Event: 0.073 Thread 0x00007f2d9c009800 Exception <a 'java/security/PrivilegedActionException'> (0x000000076ce553d8) thrown at [/build/java8-openjdk/src/jdk8u-jdk8u121-b13/hotspot/src/share/vm/prims/jvm.cpp, line 1390]
Event: 0.073 Thread 0x00007f2d9c009800 Exception <a 'java/security/PrivilegedActionException'> (0x000000076ce57278) thrown at [/build/java8-openjdk/src/jdk8u-jdk8u121-b13/hotspot/src/share/vm/prims/jvm.cpp, line 1390]
Event: 0.073 Thread 0x00007f2d9c009800 Exception <a 'java/security/PrivilegedActionException'> (0x000000076ce57488) thrown at [/build/java8-openjdk/src/jdk8u-jdk8u121-b13/hotspot/src/share/vm/prims/jvm.cpp, line 1390]
Event: 0.074 Thread 0x00007f2d9c009800 Exception <a 'java/security/PrivilegedActionException'> (0x000000076ce57ee8) thrown at [/build/java8-openjdk/src/jdk8u-jdk8u121-b13/hotspot/src/share/vm/prims/jvm.cpp, line 1390]
Event: 0.074 Thread 0x00007f2d9c009800 Exception <a 'java/security/PrivilegedActionException'> (0x000000076ce580f8) thrown at [/build/java8-openjdk/src/jdk8u-jdk8u121-b13/hotspot/src/share/vm/prims/jvm.cpp, line 1390]
Event: 0.074 Thread 0x00007f2d9c009800 Exception <a 'java/lang/NullPointerException'> (0x000000076ce586d0) thrown at [/build/java8-openjdk/src/jdk8u-jdk8u121-b13/hotspot/src/share/vm/interpreter/linkResolver.cpp, line 1178]
Event: 0.207 Thread 0x00007f2d9c2b4000 Exception <a 'java/lang/NullPointerException'> (0x000000076da8f6d8) thrown at [/build/java8-openjdk/src/jdk8u-jdk8u121-b13/hotspot/src/share/vm/interpreter/linkResolver.cpp, line 1178]
Event: 0.207 Thread 0x00007f2d9c2b4000 Exception <a 'java/lang/NullPointerException'> (0x000000076da8f6d8) thrown at [/build/java8-openjdk/src/jdk8u-jdk8u121-b13/hotspot/src/share/vm/prims/jvm.cpp, line 1394]
Event: 0.300 Thread 0x00007f2d9c2b4000 Implicit null exception at 0x00007f2d8d25bb13 to 0x00007f2d8d25be81

Events (10 events):
Event: 16.653 loading class com/sun/prism/image/CompoundImage
Event: 16.653 loading class com/sun/prism/image/CompoundImage done
Event: 16.653 loading class com/sun/prism/image/CachingCompoundImage
Event: 16.653 loading class com/sun/prism/image/CachingCompoundImage done
Event: 16.658 Executing VM operation: RevokeBias
Event: 16.658 Executing VM operation: RevokeBias done
Event: 18.411 loading class com/sun/javafx/geometry/BoundsUtils
Event: 18.411 loading class com/sun/javafx/geometry/BoundsUtils done
Event: 19.224 loading class javafx/scene/input/KeyCombination$2
Event: 19.224 loading class javafx/scene/input/KeyCombination$2 done


Dynamic libraries:
00400000-00401000 r-xp 00000000 08:02 12714329                           /usr/lib/jvm/java-8-openjdk/jre/bin/java
00600000-00601000 r--p 00000000 08:02 12714329                           /usr/lib/jvm/java-8-openjdk/jre/bin/java
00601000-00602000 rw-p 00001000 08:02 12714329                           /usr/lib/jvm/java-8-openjdk/jre/bin/java
0207c000-0209d000 rw-p 00000000 00:00 0                                  [heap]
6c6000000-6d0700000 rw-p 00000000 00:00 0 
6d0700000-76cb00000 ---p 00000000 00:00 0 
76cb00000-771e00000 rw-p 00000000 00:00 0 
771e00000-7c0000000 ---p 00000000 00:00 0 
7c0000000-7c02c0000 rw-p 00000000 00:00 0 
7c02c0000-800000000 ---p 00000000 00:00 0 
7f2cebc00000-7f2cebd00000 rw-s 164f45000 00:06 12294                     /dev/dri/renderD128
7f2cebd00000-7f2cebe00000 rw-s 164e45000 00:06 12294                     /dev/dri/renderD128
7f2cebe00000-7f2cec000000 rw-p 00000000 00:00 0 
7f2cec000000-7f2cec19e000 rw-p 00000000 00:00 0 
7f2cec19e000-7f2cf0000000 ---p 00000000 00:00 0 
7f2cf0000000-7f2cf0162000 rw-p 00000000 00:00 0 
7f2cf0162000-7f2cf4000000 ---p 00000000 00:00 0 
7f2cf4000000-7f2cf4166000 rw-p 00000000 00:00 0 
7f2cf4166000-7f2cf8000000 ---p 00000000 00:00 0 
7f2cf8000000-7f2cf81a6000 rw-p 00000000 00:00 0 
7f2cf81a6000-7f2cfc000000 ---p 00000000 00:00 0 
7f2cfc000000-7f2d00000000 rw-s 00000000 00:05 1602157                    /memfd:pulseaudio (deleted)
7f2d00000000-7f2d04000000 rw-s 00000000 00:05 12141                      /memfd:pulseaudio (deleted)
7f2d04000000-7f2d08000000 rw-s 00000000 00:05 1602799                    /memfd:pulseaudio (deleted)
7f2d08000000-7f2d08021000 rw-p 00000000 00:00 0 
7f2d08021000-7f2d0c000000 ---p 00000000 00:00 0 
7f2d0c000000-7f2d0c021000 rw-p 00000000 00:00 0 
7f2d0c021000-7f2d10000000 ---p 00000000 00:00 0 
7f2d10000000-7f2d14000000 rw-s 00000000 00:05 1602799                    /memfd:pulseaudio (deleted)
7f2d14000000-7f2d14511000 rw-p 00000000 00:00 0 
7f2d14511000-7f2d18000000 ---p 00000000 00:00 0 
7f2d18000000-7f2d18021000 rw-p 00000000 00:00 0 
7f2d18021000-7f2d1c000000 ---p 00000000 00:00 0 
7f2d1c000000-7f2d1c021000 rw-p 00000000 00:00 0 
7f2d1c021000-7f2d20000000 ---p 00000000 00:00 0 
7f2d2005c000-7f2d2009c000 rw-p 00000000 00:00 0 
7f2d2009c000-7f2d2025c000 ---p 00000000 00:00 0 
7f2d2025c000-7f2d2025d000 ---p 00000000 00:00 0 
7f2d2025d000-7f2d20a5d000 rw-p 00000000 00:00 0 
7f2d20a5d000-7f2d20aee000 r-xp 00000000 08:02 12478699                   /usr/lib/libvorbisenc.so.2.0.11
7f2d20aee000-7f2d20ced000 ---p 00091000 08:02 12478699                   /usr/lib/libvorbisenc.so.2.0.11
7f2d20ced000-7f2d20d0f000 r--p 00090000 08:02 12478699                   /usr/lib/libvorbisenc.so.2.0.11
7f2d20d0f000-7f2d20d10000 rw-p 000b2000 08:02 12478699                   /usr/lib/libvorbisenc.so.2.0.11
7f2d20d10000-7f2d20d86000 r-xp 00000000 08:02 12478688                   /usr/lib/libFLAC.so.8.3.0
7f2d20d86000-7f2d20f86000 ---p 00076000 08:02 12478688                   /usr/lib/libFLAC.so.8.3.0
7f2d20f86000-7f2d20f87000 r--p 00076000 08:02 12478688                   /usr/lib/libFLAC.so.8.3.0
7f2d20f87000-7f2d20f88000 rw-p 00077000 08:02 12478688                   /usr/lib/libFLAC.so.8.3.0
7f2d20f88000-7f2d20f9c000 r-xp 00000000 08:02 12521925                   /usr/lib/libgpg-error.so.0.22.0
7f2d20f9c000-7f2d2119b000 ---p 00014000 08:02 12521925                   /usr/lib/libgpg-error.so.0.22.0
7f2d2119b000-7f2d2119c000 r--p 00013000 08:02 12521925                   /usr/lib/libgpg-error.so.0.22.0
7f2d2119c000-7f2d2119d000 rw-p 00014000 08:02 12521925                   /usr/lib/libgpg-error.so.0.22.0
7f2d2119d000-7f2d212a4000 r-xp 00000000 08:02 12500245                   /usr/lib/libgcrypt.so.20.1.6
7f2d212a4000-7f2d214a3000 ---p 00107000 08:02 12500245                   /usr/lib/libgcrypt.so.20.1.6
7f2d214a3000-7f2d214a5000 r--p 00106000 08:02 12500245                   /usr/lib/libgcrypt.so.20.1.6
7f2d214a5000-7f2d214ac000 rw-p 00108000 08:02 12500245                   /usr/lib/libgcrypt.so.20.1.6
7f2d214ac000-7f2d214bf000 r-xp 00000000 08:02 12492007                   /usr/lib/liblz4.so.1.7.5
7f2d214bf000-7f2d216be000 ---p 00013000 08:02 12492007                   /usr/lib/liblz4.so.1.7.5
7f2d216be000-7f2d216bf000 r--p 00012000 08:02 12492007                   /usr/lib/liblz4.so.1.7.5
7f2d216bf000-7f2d216c0000 rw-p 00013000 08:02 12492007                   /usr/lib/liblz4.so.1.7.5
7f2d216c0000-7f2d216e5000 r-xp 00000000 08:02 12463061                   /usr/lib/liblzma.so.5.2.3
7f2d216e5000-7f2d218e4000 ---p 00025000 08:02 12463061                   /usr/lib/liblzma.so.5.2.3
7f2d218e4000-7f2d218e5000 r--p 00024000 08:02 12463061                   /usr/lib/liblzma.so.5.2.3
7f2d218e5000-7f2d218e6000 rw-p 00025000 08:02 12463061                   /usr/lib/liblzma.so.5.2.3
7f2d218e6000-7f2d218ea000 r-xp 00000000 08:02 12458225                   /usr/lib/libcap.so.2.25
7f2d218ea000-7f2d21ae9000 ---p 00004000 08:02 12458225                   /usr/lib/libcap.so.2.25
7f2d21ae9000-7f2d21aea000 rw-p 00003000 08:02 12458225                   /usr/lib/libcap.so.2.25
7f2d21aea000-7f2d21aef000 r-xp 00000000 08:02 12479059                   /usr/lib/libasyncns.so.0.3.1
7f2d21aef000-7f2d21cee000 ---p 00005000 08:02 12479059                   /usr/lib/libasyncns.so.0.3.1
7f2d21cee000-7f2d21cef000 r--p 00004000 08:02 12479059                   /usr/lib/libasyncns.so.0.3.1
7f2d21cef000-7f2d21cf0000 rw-p 00005000 08:02 12479059                   /usr/lib/libasyncns.so.0.3.1
7f2d21cf0000-7f2d21d63000 r-xp 00000000 08:02 12478720                   /usr/lib/libsndfile.so.1.0.27
7f2d21d63000-7f2d21f63000 ---p 00073000 08:02 12478720                   /usr/lib/libsndfile.so.1.0.27
7f2d21f63000-7f2d21f65000 r--p 00073000 08:02 12478720                   /usr/lib/libsndfile.so.1.0.27
7f2d21f65000-7f2d21f66000 rw-p 00075000 08:02 12478720                   /usr/lib/libsndfile.so.1.0.27
7f2d21f66000-7f2d21f68000 rw-p 00000000 00:00 0 
7f2d21f68000-7f2d21fb6000 r-xp 00000000 08:02 12454568                   /usr/lib/libdbus-1.so.3.14.10
7f2d21fb6000-7f2d221b5000 ---p 0004e000 08:02 12454568                   /usr/lib/libdbus-1.so.3.14.10
7f2d221b5000-7f2d221b6000 r--p 0004d000 08:02 12454568                   /usr/lib/libdbus-1.so.3.14.10
7f2d221b6000-7f2d221b7000 rw-p 0004e000 08:02 12454568                   /usr/lib/libdbus-1.so.3.14.10
7f2d221b7000-7f2d221b8000 rw-p 00000000 00:00 0 
7f2d221b8000-7f2d2223a000 r-xp 00000000 08:02 13371478                   /usr/lib/pulseaudio/libpulsecommon-10.0.so
7f2d2223a000-7f2d2243a000 ---p 00082000 08:02 13371478                   /usr/lib/pulseaudio/libpulsecommon-10.0.so
7f2d2243a000-7f2d2243b000 r--p 00082000 08:02 13371478                   /usr/lib/pulseaudio/libpulsecommon-10.0.so
7f2d2243b000-7f2d2243d000 rw-p 00083000 08:02 13371478                   /usr/lib/pulseaudio/libpulsecommon-10.0.so
7f2d2243d000-7f2d2248d000 r-xp 00000000 08:02 12479071                   /usr/lib/libpulse.so.0.20.1
7f2d2248d000-7f2d2268c000 ---p 00050000 08:02 12479071                   /usr/lib/libpulse.so.0.20.1
7f2d2268c000-7f2d2268d000 r--p 0004f000 08:02 12479071                   /usr/lib/libpulse.so.0.20.1
7f2d2268d000-7f2d2268e000 rw-p 00050000 08:02 12479071                   /usr/lib/libpulse.so.0.20.1
7f2d2268e000-7f2d22695000 r-xp 00000000 08:02 13116031                   /usr/lib/libcanberra-0.30/libcanberra-pulse.so
7f2d22695000-7f2d22894000 ---p 00007000 08:02 13116031                   /usr/lib/libcanberra-0.30/libcanberra-pulse.so
7f2d22894000-7f2d22895000 r--p 00006000 08:02 13116031                   /usr/lib/libcanberra-0.30/libcanberra-pulse.so
7f2d22895000-7f2d22896000 rw-p 00007000 08:02 13116031                   /usr/lib/libcanberra-0.30/libcanberra-pulse.so
7f2d22896000-7f2d22a96000 rw-p 00000000 00:00 0 
7f2d22a96000-7f2d22c96000 rw-p 00000000 00:00 0 
7f2d22c96000-7f2d22c99000 ---p 00000000 00:00 0 
7f2d22c99000-7f2d22d97000 rw-p 00000000 00:00 0 
7f2d22d97000-7f2d22d9c000 r-xp 00000000 08:02 12722162                   /usr/lib/jvm/java-8-openjdk/jre/lib/amd64/libjavafx_font_freetype.so
7f2d22d9c000-7f2d22f9b000 ---p 00005000 08:02 12722162                   /usr/lib/jvm/java-8-openjdk/jre/lib/amd64/libjavafx_font_freetype.so
7f2d22f9b000-7f2d22f9c000 r--p 00004000 08:02 12722162                   /usr/lib/jvm/java-8-openjdk/jre/lib/amd64/libjavafx_font_freetype.so
7f2d22f9c000-7f2d22f9d000 rw-p 00005000 08:02 12722162                   /usr/lib/jvm/java-8-openjdk/jre/lib/amd64/libjavafx_font_freetype.so
7f2d22f9d000-7f2d22fa0000 r-xp 00000000 08:02 12722161                   /usr/lib/jvm/java-8-openjdk/jre/lib/amd64/libjavafx_font.so
7f2d22fa0000-7f2d2319f000 ---p 00003000 08:02 12722161                   /usr/lib/jvm/java-8-openjdk/jre/lib/amd64/libjavafx_font.so
7f2d2319f000-7f2d231a0000 r--p 00002000 08:02 12722161                   /usr/lib/jvm/java-8-openjdk/jre/lib/amd64/libjavafx_font.so
7f2d231a0000-7f2d231a1000 rw-p 00003000 08:02 12722161                   /usr/lib/jvm/java-8-openjdk/jre/lib/amd64/libjavafx_font.so
7f2d231a1000-7f2d233a1000 rw-p 00000000 00:00 0 
7f2d233a1000-7f2d233a4000 ---p 00000000 00:00 0 
7f2d233a4000-7f2d234a2000 rw-p 00000000 00:00 0 
7f2d234a2000-7f2d234a5000 ---p 00000000 00:00 0 
7f2d234a5000-7f2d235a3000 rw-p 00000000 00:00 0 
7f2d235a3000-7f2d235a9000 r-xp 00000000 08:02 12478684                   /usr/lib/libogg.so.0.8.2
7f2d235a9000-7f2d237a8000 ---p 00006000 08:02 12478684                   /usr/lib/libogg.so.0.8.2
7f2d237a8000-7f2d237a9000 r--p 00005000 08:02 12478684                   /usr/lib/libogg.so.0.8.2
7f2d237a9000-7f2d237aa000 rw-p 00006000 08:02 12478684                   /usr/lib/libogg.so.0.8.2
7f2d237aa000-7f2d237d5000 r-xp 00000000 08:02 12478702                   /usr/lib/libvorbis.so.0.4.8
7f2d237d5000-7f2d239d5000 ---p 0002b000 08:02 12478702                   /usr/lib/libvorbis.so.0.4.8
7f2d239d5000-7f2d239d6000 r--p 0002b000 08:02 12478702                   /usr/lib/libvorbis.so.0.4.8
7f2d239d6000-7f2d239d7000 rw-p 0002c000 08:02 12478702                   /usr/lib/libvorbis.so.0.4.8
7f2d239d7000-7f2d239e0000 r-xp 00000000 08:02 12472170                   /usr/lib/libltdl.so.7.3.1
7f2d239e0000-7f2d23bdf000 ---p 00009000 08:02 12472170                   /usr/lib/libltdl.so.7.3.1
7f2d23bdf000-7f2d23be0000 r--p 00008000 08:02 12472170                   /usr/lib/libltdl.so.7.3.1
7f2d23be0000-7f2d23be1000 rw-p 00009000 08:02 12472170                   /usr/lib/libltdl.so.7.3.1
7f2d23be1000-7f2d23bf6000 r-xp 00000000 08:02 12479210                   /usr/lib/libtdb.so.1.3.12
7f2d23bf6000-7f2d23df5000 ---p 00015000 08:02 12479210                   /usr/lib/libtdb.so.1.3.12
7f2d23df5000-7f2d23df6000 r--p 00014000 08:02 12479210                   /usr/lib/libtdb.so.1.3.12
7f2d23df6000-7f2d23df7000 rw-p 00015000 08:02 12479210                   /usr/lib/libtdb.so.1.3.12
7f2d23df7000-7f2d23dff000 r-xp 00000000 08:02 12478706                   /usr/lib/libvorbisfile.so.3.3.7
7f2d23dff000-7f2d23ffe000 ---p 00008000 08:02 12478706                   /usr/lib/libvorbisfile.so.3.3.7
7f2d23ffe000-7f2d23fff000 r--p 00007000 08:02 12478706                   /usr/lib/libvorbisfile.so.3.3.7
7f2d23fff000-7f2d24000000 rw-p 00008000 08:02 12478706                   /usr/lib/libvorbisfile.so.3.3.7
7f2d24000000-7f2d24021000 rw-p 00000000 00:00 0 
7f2d24021000-7f2d28000000 ---p 00000000 00:00 0 
7f2d28000000-7f2d28860000 rw-p 00000000 00:00 0 
7f2d28860000-7f2d2c000000 ---p 00000000 00:00 0 
7f2d2c000000-7f2d2c306000 rw-p 00000000 00:00 0 
7f2d2c306000-7f2d30000000 ---p 00000000 00:00 0 
7f2d30000000-7f2d30021000 rw-p 00000000 00:00 0 
7f2d30021000-7f2d34000000 ---p 00000000 00:00 0 
7f2d34000000-7f2d34457000 rw-p 00000000 00:00 0 
7f2d34457000-7f2d38000000 ---p 00000000 00:00 0 
7f2d38000000-7f2d383a7000 rw-p 00000000 00:00 0 
7f2d383a7000-7f2d3c000000 ---p 00000000 00:00 0 
7f2d3c000000-7f2d3c021000 rw-p 00000000 00:00 0 
7f2d3c021000-7f2d40000000 ---p 00000000 00:00 0 
7f2d40000000-7f2d40232000 rw-p 00000000 00:00 0 
7f2d40232000-7f2d44000000 ---p 00000000 00:00 0 
7f2d44000000-7f2d44021000 rw-p 00000000 00:00 0 
7f2d44021000-7f2d48000000 ---p 00000000 00:00 0 
7f2d48000000-7f2d48021000 rw-p 00000000 00:00 0 
7f2d48021000-7f2d4c000000 ---p 00000000 00:00 0 
7f2d4c000000-7f2d4c021000 rw-p 00000000 00:00 0 
7f2d4c021000-7f2d50000000 ---p 00000000 00:00 0 
7f2d50065000-7f2d500e9000 r-xp 00000000 08:02 12551929                   /usr/lib/libsystemd.so.0.17.0
7f2d500e9000-7f2d500ec000 r--p 00083000 08:02 12551929                   /usr/lib/libsystemd.so.0.17.0
7f2d500ec000-7f2d500ed000 rw-p 00086000 08:02 12551929                   /usr/lib/libsystemd.so.0.17.0
7f2d500ed000-7f2d500ee000 rw-p 00000000 00:00 0 
7f2d500ee000-7f2d500ff000 r-xp 00000000 08:02 12489347                   /usr/lib/libcanberra.so.0.2.5
7f2d500ff000-7f2d502fe000 ---p 00011000 08:02 12489347                   /usr/lib/libcanberra.so.0.2.5
7f2d502fe000-7f2d502ff000 r--p 00010000 08:02 12489347                   /usr/lib/libcanberra.so.0.2.5
7f2d502ff000-7f2d50300000 rw-p 00011000 08:02 12489347                   /usr/lib/libcanberra.so.0.2.5
7f2d50300000-7f2d58000000 rw-p 00000000 00:00 0 
7f2d58000000-7f2d58021000 rw-p 00000000 00:00 0 
7f2d58021000-7f2d5c000000 ---p 00000000 00:00 0 
7f2d5c000000-7f2d5c021000 rw-p 00000000 00:00 0 
7f2d5c021000-7f2d60000000 ---p 00000000 00:00 0 
7f2d60000000-7f2d60021000 rw-p 00000000 00:00 0 
7f2d60021000-7f2d64000000 ---p 00000000 00:00 0 
7f2d640d0000-7f2d640d1000 ---p 00000000 00:00 0 
7f2d640d1000-7f2d648d1000 rw-p 00000000 00:00 0 
7f2d648d1000-7f2d648d2000 ---p 00000000 00:00 0 
7f2d648d2000-7f2d650d2000 rw-p 00000000 00:00 0 
7f2d650d2000-7f2d67ab1000 r-xp 00000000 08:02 12469210                   /usr/lib/libLLVM-3.9.so
7f2d67ab1000-7f2d67cb0000 ---p 029df000 08:02 12469210                   /usr/lib/libLLVM-3.9.so
7f2d67cb0000-7f2d67f9f000 r--p 029de000 08:02 12469210                   /usr/lib/libLLVM-3.9.so
7f2d67f9f000-7f2d67fbc000 rw-p 02ccd000 08:02 12469210                   /usr/lib/libLLVM-3.9.so
7f2d67fbc000-7f2d68000000 rw-p 00000000 00:00 0 
7f2d68000000-7f2d68021000 rw-p 00000000 00:00 0 
7f2d68021000-7f2d6c000000 ---p 00000000 00:00 0 
7f2d6c029000-7f2d6c02c000 ---p 00000000 00:00 0 
7f2d6c02c000-7f2d6c12a000 rw-p 00000000 00:00 0 
7f2d6c12a000-7f2d6c12e000 r-xp 00000000 08:02 12489349                   /usr/lib/libcanberra-gtk.so.0.1.9
7f2d6c12e000-7f2d6c32d000 ---p 00004000 08:02 12489349                   /usr/lib/libcanberra-gtk.so.0.1.9
7f2d6c32d000-7f2d6c32e000 r--p 00003000 08:02 12489349                   /usr/lib/libcanberra-gtk.so.0.1.9
7f2d6c32e000-7f2d6c32f000 rw-p 00004000 08:02 12489349                   /usr/lib/libcanberra-gtk.so.0.1.9
7f2d6c32f000-7f2d6c334000 r-xp 00000000 08:02 12593507                   /usr/lib/gtk-2.0/modules/libcanberra-gtk-module.so
7f2d6c334000-7f2d6c533000 ---p 00005000 08:02 12593507                   /usr/lib/gtk-2.0/modules/libcanberra-gtk-module.so
7f2d6c533000-7f2d6c534000 r--p 00004000 08:02 12593507                   /usr/lib/gtk-2.0/modules/libcanberra-gtk-module.so
7f2d6c534000-7f2d6c535000 rw-p 00005000 08:02 12593507                   /usr/lib/gtk-2.0/modules/libcanberra-gtk-module.so
7f2d6c535000-7f2d6c55e000 r-xp 00000000 08:02 12722159                   /usr/lib/jvm/java-8-openjdk/jre/lib/amd64/libglass.so
7f2d6c55e000-7f2d6c75e000 ---p 00029000 08:02 12722159                   /usr/lib/jvm/java-8-openjdk/jre/lib/amd64/libglass.so
7f2d6c75e000-7f2d6c75f000 r--p 00029000 08:02 12722159                   /usr/lib/jvm/java-8-openjdk/jre/lib/amd64/libglass.so
7f2d6c75f000-7f2d6c760000 rw-p 0002a000 08:02 12722159                   /usr/lib/jvm/java-8-openjdk/jre/lib/amd64/libglass.so
7f2d6c760000-7f2d6c761000 rw-p 00000000 00:00 0 
7f2d6c761000-7f2d6c762000 ---p 00000000 00:00 0 
7f2d6c762000-7f2d6cf62000 rw-p 00000000 00:00 0 
7f2d6cf62000-7f2d6cf63000 ---p 00000000 00:00 0 
7f2d6cf63000-7f2d6d763000 rw-p 00000000 00:00 0 
7f2d6d763000-7f2d6d767000 r-xp 00000000 08:02 12476402                   /usr/lib/libtxc_dxtn.so
7f2d6d767000-7f2d6d966000 ---p 00004000 08:02 12476402                   /usr/lib/libtxc_dxtn.so
7f2d6d966000-7f2d6d967000 r--p 00003000 08:02 12476402                   /usr/lib/libtxc_dxtn.so
7f2d6d967000-7f2d6d968000 rw-p 00004000 08:02 12476402                   /usr/lib/libtxc_dxtn.so
7f2d6d968000-7f2d6d969000 ---p 00000000 00:00 0 
7f2d6d969000-7f2d6e169000 rw-p 00000000 00:00 0 
7f2d6e169000-7f2d6e1d0000 r-xp 00000000 08:02 12491583                   /usr/lib/libncursesw.so.6.0
7f2d6e1d0000-7f2d6e3cf000 ---p 00067000 08:02 12491583                   /usr/lib/libncursesw.so.6.0
7f2d6e3cf000-7f2d6e3d3000 r--p 00066000 08:02 12491583                   /usr/lib/libncursesw.so.6.0
7f2d6e3d3000-7f2d6e3d5000 rw-p 0006a000 08:02 12491583                   /usr/lib/libncursesw.so.6.0
7f2d6e3d5000-7f2d6e406000 r-xp 00000000 08:02 12500208                   /usr/lib/libedit.so.0.0.55
7f2d6e406000-7f2d6e606000 ---p 00031000 08:02 12500208                   /usr/lib/libedit.so.0.0.55
7f2d6e606000-7f2d6e608000 r--p 00031000 08:02 12500208                   /usr/lib/libedit.so.0.0.55
7f2d6e608000-7f2d6e609000 rw-p 00033000 08:02 12500208                   /usr/lib/libedit.so.0.0.55
7f2d6e609000-7f2d6e60d000 rw-p 00000000 00:00 0 
7f2d6e60d000-7f2d6e624000 r-xp 00000000 08:02 12476360                   /usr/lib/libelf-0.168.so
7f2d6e624000-7f2d6e823000 ---p 00017000 08:02 12476360                   /usr/lib/libelf-0.168.so
7f2d6e823000-7f2d6e824000 r--p 00016000 08:02 12476360                   /usr/lib/libelf-0.168.so
7f2d6e824000-7f2d6e825000 rw-p 00017000 08:02 12476360                   /usr/lib/libelf-0.168.so
7f2d6e825000-7f2d6e82e000 r-xp 00000000 08:02 12493217                   /usr/lib/libdrm_amdgpu.so.1.0.0
7f2d6e82e000-7f2d6ea2d000 ---p 00009000 08:02 12493217                   /usr/lib/libdrm_amdgpu.so.1.0.0
7f2d6ea2d000-7f2d6ea2e000 r--p 00008000 08:02 12493217                   /usr/lib/libdrm_amdgpu.so.1.0.0
7f2d6ea2e000-7f2d6ea2f000 rw-p 00009000 08:02 12493217                   /usr/lib/libdrm_amdgpu.so.1.0.0
7f2d6ea2f000-7f2d6ea3a000 r-xp 00000000 08:02 12493215                   /usr/lib/libdrm_radeon.so.1.0.1
7f2d6ea3a000-7f2d6ec39000 ---p 0000b000 08:02 12493215                   /usr/lib/libdrm_radeon.so.1.0.1
7f2d6ec39000-7f2d6ec3a000 r--p 0000a000 08:02 12493215                   /usr/lib/libdrm_radeon.so.1.0.1
7f2d6ec3a000-7f2d6ec3b000 rw-p 0000b000 08:02 12493215                   /usr/lib/libdrm_radeon.so.1.0.1
7f2d6ec3b000-7f2d6ec42000 r-xp 00000000 08:02 12493214                   /usr/lib/libdrm_nouveau.so.2.0.0
7f2d6ec42000-7f2d6ee41000 ---p 00007000 08:02 12493214                   /usr/lib/libdrm_nouveau.so.2.0.0
7f2d6ee41000-7f2d6ee42000 r--p 00006000 08:02 12493214                   /usr/lib/libdrm_nouveau.so.2.0.0
7f2d6ee42000-7f2d6ee43000 rw-p 00007000 08:02 12493214                   /usr/lib/libdrm_nouveau.so.2.0.0
7f2d6ee43000-7f2d6f7ac000 r-xp 00000000 08:02 12976893                   /usr/lib/xorg/modules/dri/radeonsi_dri.so
7f2d6f7ac000-7f2d6f9ac000 ---p 00969000 08:02 12976893                   /usr/lib/xorg/modules/dri/radeonsi_dri.so
7f2d6f9ac000-7f2d6f9e7000 r--p 00969000 08:02 12976893                   /usr/lib/xorg/modules/dri/radeonsi_dri.so
7f2d6f9e7000-7f2d6f9f3000 rw-p 009a4000 08:02 12976893                   /usr/lib/xorg/modules/dri/radeonsi_dri.so
7f2d6f9f3000-7f2d6fbea000 rw-p 00000000 00:00 0 
7f2d6fbea000-7f2d6fbfa000 r-xp 00000000 08:02 12472324                   /usr/lib/libdrm.so.2.4.0
7f2d6fbfa000-7f2d6fdf9000 ---p 00010000 08:02 12472324                   /usr/lib/libdrm.so.2.4.0
7f2d6fdf9000-7f2d6fdfa000 r--p 0000f000 08:02 12472324                   /usr/lib/libdrm.so.2.4.0
7f2d6fdfa000-7f2d6fdfb000 rw-p 00010000 08:02 12472324                   /usr/lib/libdrm.so.2.4.0
7f2d6fdfb000-7f2d6fdff000 r-xp 00000000 08:02 12472681                   /usr/lib/libxcb-dri2.so.0.0.0
7f2d6fdff000-7f2d6fffe000 ---p 00004000 08:02 12472681                   /usr/lib/libxcb-dri2.so.0.0.0
7f2d6fffe000-7f2d6ffff000 r--p 00003000 08:02 12472681                   /usr/lib/libxcb-dri2.so.0.0.0
7f2d6ffff000-7f2d70000000 rw-p 00004000 08:02 12472681                   /usr/lib/libxcb-dri2.so.0.0.0
7f2d70000000-7f2d70021000 rw-p 00000000 00:00 0 
7f2d70021000-7f2d74000000 ---p 00000000 00:00 0 
7f2d74039000-7f2d740f2000 r--p 00000000 08:02 12985419                   /usr/share/fonts/TTF/DejaVuSans.ttf
7f2d740f2000-7f2d7410b000 r-xp 00000000 08:02 12472684                   /usr/lib/libxcb-glx.so.0.0.0
7f2d7410b000-7f2d7430b000 ---p 00019000 08:02 12472684                   /usr/lib/libxcb-glx.so.0.0.0
7f2d7430b000-7f2d7430d000 r--p 00019000 08:02 12472684                   /usr/lib/libxcb-glx.so.0.0.0
7f2d7430d000-7f2d7430e000 rw-p 0001b000 08:02 12472684                   /usr/lib/libxcb-glx.so.0.0.0
7f2d7430e000-7f2d7430f000 r-xp 00000000 08:02 12497989                   /usr/lib/libX11-xcb.so.1.0.0
7f2d7430f000-7f2d7450e000 ---p 00001000 08:02 12497989                   /usr/lib/libX11-xcb.so.1.0.0
7f2d7450e000-7f2d7450f000 r--p 00000000 08:02 12497989                   /usr/lib/libX11-xcb.so.1.0.0
7f2d7450f000-7f2d74510000 rw-p 00001000 08:02 12497989                   /usr/lib/libX11-xcb.so.1.0.0
7f2d74510000-7f2d7453a000 r-xp 00000000 08:02 12455056                   /usr/lib/libglapi.so.0.0.0
7f2d7453a000-7f2d74739000 ---p 0002a000 08:02 12455056                   /usr/lib/libglapi.so.0.0.0
7f2d74739000-7f2d7473d000 r--p 00029000 08:02 12455056                   /usr/lib/libglapi.so.0.0.0
7f2d7473d000-7f2d7473e000 rw-p 0002d000 08:02 12455056                   /usr/lib/libglapi.so.0.0.0
7f2d7473e000-7f2d7473f000 rw-p 00000000 00:00 0 
7f2d7473f000-7f2d74740000 r-xp 00000000 08:02 12476123                   /usr/lib/libxshmfence.so.1.0.0
7f2d74740000-7f2d74940000 ---p 00001000 08:02 12476123                   /usr/lib/libxshmfence.so.1.0.0
7f2d74940000-7f2d74941000 r--p 00001000 08:02 12476123                   /usr/lib/libxshmfence.so.1.0.0
7f2d74941000-7f2d74942000 rw-p 00002000 08:02 12476123                   /usr/lib/libxshmfence.so.1.0.0
7f2d74942000-7f2d74948000 r-xp 00000000 08:02 12472692                   /usr/lib/libxcb-sync.so.1.0.0
7f2d74948000-7f2d74b47000 ---p 00006000 08:02 12472692                   /usr/lib/libxcb-sync.so.1.0.0
7f2d74b47000-7f2d74b48000 r--p 00005000 08:02 12472692                   /usr/lib/libxcb-sync.so.1.0.0
7f2d74b48000-7f2d74b49000 rw-p 00006000 08:02 12472692                   /usr/lib/libxcb-sync.so.1.0.0
7f2d74b49000-7f2d74b4b000 r-xp 00000000 08:02 12472683                   /usr/lib/libxcb-present.so.0.0.0
7f2d74b4b000-7f2d74d4a000 ---p 00002000 08:02 12472683                   /usr/lib/libxcb-present.so.0.0.0
7f2d74d4a000-7f2d74d4b000 r--p 00001000 08:02 12472683                   /usr/lib/libxcb-present.so.0.0.0
7f2d74d4b000-7f2d74d4c000 rw-p 00002000 08:02 12472683                   /usr/lib/libxcb-present.so.0.0.0
7f2d74d4c000-7f2d74d4e000 r-xp 00000000 08:02 12472682                   /usr/lib/libxcb-dri3.so.0.0.0
7f2d74d4e000-7f2d74f4d000 ---p 00002000 08:02 12472682                   /usr/lib/libxcb-dri3.so.0.0.0
7f2d74f4d000-7f2d74f4e000 r--p 00001000 08:02 12472682                   /usr/lib/libxcb-dri3.so.0.0.0
7f2d74f4e000-7f2d74f4f000 rw-p 00002000 08:02 12472682                   /usr/lib/libxcb-dri3.so.0.0.0
7f2d74f4f000-7f2d74fbf000 r-xp 00000000 08:02 12455206                   /usr/lib/libGLX_mesa.so.0.0.0
7f2d74fbf000-7f2d751be000 ---p 00070000 08:02 12455206                   /usr/lib/libGLX_mesa.so.0.0.0
7f2d751be000-7f2d751c1000 r--p 0006f000 08:02 12455206                   /usr/lib/libGLX_mesa.so.0.0.0
7f2d751c1000-7f2d751c2000 rw-p 00072000 08:02 12455206                   /usr/lib/libGLX_mesa.so.0.0.0
7f2d751c2000-7f2d751c3000 rw-p 00000000 00:00 0 
7f2d751c3000-7f2d751ca000 r-xp 00000000 08:02 12477152                   /usr/lib/libdatrie.so.1.3.3
7f2d751ca000-7f2d753c9000 ---p 00007000 08:02 12477152                   /usr/lib/libdatrie.so.1.3.3
7f2d753c9000-7f2d753ca000 r--p 00006000 08:02 12477152                   /usr/lib/libdatrie.so.1.3.3
7f2d753ca000-7f2d753cb000 rw-p 00007000 08:02 12477152                   /usr/lib/libdatrie.so.1.3.3
7f2d753cb000-7f2d753f5000 r-xp 00000000 08:02 12478383                   /usr/lib/libgraphite2.so.3.0.1
7f2d753f5000-7f2d755f4000 ---p 0002a000 08:02 12478383                   /usr/lib/libgraphite2.so.3.0.1
7f2d755f4000-7f2d755f6000 r--p 00029000 08:02 12478383                   /usr/lib/libgraphite2.so.3.0.1
7f2d755f6000-7f2d755f7000 rw-p 0002b000 08:02 12478383                   /usr/lib/libgraphite2.so.3.0.1
7f2d755f7000-7f2d755fb000 r-xp 00000000 08:02 12462271                   /usr/lib/libuuid.so.1.3.0
7f2d755fb000-7f2d757fa000 ---p 00004000 08:02 12462271                   /usr/lib/libuuid.so.1.3.0
7f2d757fa000-7f2d757fb000 r--p 00003000 08:02 12462271                   /usr/lib/libuuid.so.1.3.0
7f2d757fb000-7f2d757fc000 rw-p 00004000 08:02 12462271                   /usr/lib/libuuid.so.1.3.0
7f2d757fc000-7f2d7583d000 r-xp 00000000 08:02 12462272                   /usr/lib/libblkid.so.1.1.0
7f2d7583d000-7f2d75a3c000 ---p 00041000 08:02 12462272                   /usr/lib/libblkid.so.1.1.0
7f2d75a3c000-7f2d75a40000 r--p 00040000 08:02 12462272                   /usr/lib/libblkid.so.1.1.0
7f2d75a40000-7f2d75a41000 rw-p 00044000 08:02 12462272                   /usr/lib/libblkid.so.1.1.0
7f2d75a41000-7f2d75a42000 rw-p 00000000 00:00 0 
7f2d75a42000-7f2d75a47000 r-xp 00000000 08:02 12472497                   /usr/lib/libXdmcp.so.6.0.0
7f2d75a47000-7f2d75c46000 ---p 00005000 08:02 12472497                   /usr/lib/libXdmcp.so.6.0.0
7f2d75c46000-7f2d75c47000 r--p 00004000 08:02 12472497                   /usr/lib/libXdmcp.so.6.0.0
7f2d75c47000-7f2d75c48000 rw-p 00005000 08:02 12472497                   /usr/lib/libXdmcp.so.6.0.0
7f2d75c48000-7f2d75c4a000 r-xp 00000000 08:02 12472581                   /usr/lib/libXau.so.6.0.0
7f2d75c4a000-7f2d75e4a000 ---p 00002000 08:02 12472581                   /usr/lib/libXau.so.6.0.0
7f2d75e4a000-7f2d75e4b000 r--p 00002000 08:02 12472581                   /usr/lib/libXau.so.6.0.0
7f2d75e4b000-7f2d75e4c000 rw-p 00003000 08:02 12472581                   /usr/lib/libXau.so.6.0.0
7f2d75e4c000-7f2d75eba000 r-xp 00000000 08:02 12470667                   /usr/lib/libGLdispatch.so.0.0.0
7f2d75eba000-7f2d760b9000 ---p 0006e000 08:02 12470667                   /usr/lib/libGLdispatch.so.0.0.0
7f2d760b9000-7f2d760e1000 r--p 0006d000 08:02 12470667                   /usr/lib/libGLdispatch.so.0.0.0
7f2d760e1000-7f2d760e2000 rw-p 00095000 08:02 12470667                   /usr/lib/libGLdispatch.so.0.0.0
7f2d760e2000-7f2d76102000 rw-p 00000000 00:00 0 
7f2d76102000-7f2d76112000 r-xp 00000000 08:02 12488022                   /usr/lib/libGLX.so.0.0.0
7f2d76112000-7f2d76311000 ---p 00010000 08:02 12488022                   /usr/lib/libGLX.so.0.0.0
7f2d76311000-7f2d76312000 r--p 0000f000 08:02 12488022                   /usr/lib/libGLX.so.0.0.0
7f2d76312000-7f2d76313000 rw-p 00010000 08:02 12488022                   /usr/lib/libGLX.so.0.0.0
7f2d76313000-7f2d76333000 rw-p 00000000 00:00 0 
7f2d76333000-7f2d763a5000 r-xp 00000000 08:02 12461986                   /usr/lib/libpcre.so.1.2.8
7f2d763a5000-7f2d765a4000 ---p 00072000 08:02 12461986                   /usr/lib/libpcre.so.1.2.8
7f2d765a4000-7f2d765a5000 r--p 00071000 08:02 12461986                   /usr/lib/libpcre.so.1.2.8
7f2d765a5000-7f2d765a6000 rw-p 00072000 08:02 12461986                   /usr/lib/libpcre.so.1.2.8
7f2d765a6000-7f2d765b5000 r-xp 00000000 08:02 12458107                   /usr/lib/libbz2.so.1.0.6
7f2d765b5000-7f2d767b4000 ---p 0000f000 08:02 12458107                   /usr/lib/libbz2.so.1.0.6
7f2d767b4000-7f2d767b5000 r--p 0000e000 08:02 12458107                   /usr/lib/libbz2.so.1.0.6
7f2d767b5000-7f2d767b6000 rw-p 0000f000 08:02 12458107                   /usr/lib/libbz2.so.1.0.6
7f2d767b6000-7f2d767dd000 r-xp 00000000 08:02 12512978                   /usr/lib/libexpat.so.1.6.2
7f2d767dd000-7f2d769dd000 ---p 00027000 08:02 12512978                   /usr/lib/libexpat.so.1.6.2
7f2d769dd000-7f2d769df000 r--p 00027000 08:02 12512978                   /usr/lib/libexpat.so.1.6.2
7f2d769df000-7f2d769e0000 rw-p 00029000 08:02 12512978                   /usr/lib/libexpat.so.1.6.2
7f2d769e0000-7f2d769e7000 r-xp 00000000 08:02 12462106                   /usr/lib/libffi.so.6.0.4
7f2d769e7000-7f2d76be7000 ---p 00007000 08:02 12462106                   /usr/lib/libffi.so.6.0.4
7f2d76be7000-7f2d76be8000 r--p 00007000 08:02 12462106                   /usr/lib/libffi.so.6.0.4
7f2d76be8000-7f2d76be9000 rw-p 00008000 08:02 12462106                   /usr/lib/libffi.so.6.0.4
7f2d76be9000-7f2d76bf1000 r-xp 00000000 08:02 12477159                   /usr/lib/libthai.so.0.3.0
7f2d76bf1000-7f2d76df1000 ---p 00008000 08:02 12477159                   /usr/lib/libthai.so.0.3.0
7f2d76df1000-7f2d76df2000 r--p 00008000 08:02 12477159                   /usr/lib/libthai.so.0.3.0
7f2d76df2000-7f2d76df3000 rw-p 00009000 08:02 12477159                   /usr/lib/libthai.so.0.3.0
7f2d76df3000-7f2d76e81000 r-xp 00000000 08:02 12476143                   /usr/lib/libharfbuzz.so.0.10400.4
7f2d76e81000-7f2d77080000 ---p 0008e000 08:02 12476143                   /usr/lib/libharfbuzz.so.0.10400.4
7f2d77080000-7f2d77082000 r--p 0008d000 08:02 12476143                   /usr/lib/libharfbuzz.so.0.10400.4
7f2d77082000-7f2d77083000 rw-p 0008f000 08:02 12476143                   /usr/lib/libharfbuzz.so.0.10400.4
7f2d77083000-7f2d770cd000 r-xp 00000000 08:02 12462273                   /usr/lib/libmount.so.1.1.0
7f2d770cd000-7f2d772cd000 ---p 0004a000 08:02 12462273                   /usr/lib/libmount.so.1.1.0
7f2d772cd000-7f2d772ce000 r--p 0004a000 08:02 12462273                   /usr/lib/libmount.so.1.1.0
7f2d772ce000-7f2d772cf000 rw-p 0004b000 08:02 12462273                   /usr/lib/libmount.so.1.1.0
7f2d772cf000-7f2d772d1000 rw-p 00000000 00:00 0 
7f2d772d1000-7f2d772e4000 r-xp 00000000 08:02 12453856                   /usr/lib/libresolv-2.25.so
7f2d772e4000-7f2d774e3000 ---p 00013000 08:02 12453856                   /usr/lib/libresolv-2.25.so
7f2d774e3000-7f2d774e4000 r--p 00012000 08:02 12453856                   /usr/lib/libresolv-2.25.so
7f2d774e4000-7f2d774e5000 rw-p 00013000 08:02 12453856                   /usr/lib/libresolv-2.25.so
7f2d774e5000-7f2d774e7000 rw-p 00000000 00:00 0 
7f2d774e7000-7f2d774f3000 r-xp 00000000 08:02 12472687                   /usr/lib/libxcb-render.so.0.0.0
7f2d774f3000-7f2d776f3000 ---p 0000c000 08:02 12472687                   /usr/lib/libxcb-render.so.0.0.0
7f2d776f3000-7f2d776f4000 r--p 0000c000 08:02 12472687                   /usr/lib/libxcb-render.so.0.0.0
7f2d776f4000-7f2d776f5000 rw-p 0000d000 08:02 12472687                   /usr/lib/libxcb-render.so.0.0.0
7f2d776f5000-7f2d7771d000 r-xp 00000000 08:02 12472677                   /usr/lib/libxcb.so.1.1.0
7f2d7771d000-7f2d7791c000 ---p 00028000 08:02 12472677                   /usr/lib/libxcb.so.1.1.0
7f2d7791c000-7f2d7791d000 r--p 00027000 08:02 12472677                   /usr/lib/libxcb.so.1.1.0
7f2d7791d000-7f2d7791e000 rw-p 00028000 08:02 12472677                   /usr/lib/libxcb.so.1.1.0
7f2d7791e000-7f2d77920000 r-xp 00000000 08:02 12472691                   /usr/lib/libxcb-shm.so.0.0.0
7f2d77920000-7f2d77b20000 ---p 00002000 08:02 12472691                   /usr/lib/libxcb-shm.so.0.0.0
7f2d77b20000-7f2d77b21000 r--p 00002000 08:02 12472691                   /usr/lib/libxcb-shm.so.0.0.0
7f2d77b21000-7f2d77b22000 rw-p 00003000 08:02 12472691                   /usr/lib/libxcb-shm.so.0.0.0
7f2d77b22000-7f2d77b57000 r-xp 00000000 08:02 12472513                   /usr/lib/libpng16.so.16.28.0
7f2d77b57000-7f2d77d56000 ---p 00035000 08:02 12472513                   /usr/lib/libpng16.so.16.28.0
7f2d77d56000-7f2d77d57000 r--p 00034000 08:02 12472513                   /usr/lib/libpng16.so.16.28.0
7f2d77d57000-7f2d77d58000 rw-p 00035000 08:02 12472513                   /usr/lib/libpng16.so.16.28.0
7f2d77d58000-7f2d77df7000 r-xp 00000000 08:02 12472580                   /usr/lib/libpixman-1.so.0.34.0
7f2d77df7000-7f2d77ff7000 ---p 0009f000 08:02 12472580                   /usr/lib/libpixman-1.so.0.34.0
7f2d77ff7000-7f2d77fff000 r--p 0009f000 08:02 12472580                   /usr/lib/libpixman-1.so.0.34.0
7f2d77fff000-7f2d78000000 rw-p 000a7000 08:02 12472580                   /usr/lib/libpixman-1.so.0.34.0
7f2d78000000-7f2d78021000 rw-p 00000000 00:00 0 
7f2d78021000-7f2d7c000000 ---p 00000000 00:00 0 
7f2d7c008000-7f2d7c009000 rw-s 171dd6000 00:06 12294                     /dev/dri/renderD128
7f2d7c01d000-7f2d7c02d000 rw-s 174f48000 00:06 12294                     /dev/dri/renderD128
7f2d7c02d000-7f2d7c03d000 rw-s 1606a6000 00:06 12294                     /dev/dri/renderD128
7f2d7c03d000-7f2d7c050000 r--s 00346000 08:02 12717855                   /usr/lib/jvm/java-8-openjdk/jre/lib/resources.jar
7f2d7c050000-7f2d7c06b000 r--s 00000000 08:02 29885257                   /home/juju/.cache/fontconfig/8d4af663993b81a124ee82e610bb31f9-le64.cache-7
7f2d7c06b000-7f2d7c07d000 r-xp 00000000 08:02 12488021                   /usr/lib/libEGL.so.1.0.0
7f2d7c07d000-7f2d7c27c000 ---p 00012000 08:02 12488021                   /usr/lib/libEGL.so.1.0.0
7f2d7c27c000-7f2d7c27d000 r--p 00011000 08:02 12488021                   /usr/lib/libEGL.so.1.0.0
7f2d7c27d000-7f2d7c27e000 rw-p 00012000 08:02 12488021                   /usr/lib/libEGL.so.1.0.0
7f2d7c27e000-7f2d7c28f000 r-xp 00000000 08:02 12476303                   /usr/lib/libXext.so.6.4.0
7f2d7c28f000-7f2d7c48e000 ---p 00011000 08:02 12476303                   /usr/lib/libXext.so.6.4.0
7f2d7c48e000-7f2d7c48f000 r--p 00010000 08:02 12476303                   /usr/lib/libXext.so.6.4.0
7f2d7c48f000-7f2d7c490000 rw-p 00011000 08:02 12476303                   /usr/lib/libXext.so.6.4.0
7f2d7c490000-7f2d7c492000 r-xp 00000000 08:02 12476343                   /usr/lib/libXdamage.so.1.1.0
7f2d7c492000-7f2d7c691000 ---p 00002000 08:02 12476343                   /usr/lib/libXdamage.so.1.1.0
7f2d7c691000-7f2d7c692000 r--p 00001000 08:02 12476343                   /usr/lib/libXdamage.so.1.1.0
7f2d7c692000-7f2d7c693000 rw-p 00002000 08:02 12476343                   /usr/lib/libXdamage.so.1.1.0
7f2d7c693000-7f2d7c695000 r-xp 00000000 08:02 12477289                   /usr/lib/libXcomposite.so.1.0.0
7f2d7c695000-7f2d7c894000 ---p 00002000 08:02 12477289                   /usr/lib/libXcomposite.so.1.0.0
7f2d7c894000-7f2d7c895000 r--p 00001000 08:02 12477289                   /usr/lib/libXcomposite.so.1.0.0
7f2d7c895000-7f2d7c896000 rw-p 00002000 08:02 12477289                   /usr/lib/libXcomposite.so.1.0.0
7f2d7c896000-7f2d7c8a0000 r-xp 00000000 08:02 12477254                   /usr/lib/libXcursor.so.1.0.2
7f2d7c8a0000-7f2d7ca9f000 ---p 0000a000 08:02 12477254                   /usr/lib/libXcursor.so.1.0.2
7f2d7ca9f000-7f2d7caa0000 r--p 00009000 08:02 12477254                   /usr/lib/libXcursor.so.1.0.2
7f2d7caa0000-7f2d7caa1000 rw-p 0000a000 08:02 12477254                   /usr/lib/libXcursor.so.1.0.2
7f2d7caa1000-7f2d7caab000 r-xp 00000000 08:02 12477257                   /usr/lib/libXrandr.so.2.2.0
7f2d7caab000-7f2d7ccaa000 ---p 0000a000 08:02 12477257                   /usr/lib/libXrandr.so.2.2.0
7f2d7ccaa000-7f2d7ccab000 r--p 00009000 08:02 12477257                   /usr/lib/libXrandr.so.2.2.0
7f2d7ccab000-7f2d7ccac000 rw-p 0000a000 08:02 12477257                   /usr/lib/libXrandr.so.2.2.0
7f2d7ccac000-7f2d7ccbb000 r-xp 00000000 08:02 12513343                   /usr/lib/libXi.so.6.1.0
7f2d7ccbb000-7f2d7cebb000 ---p 0000f000 08:02 12513343                   /usr/lib/libXi.so.6.1.0
7f2d7cebb000-7f2d7cebc000 r--p 0000f000 08:02 12513343                   /usr/lib/libXi.so.6.1.0
7f2d7cebc000-7f2d7cebd000 rw-p 00010000 08:02 12513343                   /usr/lib/libXi.so.6.1.0
7f2d7cebd000-7f2d7cebf000 r-xp 00000000 08:02 12476998                   /usr/lib/libXinerama.so.1.0.0
7f2d7cebf000-7f2d7d0be000 ---p 00002000 08:02 12476998                   /usr/lib/libXinerama.so.1.0.0
7f2d7d0be000-7f2d7d0bf000 r--p 00001000 08:02 12476998                   /usr/lib/libXinerama.so.1.0.0
7f2d7d0bf000-7f2d7d0c0000 rw-p 00002000 08:02 12476998                   /usr/lib/libXinerama.so.1.0.0
7f2d7d0c0000-7f2d7d0c9000 r-xp 00000000 08:02 12477163                   /usr/lib/libXrender.so.1.3.0
7f2d7d0c9000-7f2d7d2c9000 ---p 00009000 08:02 12477163                   /usr/lib/libXrender.so.1.3.0
7f2d7d2c9000-7f2d7d2ca000 r--p 00009000 08:02 12477163                   /usr/lib/libXrender.so.1.3.0
7f2d7d2ca000-7f2d7d2cb000 rw-p 0000a000 08:02 12477163                   /usr/lib/libXrender.so.1.3.0
7f2d7d2cb000-7f2d7d2d0000 r-xp 00000000 08:02 12476335                   /usr/lib/libXfixes.so.3.1.0
7f2d7d2d0000-7f2d7d4cf000 ---p 00005000 08:02 12476335                   /usr/lib/libXfixes.so.3.1.0
7f2d7d4cf000-7f2d7d4d0000 r--p 00004000 08:02 12476335                   /usr/lib/libXfixes.so.3.1.0
7f2d7d4d0000-7f2d7d4d1000 rw-p 00005000 08:02 12476335                   /usr/lib/libXfixes.so.3.1.0
7f2d7d4d1000-7f2d7d4d4000 r-xp 00000000 08:02 12462129                   /usr/lib/libgmodule-2.0.so.0.5000.3
7f2d7d4d4000-7f2d7d6d3000 ---p 00003000 08:02 12462129                   /usr/lib/libgmodule-2.0.so.0.5000.3
7f2d7d6d3000-7f2d7d6d4000 r--p 00002000 08:02 12462129                   /usr/lib/libgmodule-2.0.so.0.5000.3
7f2d7d6d4000-7f2d7d6d5000 rw-p 00003000 08:02 12462129                   /usr/lib/libgmodule-2.0.so.0.5000.3
7f2d7d6d5000-7f2d7d6eb000 r-xp 00000000 08:02 12492311                   /usr/lib/libgcc_s.so.1
7f2d7d6eb000-7f2d7d8ea000 ---p 00016000 08:02 12492311                   /usr/lib/libgcc_s.so.1
7f2d7d8ea000-7f2d7d8eb000 r--p 00015000 08:02 12492311                   /usr/lib/libgcc_s.so.1
7f2d7d8eb000-7f2d7d8ec000 rw-p 00016000 08:02 12492311                   /usr/lib/libgcc_s.so.1
7f2d7d8ec000-7f2d7da64000 r-xp 00000000 08:02 12455388                   /usr/lib/libstdc++.so.6.0.22
7f2d7da64000-7f2d7dc64000 ---p 00178000 08:02 12455388                   /usr/lib/libstdc++.so.6.0.22
7f2d7dc64000-7f2d7dc6e000 r--p 00178000 08:02 12455388                   /usr/lib/libstdc++.so.6.0.22
7f2d7dc6e000-7f2d7dc70000 rw-p 00182000 08:02 12455388                   /usr/lib/libstdc++.so.6.0.22
7f2d7dc70000-7f2d7dc74000 rw-p 00000000 00:00 0 
7f2d7dc74000-7f2d7dce4000 r-xp 00000000 08:02 12488023                   /usr/lib/libGL.so.1.0.0
7f2d7dce4000-7f2d7dee3000 ---p 00070000 08:02 12488023                   /usr/lib/libGL.so.1.0.0
7f2d7dee3000-7f2d7defd000 r--p 0006f000 08:02 12488023                   /usr/lib/libGL.so.1.0.0
7f2d7defd000-7f2d7defe000 rw-p 00089000 08:02 12488023                   /usr/lib/libGL.so.1.0.0
7f2d7defe000-7f2d7deff000 rw-p 00000000 00:00 0 
7f2d7deff000-7f2d7df04000 r-xp 00000000 08:02 12476332                   /usr/lib/libXxf86vm.so.1.0.0
7f2d7df04000-7f2d7e103000 ---p 00005000 08:02 12476332                   /usr/lib/libXxf86vm.so.1.0.0
7f2d7e103000-7f2d7e104000 r--p 00004000 08:02 12476332                   /usr/lib/libXxf86vm.so.1.0.0
7f2d7e104000-7f2d7e105000 rw-p 00005000 08:02 12476332                   /usr/lib/libXxf86vm.so.1.0.0
7f2d7e105000-7f2d7e23e000 r-xp 00000000 08:02 12475811                   /usr/lib/libX11.so.6.3.0
7f2d7e23e000-7f2d7e43e000 ---p 00139000 08:02 12475811                   /usr/lib/libX11.so.6.3.0
7f2d7e43e000-7f2d7e43f000 r--p 00139000 08:02 12475811                   /usr/lib/libX11.so.6.3.0
7f2d7e43f000-7f2d7e444000 rw-p 0013a000 08:02 12475811                   /usr/lib/libX11.so.6.3.0
7f2d7e444000-7f2d7e449000 r-xp 00000000 08:02 12477092                   /usr/lib/libXtst.so.6.1.0
7f2d7e449000-7f2d7e648000 ---p 00005000 08:02 12477092                   /usr/lib/libXtst.so.6.1.0
7f2d7e648000-7f2d7e649000 r--p 00004000 08:02 12477092                   /usr/lib/libXtst.so.6.1.0
7f2d7e649000-7f2d7e64a000 rw-p 00005000 08:02 12477092                   /usr/lib/libXtst.so.6.1.0
7f2d7e64a000-7f2d7e75b000 r-xp 00000000 08:02 12462128                   /usr/lib/libglib-2.0.so.0.5000.3
7f2d7e75b000-7f2d7e95a000 ---p 00111000 08:02 12462128                   /usr/lib/libglib-2.0.so.0.5000.3
7f2d7e95a000-7f2d7e95b000 r--p 00110000 08:02 12462128                   /usr/lib/libglib-2.0.so.0.5000.3
7f2d7e95b000-7f2d7e95c000 rw-p 00111000 08:02 12462128                   /usr/lib/libglib-2.0.so.0.5000.3
7f2d7e95c000-7f2d7e95d000 rw-p 00000000 00:00 0 
7f2d7e95d000-7f2d7e95e000 r-xp 00000000 08:02 12462130                   /usr/lib/libgthread-2.0.so.0.5000.3
7f2d7e95e000-7f2d7eb5d000 ---p 00001000 08:02 12462130                   /usr/lib/libgthread-2.0.so.0.5000.3
7f2d7eb5d000-7f2d7eb5e000 r--p 00000000 08:02 12462130                   /usr/lib/libgthread-2.0.so.0.5000.3
7f2d7eb5e000-7f2d7eb5f000 rw-p 00001000 08:02 12462130                   /usr/lib/libgthread-2.0.so.0.5000.3
7f2d7eb5f000-7f2d7ec19000 r-xp 00000000 08:02 12498525                   /usr/lib/libfreetype.so.6.13.0
7f2d7ec19000-7f2d7ee19000 ---p 000ba000 08:02 12498525                   /usr/lib/libfreetype.so.6.13.0
7f2d7ee19000-7f2d7ee1f000 r--p 000ba000 08:02 12498525                   /usr/lib/libfreetype.so.6.13.0
7f2d7ee1f000-7f2d7ee20000 rw-p 000c0000 08:02 12498525                   /usr/lib/libfreetype.so.6.13.0
7f2d7ee20000-7f2d7ee5e000 r-xp 00000000 08:02 12483569                   /usr/lib/libfontconfig.so.1.9.2
7f2d7ee5e000-7f2d7f05d000 ---p 0003e000 08:02 12483569                   /usr/lib/libfontconfig.so.1.9.2
7f2d7f05d000-7f2d7f05f000 r--p 0003d000 08:02 12483569                   /usr/lib/libfontconfig.so.1.9.2
7f2d7f05f000-7f2d7f064000 rw-p 0003f000 08:02 12483569                   /usr/lib/libfontconfig.so.1.9.2
7f2d7f064000-7f2d7f0b5000 r-xp 00000000 08:02 12462131                   /usr/lib/libgobject-2.0.so.0.5000.3
7f2d7f0b5000-7f2d7f2b4000 ---p 00051000 08:02 12462131                   /usr/lib/libgobject-2.0.so.0.5000.3
7f2d7f2b4000-7f2d7f2b5000 r--p 00050000 08:02 12462131                   /usr/lib/libgobject-2.0.so.0.5000.3
7f2d7f2b5000-7f2d7f2b6000 rw-p 00051000 08:02 12462131                   /usr/lib/libgobject-2.0.so.0.5000.3
7f2d7f2b6000-7f2d7f2ff000 r-xp 00000000 08:02 12461960                   /usr/lib/libpango-1.0.so.0.4000.4
7f2d7f2ff000-7f2d7f4ff000 ---p 00049000 08:02 12461960                   /usr/lib/libpango-1.0.so.0.4000.4
7f2d7f4ff000-7f2d7f501000 r--p 00049000 08:02 12461960                   /usr/lib/libpango-1.0.so.0.4000.4
7f2d7f501000-7f2d7f502000 rw-p 0004b000 08:02 12461960                   /usr/lib/libpango-1.0.so.0.4000.4
7f2d7f502000-7f2d7f516000 r-xp 00000000 08:02 12463127                   /usr/lib/libpangoft2-1.0.so.0.4000.4
7f2d7f516000-7f2d7f715000 ---p 00014000 08:02 12463127                   /usr/lib/libpangoft2-1.0.so.0.4000.4
7f2d7f715000-7f2d7f716000 r--p 00013000 08:02 12463127                   /usr/lib/libpangoft2-1.0.so.0.4000.4
7f2d7f716000-7f2d7f717000 rw-p 00014000 08:02 12463127                   /usr/lib/libpangoft2-1.0.so.0.4000.4
7f2d7f717000-7f2d7f8a2000 r-xp 00000000 08:02 12462132                   /usr/lib/libgio-2.0.so.0.5000.3
7f2d7f8a2000-7f2d7faa2000 ---p 0018b000 08:02 12462132                   /usr/lib/libgio-2.0.so.0.5000.3
7f2d7faa2000-7f2d7faa7000 r--p 0018b000 08:02 12462132                   /usr/lib/libgio-2.0.so.0.5000.3
7f2d7faa7000-7f2d7faa9000 rw-p 00190000 08:02 12462132                   /usr/lib/libgio-2.0.so.0.5000.3
7f2d7faa9000-7f2d7faab000 rw-p 00000000 00:00 0 
7f2d7faab000-7f2d7fad1000 r-xp 00000000 08:02 12477362                   /usr/lib/libgdk_pixbuf-2.0.so.0.3600.5
7f2d7fad1000-7f2d7fcd0000 ---p 00026000 08:02 12477362                   /usr/lib/libgdk_pixbuf-2.0.so.0.3600.5
7f2d7fcd0000-7f2d7fcd1000 r--p 00025000 08:02 12477362                   /usr/lib/libgdk_pixbuf-2.0.so.0.3600.5
7f2d7fcd1000-7f2d7fcd2000 rw-p 00026000 08:02 12477362                   /usr/lib/libgdk_pixbuf-2.0.so.0.3600.5
7f2d7fcd2000-7f2d7fdfb000 r-xp 00000000 08:02 12462657                   /usr/lib/libcairo.so.2.11400.8
7f2d7fdfb000-7f2d7fffa000 ---p 00129000 08:02 12462657                   /usr/lib/libcairo.so.2.11400.8
7f2d7fffa000-7f2d7fffd000 r--p 00128000 08:02 12462657                   /usr/lib/libcairo.so.2.11400.8
7f2d7fffd000-7f2d7ffff000 rw-p 0012b000 08:02 12462657                   /usr/lib/libcairo.so.2.11400.8
7f2d7ffff000-7f2d80000000 rw-p 00000000 00:00 0 
7f2d80000000-7f2d80021000 rw-p 00000000 00:00 0 
7f2d80021000-7f2d84000000 ---p 00000000 00:00 0 
7f2d84003000-7f2d8402d000 r--s 00000000 08:02 1986150                    /var/cache/fontconfig/f6b893a7224233d96cb72fd88691c0b4-le64.cache-7
7f2d8402d000-7f2d84043000 r--s 00000000 08:02 1978494                    /var/cache/fontconfig/f349e9996a5320f6dd491cedd2b1f964-le64.cache-7
7f2d84043000-7f2d84143000 rw-s 1986c2000 00:06 12294                     /dev/dri/renderD128
7f2d84143000-7f2d84166000 r-xp 00000000 08:02 12477150                   /usr/lib/libatk-1.0.so.0.22209.1
7f2d84166000-7f2d84365000 ---p 00023000 08:02 12477150                   /usr/lib/libatk-1.0.so.0.22209.1
7f2d84365000-7f2d84368000 r--p 00022000 08:02 12477150                   /usr/lib/libatk-1.0.so.0.22209.1
7f2d84368000-7f2d84369000 rw-p 00025000 08:02 12477150                   /usr/lib/libatk-1.0.so.0.22209.1
7f2d84369000-7f2d84375000 r-xp 00000000 08:02 12477203                   /usr/lib/libpangocairo-1.0.so.0.4000.4
7f2d84375000-7f2d84574000 ---p 0000c000 08:02 12477203                   /usr/lib/libpangocairo-1.0.so.0.4000.4
7f2d84574000-7f2d84575000 r--p 0000b000 08:02 12477203                   /usr/lib/libpangocairo-1.0.so.0.4000.4
7f2d84575000-7f2d84576000 rw-p 0000c000 08:02 12477203                   /usr/lib/libpangocairo-1.0.so.0.4000.4
7f2d84576000-7f2d84626000 r-xp 00000000 08:02 12477696                   /usr/lib/libgdk-x11-2.0.so.0.2400.31
7f2d84626000-7f2d84825000 ---p 000b0000 08:02 12477696                   /usr/lib/libgdk-x11-2.0.so.0.2400.31
7f2d84825000-7f2d84829000 r--p 000af000 08:02 12477696                   /usr/lib/libgdk-x11-2.0.so.0.2400.31
7f2d84829000-7f2d8482b000 rw-p 000b3000 08:02 12477696                   /usr/lib/libgdk-x11-2.0.so.0.2400.31
7f2d8482b000-7f2d84c5e000 r-xp 00000000 08:02 12477697                   /usr/lib/libgtk-x11-2.0.so.0.2400.31
7f2d84c5e000-7f2d84e5d000 ---p 00433000 08:02 12477697                   /usr/lib/libgtk-x11-2.0.so.0.2400.31
7f2d84e5d000-7f2d84e64000 r--p 00432000 08:02 12477697                   /usr/lib/libgtk-x11-2.0.so.0.2400.31
7f2d84e64000-7f2d84e68000 rw-p 00439000 08:02 12477697                   /usr/lib/libgtk-x11-2.0.so.0.2400.31
7f2d84e68000-7f2d84e6b000 rw-p 00000000 00:00 0 
7f2d84e6f000-7f2d84e71000 r--s 00000000 08:02 1984514                    /var/cache/fontconfig/00ac179dd721e921d97a2d7d654077c7-le64.cache-7
7f2d84e71000-7f2d84e74000 r--s 00000000 08:02 1982837                    /var/cache/fontconfig/d4119bf364b3cb6badea4cd5ba92dc93-le64.cache-7
7f2d84e74000-7f2d84e76000 r--s 00000000 08:02 1977153                    /var/cache/fontconfig/3066cc7e8265f0172dfa85e409263cb6-le64.cache-7
7f2d84e76000-7f2d84e78000 r--s 00000000 08:02 1975684                    /var/cache/fontconfig/6ba42ae0000f58711b5caaf10d690066-le64.cache-7
7f2d84e78000-7f2d84e84000 rw-s 1754a2000 00:06 12294                     /dev/dri/renderD128
7f2d84e84000-7f2d84eaa000 r--p 00000000 08:02 12477776                   /usr/share/locale/en_GB/LC_MESSAGES/gtk20-properties.mo
7f2d84eaa000-7f2d84eba000 rw-s 17546f000 00:06 12294                     /dev/dri/renderD128
7f2d84eba000-7f2d84ec6000 r-xp 00000000 08:02 12722168                   /usr/lib/jvm/java-8-openjdk/jre/lib/amd64/libprism_es2.so
7f2d84ec6000-7f2d850c5000 ---p 0000c000 08:02 12722168                   /usr/lib/jvm/java-8-openjdk/jre/lib/amd64/libprism_es2.so
7f2d850c5000-7f2d850c6000 r--p 0000b000 08:02 12722168                   /usr/lib/jvm/java-8-openjdk/jre/lib/amd64/libprism_es2.so
7f2d850c6000-7f2d850c7000 rw-p 0000c000 08:02 12722168                   /usr/lib/jvm/java-8-openjdk/jre/lib/amd64/libprism_es2.so
7f2d850c7000-7f2d850ca000 ---p 00000000 00:00 0 
7f2d850ca000-7f2d851c8000 rw-p 00000000 00:00 0 
7f2d851c8000-7f2d8525e000 r--s 008d8000 08:02 12979331                   /usr/lib/jvm/java-8-openjdk/jre/lib/ext/jfxrt.jar
7f2d8525e000-7f2d8525f000 ---p 00000000 00:00 0 
7f2d8525f000-7f2d8535f000 rw-p 00000000 00:00 0 
7f2d8535f000-7f2d85362000 ---p 00000000 00:00 0 
7f2d85362000-7f2d85460000 rw-p 00000000 00:00 0 
7f2d85460000-7f2d85463000 ---p 00000000 00:00 0 
7f2d85463000-7f2d85561000 rw-p 00000000 00:00 0 
7f2d85561000-7f2d85564000 ---p 00000000 00:00 0 
7f2d85564000-7f2d85662000 rw-p 00000000 00:00 0 
7f2d85662000-7f2d85665000 ---p 00000000 00:00 0 
7f2d85665000-7f2d85763000 rw-p 00000000 00:00 0 
7f2d85763000-7f2d85766000 ---p 00000000 00:00 0 
7f2d85766000-7f2d85864000 rw-p 00000000 00:00 0 
7f2d85864000-7f2d85867000 ---p 00000000 00:00 0 
7f2d85867000-7f2d85965000 rw-p 00000000 00:00 0 
7f2d85965000-7f2d85afd000 r--p 00000000 08:02 12513795                   /usr/lib/locale/locale-archive
7f2d85afd000-7f2d85b00000 ---p 00000000 00:00 0 
7f2d85b00000-7f2d85bfe000 rw-p 00000000 00:00 0 
7f2d85bfe000-7f2d85c01000 ---p 00000000 00:00 0 
7f2d85c01000-7f2d85cff000 rw-p 00000000 00:00 0 
7f2d85cff000-7f2d85d00000 ---p 00000000 00:00 0 
7f2d85d00000-7f2d88000000 rw-p 00000000 00:00 0 
7f2d88000000-7f2d88021000 rw-p 00000000 00:00 0 
7f2d88021000-7f2d8c000000 ---p 00000000 00:00 0 
7f2d8c000000-7f2d8c00e000 r--p 00000000 08:02 12477775                   /usr/share/locale/en_GB/LC_MESSAGES/gtk20.mo
7f2d8c00e000-7f2d8c25d000 rw-p 00000000 00:00 0 
7f2d8c25d000-7f2d8c42c000 r--s 03c05000 08:02 12717862                   /usr/lib/jvm/java-8-openjdk/jre/lib/rt.jar
7f2d8c42c000-7f2d8cbfc000 rw-p 00000000 00:00 0 
7f2d8cbfc000-7f2d8cbfd000 ---p 00000000 00:00 0 
7f2d8cbfd000-7f2d8ccfd000 rw-p 00000000 00:00 0 
7f2d8ccfd000-7f2d8ccfe000 ---p 00000000 00:00 0 
7f2d8ccfe000-7f2d8cdfe000 rw-p 00000000 00:00 0 
7f2d8cdfe000-7f2d8cdff000 ---p 00000000 00:00 0 
7f2d8cdff000-7f2d8ceff000 rw-p 00000000 00:00 0 
7f2d8ceff000-7f2d8cf00000 ---p 00000000 00:00 0 
7f2d8cf00000-7f2d8d000000 rw-p 00000000 00:00 0 
7f2d8d000000-7f2d8d880000 rwxp 00000000 00:00 0 
7f2d8d880000-7f2d9c000000 ---p 00000000 00:00 0 
7f2d9c000000-7f2d9c2ca000 rw-p 00000000 00:00 0 
7f2d9c2ca000-7f2da0000000 ---p 00000000 00:00 0 
7f2da0001000-7f2da0007000 r--s 00000000 08:02 1976156                    /var/cache/fontconfig/210c0516121708a580e22e6b1f9a103a-le64.cache-7
7f2da0007000-7f2da00bf000 rw-p 00000000 00:00 0 
7f2da00bf000-7f2da00c0000 ---p 00000000 00:00 0 
7f2da00c0000-7f2da01c0000 rw-p 00000000 00:00 0 
7f2da01c0000-7f2da01c1000 ---p 00000000 00:00 0 
7f2da01c1000-7f2da02c1000 rw-p 00000000 00:00 0 
7f2da02c1000-7f2da02c2000 ---p 00000000 00:00 0 
7f2da02c2000-7f2da03c2000 rw-p 00000000 00:00 0 
7f2da03c2000-7f2da03c3000 ---p 00000000 00:00 0 
7f2da03c3000-7f2da0517000 rw-p 00000000 00:00 0 
7f2da0517000-7f2da09f9000 ---p 00000000 00:00 0 
7f2da09f9000-7f2da0a4d000 rw-p 00000000 00:00 0 
7f2da0a4d000-7f2da0f2e000 ---p 00000000 00:00 0 
7f2da0f2e000-7f2da0f58000 rw-p 00000000 00:00 0 
7f2da0f58000-7f2da11c9000 ---p 00000000 00:00 0 
7f2da11c9000-7f2da11ec000 rw-p 00000000 00:00 0 
7f2da11ec000-7f2da158a000 ---p 00000000 00:00 0 
7f2da158a000-7f2da1592000 r-xp 00000000 08:02 12718311                   /usr/lib/jvm/java-8-openjdk/jre/lib/amd64/libzip.so
7f2da1592000-7f2da1791000 ---p 00008000 08:02 12718311                   /usr/lib/jvm/java-8-openjdk/jre/lib/amd64/libzip.so
7f2da1791000-7f2da1792000 r--p 00007000 08:02 12718311                   /usr/lib/jvm/java-8-openjdk/jre/lib/amd64/libzip.so
7f2da1792000-7f2da1793000 rw-p 00008000 08:02 12718311                   /usr/lib/jvm/java-8-openjdk/jre/lib/amd64/libzip.so
7f2da1793000-7f2da179e000 r-xp 00000000 08:02 12453863                   /usr/lib/libnss_files-2.25.so
7f2da179e000-7f2da199d000 ---p 0000b000 08:02 12453863                   /usr/lib/libnss_files-2.25.so
7f2da199d000-7f2da199e000 r--p 0000a000 08:02 12453863                   /usr/lib/libnss_files-2.25.so
7f2da199e000-7f2da199f000 rw-p 0000b000 08:02 12453863                   /usr/lib/libnss_files-2.25.so
7f2da199f000-7f2da19a5000 rw-p 00000000 00:00 0 
7f2da19a5000-7f2da19b0000 r-xp 00000000 08:02 12453861                   /usr/lib/libnss_nis-2.25.so
7f2da19b0000-7f2da1baf000 ---p 0000b000 08:02 12453861                   /usr/lib/libnss_nis-2.25.so
7f2da1baf000-7f2da1bb0000 r--p 0000a000 08:02 12453861                   /usr/lib/libnss_nis-2.25.so
7f2da1bb0000-7f2da1bb1000 rw-p 0000b000 08:02 12453861                   /usr/lib/libnss_nis-2.25.so
7f2da1bb1000-7f2da1bc6000 r-xp 00000000 08:02 12453857                   /usr/lib/libnsl-2.25.so
7f2da1bc6000-7f2da1dc5000 ---p 00015000 08:02 12453857                   /usr/lib/libnsl-2.25.so
7f2da1dc5000-7f2da1dc6000 r--p 00014000 08:02 12453857                   /usr/lib/libnsl-2.25.so
7f2da1dc6000-7f2da1dc7000 rw-p 00015000 08:02 12453857                   /usr/lib/libnsl-2.25.so
7f2da1dc7000-7f2da1dc9000 rw-p 00000000 00:00 0 
7f2da1dc9000-7f2da1dd0000 r-xp 00000000 08:02 12453866                   /usr/lib/libnss_compat-2.25.so
7f2da1dd0000-7f2da1fcf000 ---p 00007000 08:02 12453866                   /usr/lib/libnss_compat-2.25.so
7f2da1fcf000-7f2da1fd0000 r--p 00006000 08:02 12453866                   /usr/lib/libnss_compat-2.25.so
7f2da1fd0000-7f2da1fd1000 rw-p 00007000 08:02 12453866                   /usr/lib/libnss_compat-2.25.so
7f2da1fd1000-7f2da1ffe000 r-xp 00000000 08:02 12718272                   /usr/lib/jvm/java-8-openjdk/jre/lib/amd64/libjava.so
7f2da1ffe000-7f2da21fd000 ---p 0002d000 08:02 12718272                   /usr/lib/jvm/java-8-openjdk/jre/lib/amd64/libjava.so
7f2da21fd000-7f2da21fe000 r--p 0002c000 08:02 12718272                   /usr/lib/jvm/java-8-openjdk/jre/lib/amd64/libjava.so
7f2da21fe000-7f2da2200000 rw-p 0002d000 08:02 12718272                   /usr/lib/jvm/java-8-openjdk/jre/lib/amd64/libjava.so
7f2da2200000-7f2da220d000 r-xp 00000000 08:02 12717899                   /usr/lib/jvm/java-8-openjdk/jre/lib/amd64/libverify.so
7f2da220d000-7f2da240c000 ---p 0000d000 08:02 12717899                   /usr/lib/jvm/java-8-openjdk/jre/lib/amd64/libverify.so
7f2da240c000-7f2da240e000 r--p 0000c000 08:02 12717899                   /usr/lib/jvm/java-8-openjdk/jre/lib/amd64/libverify.so
7f2da240e000-7f2da240f000 rw-p 0000e000 08:02 12717899                   /usr/lib/jvm/java-8-openjdk/jre/lib/amd64/libverify.so
7f2da240f000-7f2da2416000 r-xp 00000000 08:02 12453855                   /usr/lib/librt-2.25.so
7f2da2416000-7f2da2615000 ---p 00007000 08:02 12453855                   /usr/lib/librt-2.25.so
7f2da2615000-7f2da2616000 r--p 00006000 08:02 12453855                   /usr/lib/librt-2.25.so
7f2da2616000-7f2da2617000 rw-p 00007000 08:02 12453855                   /usr/lib/librt-2.25.so
7f2da2617000-7f2da2729000 r-xp 00000000 08:02 12453858                   /usr/lib/libm-2.25.so
7f2da2729000-7f2da2928000 ---p 00112000 08:02 12453858                   /usr/lib/libm-2.25.so
7f2da2928000-7f2da2929000 r--p 00111000 08:02 12453858                   /usr/lib/libm-2.25.so
7f2da2929000-7f2da292a000 rw-p 00112000 08:02 12453858                   /usr/lib/libm-2.25.so
7f2da292a000-7f2da3555000 r-xp 00000000 08:02 13115637                   /usr/lib/jvm/java-8-openjdk/jre/lib/amd64/server/libjvm.so
7f2da3555000-7f2da3754000 ---p 00c2b000 08:02 13115637                   /usr/lib/jvm/java-8-openjdk/jre/lib/amd64/server/libjvm.so
7f2da3754000-7f2da37e8000 r--p 00c2a000 08:02 13115637                   /usr/lib/jvm/java-8-openjdk/jre/lib/amd64/server/libjvm.so
7f2da37e8000-7f2da3811000 rw-p 00cbe000 08:02 13115637                   /usr/lib/jvm/java-8-openjdk/jre/lib/amd64/server/libjvm.so
7f2da3811000-7f2da3841000 rw-p 00000000 00:00 0 
7f2da3841000-7f2da39dc000 r-xp 00000000 08:02 12453925                   /usr/lib/libc-2.25.so
7f2da39dc000-7f2da3bdb000 ---p 0019b000 08:02 12453925                   /usr/lib/libc-2.25.so
7f2da3bdb000-7f2da3bdf000 r--p 0019a000 08:02 12453925                   /usr/lib/libc-2.25.so
7f2da3bdf000-7f2da3be1000 rw-p 0019e000 08:02 12453925                   /usr/lib/libc-2.25.so
7f2da3be1000-7f2da3be5000 rw-p 00000000 00:00 0 
7f2da3be5000-7f2da3be8000 r-xp 00000000 08:02 12453859                   /usr/lib/libdl-2.25.so
7f2da3be8000-7f2da3de7000 ---p 00003000 08:02 12453859                   /usr/lib/libdl-2.25.so
7f2da3de7000-7f2da3de8000 r--p 00002000 08:02 12453859                   /usr/lib/libdl-2.25.so
7f2da3de8000-7f2da3de9000 rw-p 00003000 08:02 12453859                   /usr/lib/libdl-2.25.so
7f2da3de9000-7f2da3df6000 r-xp 00000000 08:02 13115640                   /usr/lib/jvm/java-8-openjdk/jre/lib/amd64/jli/libjli.so
7f2da3df6000-7f2da3ff5000 ---p 0000d000 08:02 13115640                   /usr/lib/jvm/java-8-openjdk/jre/lib/amd64/jli/libjli.so
7f2da3ff5000-7f2da3ff6000 r--p 0000c000 08:02 13115640                   /usr/lib/jvm/java-8-openjdk/jre/lib/amd64/jli/libjli.so
7f2da3ff6000-7f2da3ff7000 rw-p 0000d000 08:02 13115640                   /usr/lib/jvm/java-8-openjdk/jre/lib/amd64/jli/libjli.so
7f2da3ff7000-7f2da400d000 r-xp 00000000 08:02 12458270                   /usr/lib/libz.so.1.2.11
7f2da400d000-7f2da420c000 ---p 00016000 08:02 12458270                   /usr/lib/libz.so.1.2.11
7f2da420c000-7f2da420d000 r--p 00015000 08:02 12458270                   /usr/lib/libz.so.1.2.11
7f2da420d000-7f2da420e000 rw-p 00016000 08:02 12458270                   /usr/lib/libz.so.1.2.11
7f2da420e000-7f2da4227000 r-xp 00000000 08:02 12453945                   /usr/lib/libpthread-2.25.so
7f2da4227000-7f2da4426000 ---p 00019000 08:02 12453945                   /usr/lib/libpthread-2.25.so
7f2da4426000-7f2da4427000 r--p 00018000 08:02 12453945                   /usr/lib/libpthread-2.25.so
7f2da4427000-7f2da4428000 rw-p 00019000 08:02 12453945                   /usr/lib/libpthread-2.25.so
7f2da4428000-7f2da442c000 rw-p 00000000 00:00 0 
7f2da442c000-7f2da444f000 r-xp 00000000 08:02 12453926                   /usr/lib/ld-2.25.so
7f2da4450000-7f2da44fa000 rw-p 00000000 00:00 0 
7f2da44fa000-7f2da44fd000 ---p 00000000 00:00 0 
7f2da44fd000-7f2da45fd000 rw-p 00000000 00:00 0 
7f2da45fd000-7f2da4600000 r--s 00000000 08:02 29885287                   /home/juju/.cache/fontconfig/570b4df63effea234d84616e2f268fc8-le64.cache-7
7f2da4600000-7f2da4601000 r--s 00000000 08:02 1984507                    /var/cache/fontconfig/3830d5c3ddfd5cd38a049b759396e72e-le64.cache-7
7f2da4601000-7f2da4605000 r--s 00022000 08:02 22175222                   /home/juju/Downloads/codemodel-2.6.jar
7f2da4605000-7f2da4607000 r--s 00005000 08:02 22161702                   /home/juju/fwkdevs-v0.7.jar
7f2da4607000-7f2da4608000 rw-s 00000000 00:05 1606000                    /memfd:xshmfence (deleted)
7f2da4608000-7f2da4609000 r--p 00000000 08:02 12512952                   /usr/share/locale/en_GB/LC_MESSAGES/libc.mo
7f2da4609000-7f2da460a000 rwxp 00000000 00:00 0 
7f2da460a000-7f2da461a000 rw-s 17545f000 00:06 12294                     /dev/dri/renderD128
7f2da461a000-7f2da4642000 rw-p 00000000 00:00 0 
7f2da4642000-7f2da464a000 rw-s 00000000 00:26 1605736                    /tmp/hsperfdata_juju/25379
7f2da464a000-7f2da464b000 rw-p 00000000 00:00 0 
7f2da464b000-7f2da464c000 r--p 00000000 00:00 0 
7f2da464c000-7f2da464e000 rw-p 00000000 00:00 0 
7f2da464e000-7f2da464f000 r--p 00022000 08:02 12453926                   /usr/lib/ld-2.25.so
7f2da464f000-7f2da4650000 rw-p 00023000 08:02 12453926                   /usr/lib/ld-2.25.so
7f2da4650000-7f2da4651000 rw-p 00000000 00:00 0 
7ffc55dd2000-7ffc55df3000 rw-p 00000000 00:00 0                          [stack]
7ffc55df8000-7ffc55dfa000 r--p 00000000 00:00 0                          [vvar]
7ffc55dfa000-7ffc55dfc000 r-xp 00000000 00:00 0                          [vdso]
ffffffffff600000-ffffffffff601000 r-xp 00000000 00:00 0                  [vsyscall]

VM Arguments:
jvm_args: -Dfile.encoding=UTF-8 
java_command: main.MainGui
java_class_path (initial): /home/juju/eclipse/projet-fwkDEVS/JavaFXGroup/bin:/home/juju/fwkdevs-v0.7.jar:/home/juju/Downloads/codemodel-2.6.jar
Launcher Type: SUN_STANDARD

Environment Variables:
PATH=/usr/local/sbin:/usr/local/bin:/usr/bin:/opt/android-sdk/tools:/opt/android-sdk/tools/bin:/usr/share/java/basex/bin:/usr/lib/jvm/default/bin:/usr/bin/site_perl:/usr/bin/vendor_perl:/usr/bin/core_perl
SHELL=/usr/bin/zsh
DISPLAY=:0

Signal Handlers:
SIGSEGV: [libjvm.so+0xa2d880], sa_mask[0]=11111111011111111101111111111110, sa_flags=SA_RESTART|SA_SIGINFO
SIGBUS: [libjvm.so+0xa2d880], sa_mask[0]=11111111011111111101111111111110, sa_flags=SA_RESTART|SA_SIGINFO
SIGFPE: [libjvm.so+0x881d40], sa_mask[0]=11111111011111111101111111111110, sa_flags=SA_RESTART|SA_SIGINFO
SIGPIPE: SIG_IGN, sa_mask[0]=00000000000010000000000000000000, sa_flags=SA_RESTART
SIGXFSZ: [libjvm.so+0x881d40], sa_mask[0]=11111111011111111101111111111110, sa_flags=SA_RESTART|SA_SIGINFO
SIGILL: [libjvm.so+0x881d40], sa_mask[0]=11111111011111111101111111111110, sa_flags=SA_RESTART|SA_SIGINFO
SIGUSR1: SIG_DFL, sa_mask[0]=00000000000000000000000000000000, sa_flags=none
SIGUSR2: [libjvm.so+0x881c10], sa_mask[0]=00100000000000000000000000000000, sa_flags=SA_RESTART|SA_SIGINFO
SIGHUP: [libjvm.so+0x882080], sa_mask[0]=11111111011111111101111111111110, sa_flags=SA_RESTART|SA_SIGINFO
SIGINT: [libjvm.so+0x882080], sa_mask[0]=11111111011111111101111111111110, sa_flags=SA_RESTART|SA_SIGINFO
SIGTERM: [libjvm.so+0x882080], sa_mask[0]=11111111011111111101111111111110, sa_flags=SA_RESTART|SA_SIGINFO
SIGQUIT: [libjvm.so+0x882080], sa_mask[0]=11111111011111111101111111111110, sa_flags=SA_RESTART|SA_SIGINFO


---------------  S Y S T E M  ---------------

OS:LSB_VERSION=1.4
DISTRIB_ID=Arch
DISTRIB_RELEASE=rolling
DISTRIB_DESCRIPTION="Arch Linux"

uname:Linux 4.10.1-1-ARCH #1 SMP PREEMPT Sun Feb 26 21:08:53 UTC 2017 x86_64
libc:glibc 2.25 NPTL 2.25 
rlimit: STACK 8192k, CORE infinity, NPROC 63028, NOFILE 4096, AS infinity
load average:0.23 0.47 0.34

/proc/meminfo:
MemTotal:       16378320 kB
MemFree:         5301084 kB
MemAvailable:    8875544 kB
Buffers:          299148 kB
Cached:          3601444 kB
SwapCached:            0 kB
Active:          8171296 kB
Inactive:        2463252 kB
Active(anon):    6800724 kB
Inactive(anon):    87756 kB
Active(file):    1370572 kB
Inactive(file):  2375496 kB
Unevictable:           0 kB
Mlocked:               0 kB
SwapTotal:             0 kB
SwapFree:              0 kB
Dirty:                40 kB
Writeback:             0 kB
AnonPages:       6064020 kB
Mapped:           473304 kB
Shmem:            154528 kB
Slab:             201984 kB
SReclaimable:     160244 kB
SUnreclaim:        41740 kB
KernelStack:        9504 kB
PageTables:        34916 kB
NFS_Unstable:          0 kB
Bounce:                0 kB
WritebackTmp:          0 kB
CommitLimit:     8189160 kB
Committed_AS:    7383440 kB
VmallocTotal:   34359738367 kB
VmallocUsed:           0 kB
VmallocChunk:          0 kB
HardwareCorrupted:     0 kB
AnonHugePages:   3749888 kB
ShmemHugePages:        0 kB
ShmemPmdMapped:        0 kB
HugePages_Total:       0
HugePages_Free:        0
HugePages_Rsvd:        0
HugePages_Surp:        0
Hugepagesize:       2048 kB
DirectMap4k:      256960 kB
DirectMap2M:     9121792 kB
DirectMap1G:     8388608 kB


CPU:total 8 (4 cores per cpu, 2 threads per core) family 6 model 60 stepping 3, cmov, cx8, fxsr, mmx, sse, sse2, sse3, ssse3, sse4.1, sse4.2, popcnt, avx, avx2, aes, clmul, erms, rtm, lzcnt, ht, tsc, tscinvbit, bmi1, bmi2

/proc/cpuinfo:
processor	: 0
vendor_id	: GenuineIntel
cpu family	: 6
model		: 60
model name	: Intel(R) Core(TM) i7-4790K CPU @ 4.00GHz
stepping	: 3
microcode	: 0x19
cpu MHz		: 3897.216
cache size	: 8192 KB
physical id	: 0
siblings	: 8
core id		: 0
cpu cores	: 4
apicid		: 0
initial apicid	: 0
fpu		: yes
fpu_exception	: yes
cpuid level	: 13
wp		: yes
flags		: fpu vme de pse tsc msr pae mce cx8 apic sep mtrr pge mca cmov pat pse36 clflush dts acpi mmx fxsr sse sse2 ss ht tm pbe syscall nx pdpe1gb rdtscp lm constant_tsc arch_perfmon pebs bts rep_good nopl xtopology nonstop_tsc aperfmperf pni pclmulqdq dtes64 monitor ds_cpl vmx est tm2 ssse3 sdbg fma cx16 xtpr pdcm pcid sse4_1 sse4_2 x2apic movbe popcnt tsc_deadline_timer aes xsave avx f16c rdrand lahf_lm abm epb tpr_shadow vnmi flexpriority ept vpid fsgsbase tsc_adjust bmi1 hle avx2 smep bmi2 erms invpcid rtm xsaveopt dtherm ida arat pln pts
bugs		:
bogomips	: 7998.47
clflush size	: 64
cache_alignment	: 64
address sizes	: 39 bits physical, 48 bits virtual
power management:

processor	: 1
vendor_id	: GenuineIntel
cpu family	: 6
model		: 60
model name	: Intel(R) Core(TM) i7-4790K CPU @ 4.00GHz
stepping	: 3
microcode	: 0x19
cpu MHz		: 1877.685
cache size	: 8192 KB
physical id	: 0
siblings	: 8
core id		: 1
cpu cores	: 4
apicid		: 2
initial apicid	: 2
fpu		: yes
fpu_exception	: yes
cpuid level	: 13
wp		: yes
flags		: fpu vme de pse tsc msr pae mce cx8 apic sep mtrr pge mca cmov pat pse36 clflush dts acpi mmx fxsr sse sse2 ss ht tm pbe syscall nx pdpe1gb rdtscp lm constant_tsc arch_perfmon pebs bts rep_good nopl xtopology nonstop_tsc aperfmperf pni pclmulqdq dtes64 monitor ds_cpl vmx est tm2 ssse3 sdbg fma cx16 xtpr pdcm pcid sse4_1 sse4_2 x2apic movbe popcnt tsc_deadline_timer aes xsave avx f16c rdrand lahf_lm abm epb tpr_shadow vnmi flexpriority ept vpid fsgsbase tsc_adjust bmi1 hle avx2 smep bmi2 erms invpcid rtm xsaveopt dtherm ida arat pln pts
bugs		:
bogomips	: 7999.66
clflush size	: 64
cache_alignment	: 64
address sizes	: 39 bits physical, 48 bits virtual
power management:

processor	: 2
vendor_id	: GenuineIntel
cpu family	: 6
model		: 60
model name	: Intel(R) Core(TM) i7-4790K CPU @ 4.00GHz
stepping	: 3
microcode	: 0x19
cpu MHz		: 3499.267
cache size	: 8192 KB
physical id	: 0
siblings	: 8
core id		: 2
cpu cores	: 4
apicid		: 4
initial apicid	: 4
fpu		: yes
fpu_exception	: yes
cpuid level	: 13
wp		: yes
flags		: fpu vme de pse tsc msr pae mce cx8 apic sep mtrr pge mca cmov pat pse36 clflush dts acpi mmx fxsr sse sse2 ss ht tm pbe syscall nx pdpe1gb rdtscp lm constant_tsc arch_perfmon pebs bts rep_good nopl xtopology nonstop_tsc aperfmperf pni pclmulqdq dtes64 monitor ds_cpl vmx est tm2 ssse3 sdbg fma cx16 xtpr pdcm pcid sse4_1 sse4_2 x2apic movbe popcnt tsc_deadline_timer aes xsave avx f16c rdrand lahf_lm abm epb tpr_shadow vnmi flexpriority ept vpid fsgsbase tsc_adjust bmi1 hle avx2 smep bmi2 erms invpcid rtm xsaveopt dtherm ida arat pln pts
bugs		:
bogomips	: 7999.73
clflush size	: 64
cache_alignment	: 64
address sizes	: 39 bits physical, 48 bits virtual
power management:

processor	: 3
vendor_id	: GenuineIntel
cpu family	: 6
model		: 60
model name	: Intel(R) Core(TM) i7-4790K CPU @ 4.00GHz
stepping	: 3
microcode	: 0x19
cpu MHz		: 3884.521
cache size	: 8192 KB
physical id	: 0
siblings	: 8
core id		: 3
cpu cores	: 4
apicid		: 6
initial apicid	: 6
fpu		: yes
fpu_exception	: yes
cpuid level	: 13
wp		: yes
flags		: fpu vme de pse tsc msr pae mce cx8 apic sep mtrr pge mca cmov pat pse36 clflush dts acpi mmx fxsr sse sse2 ss ht tm pbe syscall nx pdpe1gb rdtscp lm constant_tsc arch_perfmon pebs bts rep_good nopl xtopology nonstop_tsc aperfmperf pni pclmulqdq dtes64 monitor ds_cpl vmx est tm2 ssse3 sdbg fma cx16 xtpr pdcm pcid sse4_1 sse4_2 x2apic movbe popcnt tsc_deadline_timer aes xsave avx f16c rdrand lahf_lm abm epb tpr_shadow vnmi flexpriority ept vpid fsgsbase tsc_adjust bmi1 hle avx2 smep bmi2 erms invpcid rtm xsaveopt dtherm ida arat pln pts
bugs		:
bogomips	: 7999.75
clflush size	: 64
cache_alignment	: 64
address sizes	: 39 bits physical, 48 bits virtual
power management:

processor	: 4
vendor_id	: GenuineIntel
cpu family	: 6
model		: 60
model name	: Intel(R) Core(TM) i7-4790K CPU @ 4.00GHz
stepping	: 3
microcode	: 0x19
cpu MHz		: 3998.046
cache size	: 8192 KB
physical id	: 0
siblings	: 8
core id		: 0
cpu cores	: 4
apicid		: 1
initial apicid	: 1
fpu		: yes
fpu_exception	: yes
cpuid level	: 13
wp		: yes
flags		: fpu vme de pse tsc msr pae mce cx8 apic sep mtrr pge mca cmov pat pse36 clflush dts acpi mmx fxsr sse sse2 ss ht tm pbe syscall nx pdpe1gb rdtscp lm constant_tsc arch_perfmon pebs bts rep_good nopl xtopology nonstop_tsc aperfmperf pni pclmulqdq dtes64 monitor ds_cpl vmx est tm2 ssse3 sdbg fma cx16 xtpr pdcm pcid sse4_1 sse4_2 x2apic movbe popcnt tsc_deadline_timer aes xsave avx f16c rdrand lahf_lm abm epb tpr_shadow vnmi flexpriority ept vpid fsgsbase tsc_adjust bmi1 hle avx2 smep bmi2 erms invpcid rtm xsaveopt dtherm ida arat pln pts
bugs		:
bogomips	: 8000.33
clflush size	: 64
cache_alignment	: 64
address sizes	: 39 bits physical, 48 bits virtual
power management:

processor	: 5
vendor_id	: GenuineIntel
cpu family	: 6
model		: 60
model name	: Intel(R) Core(TM) i7-4790K CPU @ 4.00GHz
stepping	: 3
microcode	: 0x19
cpu MHz		: 3857.666
cache size	: 8192 KB
physical id	: 0
siblings	: 8
core id		: 1
cpu cores	: 4
apicid		: 3
initial apicid	: 3
fpu		: yes
fpu_exception	: yes
cpuid level	: 13
wp		: yes
flags		: fpu vme de pse tsc msr pae mce cx8 apic sep mtrr pge mca cmov pat pse36 clflush dts acpi mmx fxsr sse sse2 ss ht tm pbe syscall nx pdpe1gb rdtscp lm constant_tsc arch_perfmon pebs bts rep_good nopl xtopology nonstop_tsc aperfmperf pni pclmulqdq dtes64 monitor ds_cpl vmx est tm2 ssse3 sdbg fma cx16 xtpr pdcm pcid sse4_1 sse4_2 x2apic movbe popcnt tsc_deadline_timer aes xsave avx f16c rdrand lahf_lm abm epb tpr_shadow vnmi flexpriority ept vpid fsgsbase tsc_adjust bmi1 hle avx2 smep bmi2 erms invpcid rtm xsaveopt dtherm ida arat pln pts
bugs		:
bogomips	: 7999.81
clflush size	: 64
cache_alignment	: 64
address sizes	: 39 bits physical, 48 bits virtual
power management:

processor	: 6
vendor_id	: GenuineIntel
cpu family	: 6
model		: 60
model name	: Intel(R) Core(TM) i7-4790K CPU @ 4.00GHz
stepping	: 3
microcode	: 0x19
cpu MHz		: 2661.865
cache size	: 8192 KB
physical id	: 0
siblings	: 8
core id		: 2
cpu cores	: 4
apicid		: 5
initial apicid	: 5
fpu		: yes
fpu_exception	: yes
cpuid level	: 13
wp		: yes
flags		: fpu vme de pse tsc msr pae mce cx8 apic sep mtrr pge mca cmov pat pse36 clflush dts acpi mmx fxsr sse sse2 ss ht tm pbe syscall nx pdpe1gb rdtscp lm constant_tsc arch_perfmon pebs bts rep_good nopl xtopology nonstop_tsc aperfmperf pni pclmulqdq dtes64 monitor ds_cpl vmx est tm2 ssse3 sdbg fma cx16 xtpr pdcm pcid sse4_1 sse4_2 x2apic movbe popcnt tsc_deadline_timer aes xsave avx f16c rdrand lahf_lm abm epb tpr_shadow vnmi flexpriority ept vpid fsgsbase tsc_adjust bmi1 hle avx2 smep bmi2 erms invpcid rtm xsaveopt dtherm ida arat pln pts
bugs		:
bogomips	: 7999.79
clflush size	: 64
cache_alignment	: 64
address sizes	: 39 bits physical, 48 bits virtual
power management:

processor	: 7
vendor_id	: GenuineIntel
cpu family	: 6
model		: 60
model name	: Intel(R) Core(TM) i7-4790K CPU @ 4.00GHz
stepping	: 3
microcode	: 0x19
cpu MHz		: 2083.007
cache size	: 8192 KB
physical id	: 0
siblings	: 8
core id		: 3
cpu cores	: 4
apicid		: 7
initial apicid	: 7
fpu		: yes
fpu_exception	: yes
cpuid level	: 13
wp		: yes
flags		: fpu vme de pse tsc msr pae mce cx8 apic sep mtrr pge mca cmov pat pse36 clflush dts acpi mmx fxsr sse sse2 ss ht tm pbe syscall nx pdpe1gb rdtscp lm constant_tsc arch_perfmon pebs bts rep_good nopl xtopology nonstop_tsc aperfmperf pni pclmulqdq dtes64 monitor ds_cpl vmx est tm2 ssse3 sdbg fma cx16 xtpr pdcm pcid sse4_1 sse4_2 x2apic movbe popcnt tsc_deadline_timer aes xsave avx f16c rdrand lahf_lm abm epb tpr_shadow vnmi flexpriority ept vpid fsgsbase tsc_adjust bmi1 hle avx2 smep bmi2 erms invpcid rtm xsaveopt dtherm ida arat pln pts
bugs		:
bogomips	: 7999.78
clflush size	: 64
cache_alignment	: 64
address sizes	: 39 bits physical, 48 bits virtual
power management:



Memory: 4k page, physical 16378320k(5301084k free), swap 0k(0k free)

vm_info: OpenJDK 64-Bit Server VM (25.121-b13) for linux-amd64 JRE (1.8.0_121-b13), built on Jan 22 2017 09:22:31 by "builduser" with gcc 6.3.1 20170109

time: Mon Mar 13 02:54:28 2017
elapsed time: 19 seconds (0d 0h 0m 19s)

