#
# A fatal error has been detected by the Java Runtime Environment:
#
#  SIGSEGV (0xb) at pc=0x00007fc4579402ae, pid=29360, tid=0x00007fc3d8230700
#
# JRE version: OpenJDK Runtime Environment (8.0_121-b13) (build 1.8.0_121-b13)
# Java VM: OpenJDK 64-Bit Server VM (25.121-b13 mixed mode linux-amd64 compressed oops)
# Problematic frame:
# V  [libjvm.so+0x65c2ae]
#
# Core dump written. Default location: /home/juju/eclipse/projet-fwkDEVS/JavaFXGroup/core or core.29360
#
# If you would like to submit a bug report, please visit:
#   http://bugreport.java.com/bugreport/crash.jsp
#

---------------  T H R E A D  ---------------

Current thread (0x00007fc4502de800):  JavaThread "JavaFX Application Thread" [_thread_in_vm, id=29393, stack(0x00007fc3d8130000,0x00007fc3d8231000)]

siginfo: si_signo: 11 (SIGSEGV), si_code: 128 (SI_KERNEL), si_addr: 0x0000000000000000

Registers:
RAX=0x00007fc45811a650, RBX=0x00007fc4502de800, RCX=0x00007fc450221258, RDX=0x2f6b646a6e65706f
RSP=0x00007fc3d822cf00, RBP=0x00007fc3d822d080, RSI=0x00007fc3d822d0a0, RDI=0x00007fc4502de9e0
R8 =0x00007fc3d822d0d0, R9 =0x00007fc4502de800, R10=0x00007fc3cc002440, R11=0x00007fc441626f00
R12=0x00007fc4502de9e0, R13=0x00007fc4502de800, R14=0x2f6b646a6e65706f, R15=0x00007fc3d822d158
RIP=0x00007fc4579402ae, EFLAGS=0x0000000000010206, CSGSFS=0x002b000000000033, ERR=0x0000000000000000
  TRAPNO=0x000000000000000d

Top of Stack: (sp=0x00007fc3d822cf00)
0x00007fc3d822cf00:   00007fc3d822d000 00007fc4579296ac
0x00007fc3d822cf10:   00007fc4405fa1b0 00007fc3d822cf50
0x00007fc3d822cf20:   00007fc40000000e 00007fc4502de9e0
0x00007fc3d822cf30:   00007fc3d822cf40 00007fc3d822d0a0
0x00007fc3d822cf40:   00007fc440547cf8 00007fc4502de800
0x00007fc3d822cf50:   00007fc440547cf8 00007fc4502de800
0x00007fc3d822cf60:   00007fc4502dddd0 00007fc3fc000a30
0x00007fc3d822cf70:   00007fc3fc000ab0 00007fc3fc000e18
0x00007fc3d822cf80:   00000000000003d8 00007fc4502dde10
0x00007fc3d822cf90:   00007fc440547cf8 00007fc4502de800
0x00007fc3d822cfa0:   000000004053c0e8 0000000770468440
0x00007fc3d822cfb0:   0000000000000000 00007fc441017748
0x00007fc3d822cfc0:   00007fc440547cf8 00007fc4502de800
0x00007fc3d822cfd0:   00007ffc48d5ad0d 0000000770468728
0x00007fc3d822cfe0:   00007fc30000006f 00007fc40000000a
0x00007fc3d822cff0:   000000077070e420 00007fc300000000
0x00007fc3d822d000:   00007fc3d822d190 00007fc4579405a0
0x00007fc3d822d010:   0000000058c9d330 00000001000001a6
0x00007fc3d822d020:   00007fc3d822d110 00007fc3d822cfd8
0x00007fc3d822d030:   00007fc3d822d019 0000000800000005
0x00007fc3d822d040:   00007fc3d822d000 00007fc3d822d1b0
0x00007fc3d822d050:   00007fc44053c0e8 00007fc4502de800
0x00007fc3d822d060:   00007fc4502de9e0 00007fc450221258
0x00007fc3d822d070:   2f6b646a6e65706f 00007fc3d822d158
0x00007fc3d822d080:   00007fc3d822d140 00007fc457948ae7
0x00007fc3d822d090:   0000000000000000 00007fc3d822d0d0
0x00007fc3d822d0a0:   00007fc40000000e 0000001000000000
0x00007fc3d822d0b0:   00007fc4502de800 0000000000000000
0x00007fc3d822d0c0:   0000000000000000 00007fc3d822d2c0
0x00007fc3d822d0d0:   00007fc45811a650 00007fc458e10690
0x00007fc3d822d0e0:   000000000000000b 00007fc300000063
0x00007fc3d822d0f0:   0000000000000000 0000003000000018 

Instructions: (pc=0x00007fc4579402ae)
0x00007fc45794028e:   cd 53 48 81 ec 58 01 00 00 48 85 d2 48 89 bd a8
0x00007fc45794029e:   fe ff ff 48 89 b5 b8 fe ff ff 0f 84 2a 03 00 00
0x00007fc4579402ae:   4c 8b 32 4d 85 f6 0f 84 1e 03 00 00 49 8b b9 20
0x00007fc4579402be:   01 00 00 48 89 cb 4d 89 c4 e8 44 6b ff ff 4c 89 

Register to memory mapping:

RAX=0x00007fc45811a650: <offset 0xe36650> in /usr/lib/jvm/java-8-openjdk/jre/lib/amd64/server/libjvm.so at 0x00007fc4572e4000
RBX=0x00007fc4502de800 is a thread
RCX=0x00007fc450221258 is an unknown value
RDX=0x2f6b646a6e65706f is an unknown value
RSP=0x00007fc3d822cf00 is pointing into the stack for thread: 0x00007fc4502de800
RBP=0x00007fc3d822d080 is pointing into the stack for thread: 0x00007fc4502de800
RSI=0x00007fc3d822d0a0 is pointing into the stack for thread: 0x00007fc4502de800
RDI=0x00007fc4502de9e0 is an unknown value
R8 =0x00007fc3d822d0d0 is pointing into the stack for thread: 0x00007fc4502de800
R9 =0x00007fc4502de800 is a thread
R10=0x00007fc3cc002440 is an unknown value
R11=0x00007fc441626f00 is at entry_point+32 in (nmethod*)0x00007fc441626d90
R12=0x00007fc4502de9e0 is an unknown value
R13=0x00007fc4502de800 is a thread
R14=0x2f6b646a6e65706f is an unknown value
R15=0x00007fc3d822d158 is pointing into the stack for thread: 0x00007fc4502de800


Stack: [0x00007fc3d8130000,0x00007fc3d8231000],  sp=0x00007fc3d822cf00,  free space=1011k
Native frames: (J=compiled Java code, j=interpreted, Vv=VM code, C=native code)
V  [libjvm.so+0x65c2ae]
V  [libjvm.so+0x664ae7]
C  [libglass.so+0x17361]  JNIEnv_::CallVoidMethod(_jobject*, _jmethodID*, ...)+0x81
C  [libglass.so+0x13b66]  WindowContextBase::process_key(_GdkEventKey*)+0x206
C  [libglass.so+0x17d90]  WindowContextBase::im_filter_keypress(_GdkEventKey*)+0x1c0
C  [libglass.so+0x1ebb4]
C  [libgdk-x11-2.0.so.0+0x5b46c]

Java frames: (J=compiled Java code, j=interpreted, Vv=VM code)
j  com.sun.glass.ui.gtk.GtkApplication.enterNestedEventLoopImpl()V+0
j  com.sun.glass.ui.gtk.GtkApplication._enterNestedEventLoop()Ljava/lang/Object;+15
j  com.sun.glass.ui.Application.enterNestedEventLoop()Ljava/lang/Object;+14
j  com.sun.glass.ui.EventLoop.enter()Ljava/lang/Object;+42
j  com.sun.javafx.tk.quantum.QuantumToolkit.enterNestedEventLoop(Ljava/lang/Object;)Ljava/lang/Object;+107
j  javafx.stage.Stage.showAndWait()V+93
j  javafx.scene.control.HeavyweightDialog.showAndWait()V+22
j  javafx.scene.control.Dialog.showAndWait()Ljava/util/Optional;+88
j  main.MainGui.generate()V+48
j  main.MainGui.lambda$10(Ljavafx/event/ActionEvent;)V+1
j  main.MainGui$$Lambda$85.handle(Ljavafx/event/Event;)V+8
J 2728 C2 com.sun.javafx.event.EventHandlerManager.dispatchBubblingEvent(Ljavafx/event/Event;)Ljavafx/event/Event; (23 bytes) @ 0x00007fc44183774c [0x00007fc441836e80+0x8cc]
J 2576 C2 com.sun.javafx.event.BasicEventDispatcher.dispatchEvent(Ljavafx/event/Event;Ljavafx/event/EventDispatchChain;)Ljavafx/event/Event; (44 bytes) @ 0x00007fc4417c67e4 [0x00007fc4417c6620+0x1c4]
J 2481 C2 com.sun.javafx.event.EventDispatchChainImpl.dispatchEvent(Ljavafx/event/Event;)Ljavafx/event/Event; (101 bytes) @ 0x00007fc4417871d8 [0x00007fc441787120+0xb8]
J 2065 C1 com.sun.javafx.event.EventUtil.fireEvent(Ljavafx/event/EventTarget;Ljavafx/event/Event;)Ljavafx/event/Event; (81 bytes) @ 0x00007fc4416223ac [0x00007fc4416217c0+0xbec]
J 2064 C1 javafx.event.Event.fireEvent(Ljavafx/event/EventTarget;Ljavafx/event/Event;)V (35 bytes) @ 0x00007fc4416249ec [0x00007fc441624920+0xcc]
j  javafx.scene.control.MenuItem.fire()V+10
j  com.sun.javafx.scene.control.skin.ContextMenuContent$MenuItemContainer.doSelect()V+97
j  com.sun.javafx.scene.control.skin.ContextMenuContent$MenuItemContainer.lambda$createChildren$6(Ljavafx/scene/input/MouseEvent;)V+1
j  com.sun.javafx.scene.control.skin.ContextMenuContent$MenuItemContainer$$Lambda$292.handle(Ljavafx/event/Event;)V+8
J 2728 C2 com.sun.javafx.event.EventHandlerManager.dispatchBubblingEvent(Ljavafx/event/Event;)Ljavafx/event/Event; (23 bytes) @ 0x00007fc44183722c [0x00007fc441836e80+0x3ac]
J 2576 C2 com.sun.javafx.event.BasicEventDispatcher.dispatchEvent(Ljavafx/event/Event;Ljavafx/event/EventDispatchChain;)Ljavafx/event/Event; (44 bytes) @ 0x00007fc4417c6760 [0x00007fc4417c6620+0x140]
J 2576 C2 com.sun.javafx.event.BasicEventDispatcher.dispatchEvent(Ljavafx/event/Event;Ljavafx/event/EventDispatchChain;)Ljavafx/event/Event; (44 bytes) @ 0x00007fc4417c6714 [0x00007fc4417c6620+0xf4]
J 2576 C2 com.sun.javafx.event.BasicEventDispatcher.dispatchEvent(Ljavafx/event/Event;Ljavafx/event/EventDispatchChain;)Ljavafx/event/Event; (44 bytes) @ 0x00007fc4417c6714 [0x00007fc4417c6620+0xf4]
J 2576 C2 com.sun.javafx.event.BasicEventDispatcher.dispatchEvent(Ljavafx/event/Event;Ljavafx/event/EventDispatchChain;)Ljavafx/event/Event; (44 bytes) @ 0x00007fc4417c6714 [0x00007fc4417c6620+0xf4]
J 2481 C2 com.sun.javafx.event.EventDispatchChainImpl.dispatchEvent(Ljavafx/event/Event;)Ljavafx/event/Event; (101 bytes) @ 0x00007fc4417871d8 [0x00007fc441787120+0xb8]
J 2065 C1 com.sun.javafx.event.EventUtil.fireEvent(Ljavafx/event/EventTarget;Ljavafx/event/Event;)Ljavafx/event/Event; (81 bytes) @ 0x00007fc441621efc [0x00007fc4416217c0+0x73c]
J 2184 C1 javafx.scene.Scene$MouseHandler.process(Ljavafx/scene/input/MouseEvent;Z)V (735 bytes) @ 0x00007fc44168257c [0x00007fc44167fa60+0x2b1c]
J 2488 C1 javafx.scene.Scene$ScenePeerListener.mouseEvent(Ljavafx/event/EventType;DDDDLjavafx/scene/input/MouseButton;ZZZZZZZZZ)V (50 bytes) @ 0x00007fc4417880f4 [0x00007fc441787e20+0x2d4]
J 2483 C1 com.sun.javafx.tk.quantum.GlassViewEventHandler$MouseEventNotification.run()Ljava/lang/Void; (567 bytes) @ 0x00007fc44178b69c [0x00007fc44178a8c0+0xddc]
J 2482 C1 com.sun.javafx.tk.quantum.GlassViewEventHandler$MouseEventNotification.run()Ljava/lang/Object; (5 bytes) @ 0x00007fc441786e0c [0x00007fc441786d80+0x8c]
v  ~StubRoutines::call_stub
J 2053  java.security.AccessController.doPrivileged(Ljava/security/PrivilegedAction;Ljava/security/AccessControlContext;)Ljava/lang/Object; (0 bytes) @ 0x00007fc44161bee3 [0x00007fc44161be80+0x63]
J 2339 C1 com.sun.javafx.tk.quantum.GlassViewEventHandler$$Lambda$244.get()Ljava/lang/Object; (8 bytes) @ 0x00007fc4416ff424 [0x00007fc4416ff240+0x1e4]
J 2180 C1 com.sun.javafx.tk.quantum.QuantumToolkit.runWithoutRenderLock(Ljava/util/function/Supplier;)Ljava/lang/Object; (49 bytes) @ 0x00007fc44167c3b4 [0x00007fc44167be80+0x534]
J 2336 C1 com.sun.javafx.tk.quantum.GlassViewEventHandler.handleMouseEvent(Lcom/sun/glass/ui/View;JIIIIIIIZZ)V (108 bytes) @ 0x00007fc4416fe264 [0x00007fc4416fde40+0x424]
J 2222 C1 com.sun.glass.ui.View.notifyMouse(IIIIIIIZZ)V (221 bytes) @ 0x00007fc4416a7dfc [0x00007fc4416a6d20+0x10dc]
v  ~StubRoutines::call_stub
j  com.sun.glass.ui.gtk.GtkApplication._runLoop(Ljava/lang/Runnable;Z)V+0
j  com.sun.glass.ui.gtk.GtkApplication.lambda$null$5(Ljava/lang/Runnable;Z)V+7
j  com.sun.glass.ui.gtk.GtkApplication$$Lambda$41.run()V+12
j  java.lang.Thread.run()V+11
v  ~StubRoutines::call_stub

---------------  P R O C E S S  ---------------

Java Threads: ( => current thread )
  0x00007fc3cc231800 JavaThread "Prism Font Disposer" daemon [_thread_blocked, id=29395, stack(0x00007fc3cb63c000,0x00007fc3cb73d000)]
  0x00007fc4502e6000 JavaThread "JavaFX-Launcher" [_thread_blocked, id=29394, stack(0x00007fc3d802f000,0x00007fc3d8130000)]
=>0x00007fc4502de800 JavaThread "JavaFX Application Thread" [_thread_in_vm, id=29393, stack(0x00007fc3d8130000,0x00007fc3d8231000)]
  0x00007fc4502da800 JavaThread "Thread-1" daemon [_thread_blocked, id=29392, stack(0x00007fc3d8231000,0x00007fc3d8332000)]
  0x00007fc450207000 JavaThread "QuantumRenderer-0" daemon [_thread_blocked, id=29386, stack(0x00007fc415d6d000,0x00007fc415e6e000)]
  0x00007fc4500da000 JavaThread "Service Thread" daemon [_thread_blocked, id=29382, stack(0x00007fc416005000,0x00007fc416106000)]
  0x00007fc4500c7000 JavaThread "C1 CompilerThread3" daemon [_thread_blocked, id=29381, stack(0x00007fc416106000,0x00007fc416207000)]
  0x00007fc4500c4800 JavaThread "C2 CompilerThread2" daemon [_thread_blocked, id=29380, stack(0x00007fc416207000,0x00007fc416308000)]
  0x00007fc4500c3000 JavaThread "C2 CompilerThread1" daemon [_thread_blocked, id=29379, stack(0x00007fc416308000,0x00007fc416409000)]
  0x00007fc4500c0000 JavaThread "C2 CompilerThread0" daemon [_thread_blocked, id=29378, stack(0x00007fc416409000,0x00007fc41650a000)]
  0x00007fc4500be800 JavaThread "Signal Dispatcher" daemon [_thread_blocked, id=29377, stack(0x00007fc41650a000,0x00007fc41660b000)]
  0x00007fc45008b800 JavaThread "Finalizer" daemon [_thread_blocked, id=29376, stack(0x00007fc4167a3000,0x00007fc4168a4000)]
  0x00007fc450087000 JavaThread "Reference Handler" daemon [_thread_blocked, id=29375, stack(0x00007fc4168a4000,0x00007fc4169a5000)]
  0x00007fc450009800 JavaThread "main" [_thread_blocked, id=29362, stack(0x00007fc458eb4000,0x00007fc458fb5000)]

Other Threads:
  0x00007fc45007f800 VMThread [stack: 0x00007fc4169a5000,0x00007fc416aa6000] [id=29374]
  0x00007fc4500dc800 WatcherThread [stack: 0x00007fc415f04000,0x00007fc416005000] [id=29383]

VM state:not at safepoint (normal execution)

VM Mutex/Monitor currently owned by a thread: None

Heap:
 PSYoungGen      total 74752K, used 61982K [0x000000076cb00000, 0x0000000771e00000, 0x00000007c0000000)
  eden space 64512K, 96% used [0x000000076cb00000,0x0000000770787a38,0x0000000770a00000)
  from space 10240K, 0% used [0x0000000771400000,0x0000000771400000,0x0000000771e00000)
  to   space 10240K, 0% used [0x0000000770a00000,0x0000000770a00000,0x0000000771400000)
 ParOldGen       total 171008K, used 0K [0x00000006c6000000, 0x00000006d0700000, 0x000000076cb00000)
  object space 171008K, 0% used [0x00000006c6000000,0x00000006c6000000,0x00000006d0700000)
 Metaspace       used 18789K, capacity 20154K, committed 20480K, reserved 1067008K
  class space    used 2675K, capacity 2949K, committed 3072K, reserved 1048576K

Card table byte_map: [0x00007fc4553b3000,0x00007fc455b84000] byte_map_base: 0x00007fc451d83000

Marking Bits: (ParMarkBitMap*) 0x00007fc4581de260
 Begin Bits: [0x00007fc418300000, 0x00007fc41c180000)
 End Bits:   [0x00007fc41c180000, 0x00007fc420000000)

Polling page: 0x00007fc459005000

CodeCache: size=245760Kb used=9101Kb max_used=9101Kb free=236658Kb
 bounds [0x00007fc441000000, 0x00007fc4418f0000, 0x00007fc450000000]
 total_blobs=3534 nmethods=2884 adapters=563
 compilation: enabled

Compilation events (10 events):
Event: 11.412 Thread 0x00007fc4500c7000 2880       3       javafx.scene.control.Labeled::getLineSpacing (22 bytes)
Event: 11.412 Thread 0x00007fc4500c7000 nmethod 2880 0x00007fc4418dced0 code [0x00007fc4418dd080, 0x00007fc4418dd668]
Event: 11.412 Thread 0x00007fc4500c7000 2881       3       javafx.scene.Node::impl_updatePeer (364 bytes)
Event: 11.415 Thread 0x00007fc4500c7000 nmethod 2881 0x00007fc4418dd910 code [0x00007fc4418de060, 0x00007fc4418e4d48]
Event: 11.415 Thread 0x00007fc4500c7000 2882       1       com.sun.prism.impl.shape.MaskData::getOriginX (5 bytes)
Event: 11.415 Thread 0x00007fc4500c7000 nmethod 2882 0x00007fc4418e7390 code [0x00007fc4418e74e0, 0x00007fc4418e75f0]
Event: 11.415 Thread 0x00007fc4500c7000 2883       1       com.sun.prism.impl.shape.MaskData::getOriginY (5 bytes)
Event: 11.415 Thread 0x00007fc4500c7000 nmethod 2883 0x00007fc4418e7650 code [0x00007fc4418e77a0, 0x00007fc4418e78b0]
Event: 11.817 Thread 0x00007fc4500c7000 2884       3       java.util.concurrent.locks.AbstractQueuedSynchronizer::unparkSuccessor (84 bytes)
Event: 11.817 Thread 0x00007fc4500c7000 nmethod 2884 0x00007fc4418e7910 code [0x00007fc4418e7ac0, 0x00007fc4418e8028]

GC Heap History (0 events):
No events

Deoptimization events (10 events):
Event: 10.780 Thread 0x00007fc4502de800 Uncommon trap: reason=bimorphic action=maybe_recompile pc=0x00007fc4417f3e18 method=javafx.beans.property.BooleanPropertyBase.get()Z @ 23
Event: 10.780 Thread 0x00007fc4502de800 Uncommon trap: reason=bimorphic action=maybe_recompile pc=0x00007fc44183105c method=javafx.beans.property.BooleanPropertyBase.get()Z @ 23
Event: 10.788 Thread 0x00007fc4502de800 Uncommon trap: reason=class_check action=maybe_recompile pc=0x00007fc4417cd5f8 method=javafx.beans.property.DoublePropertyBase.get()D @ 23
Event: 10.789 Thread 0x00007fc4502de800 Uncommon trap: reason=class_check action=maybe_recompile pc=0x00007fc4417cd5f8 method=javafx.beans.property.DoublePropertyBase.get()D @ 23
Event: 10.789 Thread 0x00007fc4502de800 Uncommon trap: reason=class_check action=maybe_recompile pc=0x00007fc4417cd5f8 method=javafx.beans.property.DoublePropertyBase.get()D @ 23
Event: 10.795 Thread 0x00007fc4502de800 Uncommon trap: reason=bimorphic action=maybe_recompile pc=0x00007fc4417f3e18 method=javafx.beans.property.BooleanPropertyBase.get()Z @ 23
Event: 10.795 Thread 0x00007fc4502de800 Uncommon trap: reason=class_check action=maybe_recompile pc=0x00007fc4417cd5f8 method=javafx.beans.property.DoublePropertyBase.get()D @ 23
Event: 10.814 Thread 0x00007fc4502de800 Uncommon trap: reason=bimorphic action=maybe_recompile pc=0x00007fc44183105c method=javafx.beans.property.BooleanPropertyBase.get()Z @ 23
Event: 11.215 Thread 0x00007fc450207000 Uncommon trap: reason=unstable_if action=reinterpret pc=0x00007fc44161fc20 method=com.sun.openpisces.Renderer.produceAlphas(Lcom/sun/openpisces/AlphaConsumer;)V @ 326
Event: 11.280 Thread 0x00007fc450207000 Uncommon trap: reason=unstable_if action=reinterpret pc=0x00007fc44153cfd8 method=com.sun.openpisces.Renderer.produceAlphas(Lcom/sun/openpisces/AlphaConsumer;)V @ 326

Internal exceptions (10 events):
Event: 0.084 Thread 0x00007fc450009800 Exception <a 'java/security/PrivilegedActionException'> (0x000000076ce563c0) thrown at [/build/java8-openjdk/src/jdk8u-jdk8u121-b13/hotspot/src/share/vm/prims/jvm.cpp, line 1390]
Event: 0.084 Thread 0x00007fc450009800 Exception <a 'java/security/PrivilegedActionException'> (0x000000076ce565d0) thrown at [/build/java8-openjdk/src/jdk8u-jdk8u121-b13/hotspot/src/share/vm/prims/jvm.cpp, line 1390]
Event: 0.084 Thread 0x00007fc450009800 Exception <a 'java/security/PrivilegedActionException'> (0x000000076ce58470) thrown at [/build/java8-openjdk/src/jdk8u-jdk8u121-b13/hotspot/src/share/vm/prims/jvm.cpp, line 1390]
Event: 0.084 Thread 0x00007fc450009800 Exception <a 'java/security/PrivilegedActionException'> (0x000000076ce58680) thrown at [/build/java8-openjdk/src/jdk8u-jdk8u121-b13/hotspot/src/share/vm/prims/jvm.cpp, line 1390]
Event: 0.084 Thread 0x00007fc450009800 Exception <a 'java/security/PrivilegedActionException'> (0x000000076ce590e0) thrown at [/build/java8-openjdk/src/jdk8u-jdk8u121-b13/hotspot/src/share/vm/prims/jvm.cpp, line 1390]
Event: 0.084 Thread 0x00007fc450009800 Exception <a 'java/security/PrivilegedActionException'> (0x000000076ce592f0) thrown at [/build/java8-openjdk/src/jdk8u-jdk8u121-b13/hotspot/src/share/vm/prims/jvm.cpp, line 1390]
Event: 0.084 Thread 0x00007fc450009800 Exception <a 'java/lang/NullPointerException'> (0x000000076ce598c8) thrown at [/build/java8-openjdk/src/jdk8u-jdk8u121-b13/hotspot/src/share/vm/interpreter/linkResolver.cpp, line 1178]
Event: 0.239 Thread 0x00007fc4502de800 Exception <a 'java/lang/NullPointerException'> (0x000000076dab7a88) thrown at [/build/java8-openjdk/src/jdk8u-jdk8u121-b13/hotspot/src/share/vm/interpreter/linkResolver.cpp, line 1178]
Event: 0.239 Thread 0x00007fc4502de800 Exception <a 'java/lang/NullPointerException'> (0x000000076dab7a88) thrown at [/build/java8-openjdk/src/jdk8u-jdk8u121-b13/hotspot/src/share/vm/prims/jvm.cpp, line 1394]
Event: 2.138 Thread 0x00007fc4502de800 Implicit null exception at 0x00007fc4413e9111 to 0x00007fc4413e96bd

Events (10 events):
Event: 11.215 Thread 0x00007fc450207000 DEOPT UNPACKING pc=0x00007fc441004f69 sp=0x00007fc415e6a020 mode 2
Event: 11.280 Thread 0x00007fc450207000 Uncommon trap: trap_request=0xffffff65 fr.pc=0x00007fc44153cfd8
Event: 11.280 Thread 0x00007fc450207000 DEOPT PACKING pc=0x00007fc44153cfd8 sp=0x00007fc415e6a0b0
Event: 11.280 Thread 0x00007fc450207000 DEOPT UNPACKING pc=0x00007fc441004f69 sp=0x00007fc415e6a030 mode 2
Event: 11.833 loading class javafx/scene/input/KeyCombination$2
Event: 11.833 loading class javafx/scene/input/KeyCombination$2 done
Event: 11.833 loading class com/sun/prism/GraphicsResource
Event: 11.833 loading class com/sun/prism/GraphicsResource done
Event: 11.834 loading class com/sun/prism/GraphicsResource
Event: 11.834 loading class com/sun/prism/GraphicsResource done


Dynamic libraries:
00400000-00401000 r-xp 00000000 08:02 12714329                           /usr/lib/jvm/java-8-openjdk/jre/bin/java
00600000-00601000 r--p 00000000 08:02 12714329                           /usr/lib/jvm/java-8-openjdk/jre/bin/java
00601000-00602000 rw-p 00001000 08:02 12714329                           /usr/lib/jvm/java-8-openjdk/jre/bin/java
021c8000-021e9000 rw-p 00000000 00:00 0                                  [heap]
6c6000000-6d0700000 rw-p 00000000 00:00 0 
6d0700000-76cb00000 ---p 00000000 00:00 0 
76cb00000-771e00000 rw-p 00000000 00:00 0 
771e00000-7c0000000 ---p 00000000 00:00 0 
7c0000000-7c0300000 rw-p 00000000 00:00 0 
7c0300000-800000000 ---p 00000000 00:00 0 
7fc39c000000-7fc39c15d000 rw-p 00000000 00:00 0 
7fc39c15d000-7fc3a0000000 ---p 00000000 00:00 0 
7fc3a4000000-7fc3a41a0000 rw-p 00000000 00:00 0 
7fc3a41a0000-7fc3a8000000 ---p 00000000 00:00 0 
7fc3a8000000-7fc3a81dc000 rw-p 00000000 00:00 0 
7fc3a81dc000-7fc3ac000000 ---p 00000000 00:00 0 
7fc3ac000000-7fc3ac1aa000 rw-p 00000000 00:00 0 
7fc3ac1aa000-7fc3b0000000 ---p 00000000 00:00 0 
7fc3b0000000-7fc3b4000000 rw-s 00000000 00:05 1084569                    /memfd:pulseaudio (deleted)
7fc3b4000000-7fc3b8000000 rw-s 00000000 00:05 954815                     /memfd:pulseaudio (deleted)
7fc3b8000000-7fc3b8021000 rw-p 00000000 00:00 0 
7fc3b8021000-7fc3bc000000 ---p 00000000 00:00 0 
7fc3bc000000-7fc3c0000000 rw-s 00000000 00:05 1088586                    /memfd:pulseaudio (deleted)
7fc3c0000000-7fc3c4000000 rw-s 00000000 00:05 1088586                    /memfd:pulseaudio (deleted)
7fc3c4000000-7fc3c4021000 rw-p 00000000 00:00 0 
7fc3c4021000-7fc3c8000000 ---p 00000000 00:00 0 
7fc3c8498000-7fc3c8598000 rw-p 00000000 00:00 0 
7fc3c8598000-7fc3c8698000 ---p 00000000 00:00 0 
7fc3c8698000-7fc3c8798000 rw-s 12b149000 00:06 12292                     /dev/dri/renderD128
7fc3c8798000-7fc3c8898000 rw-s 12b048000 00:06 12292                     /dev/dri/renderD128
7fc3c8998000-7fc3c89a8000 rw-s 12a7f3000 00:06 12292                     /dev/dri/renderD128
7fc3c8a2a000-7fc3c8c2a000 rw-p 00000000 00:00 0 
7fc3c8d2a000-7fc3c8d2b000 ---p 00000000 00:00 0 
7fc3c8d2b000-7fc3c952b000 rw-p 00000000 00:00 0 
7fc3c952b000-7fc3c95bc000 r-xp 00000000 08:02 12478699                   /usr/lib/libvorbisenc.so.2.0.11
7fc3c95bc000-7fc3c97bb000 ---p 00091000 08:02 12478699                   /usr/lib/libvorbisenc.so.2.0.11
7fc3c97bb000-7fc3c97dd000 r--p 00090000 08:02 12478699                   /usr/lib/libvorbisenc.so.2.0.11
7fc3c97dd000-7fc3c97de000 rw-p 000b2000 08:02 12478699                   /usr/lib/libvorbisenc.so.2.0.11
7fc3c97de000-7fc3c9854000 r-xp 00000000 08:02 12478688                   /usr/lib/libFLAC.so.8.3.0
7fc3c9854000-7fc3c9a54000 ---p 00076000 08:02 12478688                   /usr/lib/libFLAC.so.8.3.0
7fc3c9a54000-7fc3c9a55000 r--p 00076000 08:02 12478688                   /usr/lib/libFLAC.so.8.3.0
7fc3c9a55000-7fc3c9a56000 rw-p 00077000 08:02 12478688                   /usr/lib/libFLAC.so.8.3.0
7fc3c9a56000-7fc3c9a6a000 r-xp 00000000 08:02 12521925                   /usr/lib/libgpg-error.so.0.22.0
7fc3c9a6a000-7fc3c9c69000 ---p 00014000 08:02 12521925                   /usr/lib/libgpg-error.so.0.22.0
7fc3c9c69000-7fc3c9c6a000 r--p 00013000 08:02 12521925                   /usr/lib/libgpg-error.so.0.22.0
7fc3c9c6a000-7fc3c9c6b000 rw-p 00014000 08:02 12521925                   /usr/lib/libgpg-error.so.0.22.0
7fc3c9c6b000-7fc3c9d72000 r-xp 00000000 08:02 12500245                   /usr/lib/libgcrypt.so.20.1.6
7fc3c9d72000-7fc3c9f71000 ---p 00107000 08:02 12500245                   /usr/lib/libgcrypt.so.20.1.6
7fc3c9f71000-7fc3c9f73000 r--p 00106000 08:02 12500245                   /usr/lib/libgcrypt.so.20.1.6
7fc3c9f73000-7fc3c9f7a000 rw-p 00108000 08:02 12500245                   /usr/lib/libgcrypt.so.20.1.6
7fc3c9f7a000-7fc3c9f8d000 r-xp 00000000 08:02 12492007                   /usr/lib/liblz4.so.1.7.5
7fc3c9f8d000-7fc3ca18c000 ---p 00013000 08:02 12492007                   /usr/lib/liblz4.so.1.7.5
7fc3ca18c000-7fc3ca18d000 r--p 00012000 08:02 12492007                   /usr/lib/liblz4.so.1.7.5
7fc3ca18d000-7fc3ca18e000 rw-p 00013000 08:02 12492007                   /usr/lib/liblz4.so.1.7.5
7fc3ca18e000-7fc3ca1b3000 r-xp 00000000 08:02 12463061                   /usr/lib/liblzma.so.5.2.3
7fc3ca1b3000-7fc3ca3b2000 ---p 00025000 08:02 12463061                   /usr/lib/liblzma.so.5.2.3
7fc3ca3b2000-7fc3ca3b3000 r--p 00024000 08:02 12463061                   /usr/lib/liblzma.so.5.2.3
7fc3ca3b3000-7fc3ca3b4000 rw-p 00025000 08:02 12463061                   /usr/lib/liblzma.so.5.2.3
7fc3ca3b4000-7fc3ca3b8000 r-xp 00000000 08:02 12458225                   /usr/lib/libcap.so.2.25
7fc3ca3b8000-7fc3ca5b7000 ---p 00004000 08:02 12458225                   /usr/lib/libcap.so.2.25
7fc3ca5b7000-7fc3ca5b8000 rw-p 00003000 08:02 12458225                   /usr/lib/libcap.so.2.25
7fc3ca5b8000-7fc3ca5bd000 r-xp 00000000 08:02 12479059                   /usr/lib/libasyncns.so.0.3.1
7fc3ca5bd000-7fc3ca7bc000 ---p 00005000 08:02 12479059                   /usr/lib/libasyncns.so.0.3.1
7fc3ca7bc000-7fc3ca7bd000 r--p 00004000 08:02 12479059                   /usr/lib/libasyncns.so.0.3.1
7fc3ca7bd000-7fc3ca7be000 rw-p 00005000 08:02 12479059                   /usr/lib/libasyncns.so.0.3.1
7fc3ca7be000-7fc3ca831000 r-xp 00000000 08:02 12478720                   /usr/lib/libsndfile.so.1.0.27
7fc3ca831000-7fc3caa31000 ---p 00073000 08:02 12478720                   /usr/lib/libsndfile.so.1.0.27
7fc3caa31000-7fc3caa33000 r--p 00073000 08:02 12478720                   /usr/lib/libsndfile.so.1.0.27
7fc3caa33000-7fc3caa34000 rw-p 00075000 08:02 12478720                   /usr/lib/libsndfile.so.1.0.27
7fc3caa34000-7fc3caa36000 rw-p 00000000 00:00 0 
7fc3caa36000-7fc3caaba000 r-xp 00000000 08:02 12551929                   /usr/lib/libsystemd.so.0.17.0
7fc3caaba000-7fc3caabd000 r--p 00083000 08:02 12551929                   /usr/lib/libsystemd.so.0.17.0
7fc3caabd000-7fc3caabe000 rw-p 00086000 08:02 12551929                   /usr/lib/libsystemd.so.0.17.0
7fc3caabe000-7fc3caabf000 rw-p 00000000 00:00 0 
7fc3caabf000-7fc3cab0d000 r-xp 00000000 08:02 12454568                   /usr/lib/libdbus-1.so.3.14.10
7fc3cab0d000-7fc3cad0c000 ---p 0004e000 08:02 12454568                   /usr/lib/libdbus-1.so.3.14.10
7fc3cad0c000-7fc3cad0d000 r--p 0004d000 08:02 12454568                   /usr/lib/libdbus-1.so.3.14.10
7fc3cad0d000-7fc3cad0e000 rw-p 0004e000 08:02 12454568                   /usr/lib/libdbus-1.so.3.14.10
7fc3cad0e000-7fc3cad0f000 rw-p 00000000 00:00 0 
7fc3cad0f000-7fc3cad91000 r-xp 00000000 08:02 13371478                   /usr/lib/pulseaudio/libpulsecommon-10.0.so
7fc3cad91000-7fc3caf91000 ---p 00082000 08:02 13371478                   /usr/lib/pulseaudio/libpulsecommon-10.0.so
7fc3caf91000-7fc3caf92000 r--p 00082000 08:02 13371478                   /usr/lib/pulseaudio/libpulsecommon-10.0.so
7fc3caf92000-7fc3caf94000 rw-p 00083000 08:02 13371478                   /usr/lib/pulseaudio/libpulsecommon-10.0.so
7fc3caf94000-7fc3cafe4000 r-xp 00000000 08:02 12479071                   /usr/lib/libpulse.so.0.20.1
7fc3cafe4000-7fc3cb1e3000 ---p 00050000 08:02 12479071                   /usr/lib/libpulse.so.0.20.1
7fc3cb1e3000-7fc3cb1e4000 r--p 0004f000 08:02 12479071                   /usr/lib/libpulse.so.0.20.1
7fc3cb1e4000-7fc3cb1e5000 rw-p 00050000 08:02 12479071                   /usr/lib/libpulse.so.0.20.1
7fc3cb234000-7fc3cb23b000 r-xp 00000000 08:02 13116031                   /usr/lib/libcanberra-0.30/libcanberra-pulse.so
7fc3cb23b000-7fc3cb43a000 ---p 00007000 08:02 13116031                   /usr/lib/libcanberra-0.30/libcanberra-pulse.so
7fc3cb43a000-7fc3cb43b000 r--p 00006000 08:02 13116031                   /usr/lib/libcanberra-0.30/libcanberra-pulse.so
7fc3cb43b000-7fc3cb43c000 rw-p 00007000 08:02 13116031                   /usr/lib/libcanberra-0.30/libcanberra-pulse.so
7fc3cb43c000-7fc3cb63c000 rw-p 00000000 00:00 0 
7fc3cb63c000-7fc3cb63f000 ---p 00000000 00:00 0 
7fc3cb63f000-7fc3cb73d000 rw-p 00000000 00:00 0 
7fc3cb73d000-7fc3cb7f6000 r--p 00000000 08:02 12985419                   /usr/share/fonts/TTF/DejaVuSans.ttf
7fc3cb7f6000-7fc3cb9f6000 rw-p 00000000 00:00 0 
7fc3cb9f6000-7fc3cb9fb000 r-xp 00000000 08:02 12722162                   /usr/lib/jvm/java-8-openjdk/jre/lib/amd64/libjavafx_font_freetype.so
7fc3cb9fb000-7fc3cbbfa000 ---p 00005000 08:02 12722162                   /usr/lib/jvm/java-8-openjdk/jre/lib/amd64/libjavafx_font_freetype.so
7fc3cbbfa000-7fc3cbbfb000 r--p 00004000 08:02 12722162                   /usr/lib/jvm/java-8-openjdk/jre/lib/amd64/libjavafx_font_freetype.so
7fc3cbbfb000-7fc3cbbfc000 rw-p 00005000 08:02 12722162                   /usr/lib/jvm/java-8-openjdk/jre/lib/amd64/libjavafx_font_freetype.so
7fc3cbbfc000-7fc3cbbff000 r-xp 00000000 08:02 12722161                   /usr/lib/jvm/java-8-openjdk/jre/lib/amd64/libjavafx_font.so
7fc3cbbff000-7fc3cbdfe000 ---p 00003000 08:02 12722161                   /usr/lib/jvm/java-8-openjdk/jre/lib/amd64/libjavafx_font.so
7fc3cbdfe000-7fc3cbdff000 r--p 00002000 08:02 12722161                   /usr/lib/jvm/java-8-openjdk/jre/lib/amd64/libjavafx_font.so
7fc3cbdff000-7fc3cbe00000 rw-p 00003000 08:02 12722161                   /usr/lib/jvm/java-8-openjdk/jre/lib/amd64/libjavafx_font.so
7fc3cbe00000-7fc3cc000000 rw-p 00000000 00:00 0 
7fc3cc000000-7fc3cc490000 rw-p 00000000 00:00 0 
7fc3cc490000-7fc3d0000000 ---p 00000000 00:00 0 
7fc3d0000000-7fc3d0021000 rw-p 00000000 00:00 0 
7fc3d0021000-7fc3d4000000 ---p 00000000 00:00 0 
7fc3d4000000-7fc3d4021000 rw-p 00000000 00:00 0 
7fc3d4021000-7fc3d8000000 ---p 00000000 00:00 0 
7fc3d8011000-7fc3d8012000 rw-s 1160c7000 00:06 12292                     /dev/dri/renderD128
7fc3d801e000-7fc3d801f000 rw-s 12b2fa000 00:06 12292                     /dev/dri/renderD128
7fc3d801f000-7fc3d8020000 rw-s 12b2f9000 00:06 12292                     /dev/dri/renderD128
7fc3d8022000-7fc3d8023000 rw-s 12b2e9000 00:06 12292                     /dev/dri/renderD128
7fc3d8023000-7fc3d8024000 rw-s 12b2e8000 00:06 12292                     /dev/dri/renderD128
7fc3d802f000-7fc3d8032000 ---p 00000000 00:00 0 
7fc3d8032000-7fc3d8130000 rw-p 00000000 00:00 0 
7fc3d8130000-7fc3d8133000 ---p 00000000 00:00 0 
7fc3d8133000-7fc3d8231000 rw-p 00000000 00:00 0 
7fc3d8231000-7fc3d8234000 ---p 00000000 00:00 0 
7fc3d8234000-7fc3d8332000 rw-p 00000000 00:00 0 
7fc3d8332000-7fc3d8338000 r-xp 00000000 08:02 12478684                   /usr/lib/libogg.so.0.8.2
7fc3d8338000-7fc3d8537000 ---p 00006000 08:02 12478684                   /usr/lib/libogg.so.0.8.2
7fc3d8537000-7fc3d8538000 r--p 00005000 08:02 12478684                   /usr/lib/libogg.so.0.8.2
7fc3d8538000-7fc3d8539000 rw-p 00006000 08:02 12478684                   /usr/lib/libogg.so.0.8.2
7fc3d8539000-7fc3d8564000 r-xp 00000000 08:02 12478702                   /usr/lib/libvorbis.so.0.4.8
7fc3d8564000-7fc3d8764000 ---p 0002b000 08:02 12478702                   /usr/lib/libvorbis.so.0.4.8
7fc3d8764000-7fc3d8765000 r--p 0002b000 08:02 12478702                   /usr/lib/libvorbis.so.0.4.8
7fc3d8765000-7fc3d8766000 rw-p 0002c000 08:02 12478702                   /usr/lib/libvorbis.so.0.4.8
7fc3d8766000-7fc3d876f000 r-xp 00000000 08:02 12472170                   /usr/lib/libltdl.so.7.3.1
7fc3d876f000-7fc3d896e000 ---p 00009000 08:02 12472170                   /usr/lib/libltdl.so.7.3.1
7fc3d896e000-7fc3d896f000 r--p 00008000 08:02 12472170                   /usr/lib/libltdl.so.7.3.1
7fc3d896f000-7fc3d8970000 rw-p 00009000 08:02 12472170                   /usr/lib/libltdl.so.7.3.1
7fc3d8970000-7fc3d8985000 r-xp 00000000 08:02 12479210                   /usr/lib/libtdb.so.1.3.12
7fc3d8985000-7fc3d8b84000 ---p 00015000 08:02 12479210                   /usr/lib/libtdb.so.1.3.12
7fc3d8b84000-7fc3d8b85000 r--p 00014000 08:02 12479210                   /usr/lib/libtdb.so.1.3.12
7fc3d8b85000-7fc3d8b86000 rw-p 00015000 08:02 12479210                   /usr/lib/libtdb.so.1.3.12
7fc3d8b86000-7fc3d8b8e000 r-xp 00000000 08:02 12478706                   /usr/lib/libvorbisfile.so.3.3.7
7fc3d8b8e000-7fc3d8d8d000 ---p 00008000 08:02 12478706                   /usr/lib/libvorbisfile.so.3.3.7
7fc3d8d8d000-7fc3d8d8e000 r--p 00007000 08:02 12478706                   /usr/lib/libvorbisfile.so.3.3.7
7fc3d8d8e000-7fc3d8d8f000 rw-p 00008000 08:02 12478706                   /usr/lib/libvorbisfile.so.3.3.7
7fc3d8d8f000-7fc3d8da0000 r-xp 00000000 08:02 12489347                   /usr/lib/libcanberra.so.0.2.5
7fc3d8da0000-7fc3d8f9f000 ---p 00011000 08:02 12489347                   /usr/lib/libcanberra.so.0.2.5
7fc3d8f9f000-7fc3d8fa0000 r--p 00010000 08:02 12489347                   /usr/lib/libcanberra.so.0.2.5
7fc3d8fa0000-7fc3d8fa1000 rw-p 00011000 08:02 12489347                   /usr/lib/libcanberra.so.0.2.5
7fc3d8fa1000-7fc3d8fa5000 r-xp 00000000 08:02 12489349                   /usr/lib/libcanberra-gtk.so.0.1.9
7fc3d8fa5000-7fc3d91a4000 ---p 00004000 08:02 12489349                   /usr/lib/libcanberra-gtk.so.0.1.9
7fc3d91a4000-7fc3d91a5000 r--p 00003000 08:02 12489349                   /usr/lib/libcanberra-gtk.so.0.1.9
7fc3d91a5000-7fc3d91a6000 rw-p 00004000 08:02 12489349                   /usr/lib/libcanberra-gtk.so.0.1.9
7fc3d91a6000-7fc3d91ab000 r-xp 00000000 08:02 12593507                   /usr/lib/gtk-2.0/modules/libcanberra-gtk-module.so
7fc3d91ab000-7fc3d93aa000 ---p 00005000 08:02 12593507                   /usr/lib/gtk-2.0/modules/libcanberra-gtk-module.so
7fc3d93aa000-7fc3d93ab000 r--p 00004000 08:02 12593507                   /usr/lib/gtk-2.0/modules/libcanberra-gtk-module.so
7fc3d93ab000-7fc3d93ac000 rw-p 00005000 08:02 12593507                   /usr/lib/gtk-2.0/modules/libcanberra-gtk-module.so
7fc3d93ac000-7fc3d93d5000 r-xp 00000000 08:02 12722159                   /usr/lib/jvm/java-8-openjdk/jre/lib/amd64/libglass.so
7fc3d93d5000-7fc3d95d5000 ---p 00029000 08:02 12722159                   /usr/lib/jvm/java-8-openjdk/jre/lib/amd64/libglass.so
7fc3d95d5000-7fc3d95d6000 r--p 00029000 08:02 12722159                   /usr/lib/jvm/java-8-openjdk/jre/lib/amd64/libglass.so
7fc3d95d6000-7fc3d95d7000 rw-p 0002a000 08:02 12722159                   /usr/lib/jvm/java-8-openjdk/jre/lib/amd64/libglass.so
7fc3d95d7000-7fc3d95d8000 rw-p 00000000 00:00 0 
7fc3d95d8000-7fc3d96d8000 rw-s 131a3e000 00:06 12292                     /dev/dri/renderD128
7fc3d96d8000-7fc3d96d9000 ---p 00000000 00:00 0 
7fc3d96d9000-7fc3d9ed9000 rw-p 00000000 00:00 0 
7fc3d9ed9000-7fc3d9eda000 ---p 00000000 00:00 0 
7fc3d9eda000-7fc3da6da000 rw-p 00000000 00:00 0 
7fc3da6da000-7fc3da6db000 ---p 00000000 00:00 0 
7fc3da6db000-7fc3daedb000 rw-p 00000000 00:00 0 
7fc3daedb000-7fc3daedc000 ---p 00000000 00:00 0 
7fc3daedc000-7fc3db6dc000 rw-p 00000000 00:00 0 
7fc3db6dc000-7fc3db6e0000 r-xp 00000000 08:02 12476402                   /usr/lib/libtxc_dxtn.so
7fc3db6e0000-7fc3db8df000 ---p 00004000 08:02 12476402                   /usr/lib/libtxc_dxtn.so
7fc3db8df000-7fc3db8e0000 r--p 00003000 08:02 12476402                   /usr/lib/libtxc_dxtn.so
7fc3db8e0000-7fc3db8e1000 rw-p 00004000 08:02 12476402                   /usr/lib/libtxc_dxtn.so
7fc3db8e1000-7fc3db8e2000 ---p 00000000 00:00 0 
7fc3db8e2000-7fc3dc0e2000 rw-p 00000000 00:00 0 
7fc3dc0e2000-7fc3dc149000 r-xp 00000000 08:02 12491583                   /usr/lib/libncursesw.so.6.0
7fc3dc149000-7fc3dc348000 ---p 00067000 08:02 12491583                   /usr/lib/libncursesw.so.6.0
7fc3dc348000-7fc3dc34c000 r--p 00066000 08:02 12491583                   /usr/lib/libncursesw.so.6.0
7fc3dc34c000-7fc3dc34e000 rw-p 0006a000 08:02 12491583                   /usr/lib/libncursesw.so.6.0
7fc3dc34e000-7fc3dc37f000 r-xp 00000000 08:02 12500208                   /usr/lib/libedit.so.0.0.55
7fc3dc37f000-7fc3dc57f000 ---p 00031000 08:02 12500208                   /usr/lib/libedit.so.0.0.55
7fc3dc57f000-7fc3dc581000 r--p 00031000 08:02 12500208                   /usr/lib/libedit.so.0.0.55
7fc3dc581000-7fc3dc582000 rw-p 00033000 08:02 12500208                   /usr/lib/libedit.so.0.0.55
7fc3dc582000-7fc3dc586000 rw-p 00000000 00:00 0 
7fc3dc586000-7fc3def65000 r-xp 00000000 08:02 12469210                   /usr/lib/libLLVM-3.9.so
7fc3def65000-7fc3df164000 ---p 029df000 08:02 12469210                   /usr/lib/libLLVM-3.9.so
7fc3df164000-7fc3df453000 r--p 029de000 08:02 12469210                   /usr/lib/libLLVM-3.9.so
7fc3df453000-7fc3df470000 rw-p 02ccd000 08:02 12469210                   /usr/lib/libLLVM-3.9.so
7fc3df470000-7fc3df4b4000 rw-p 00000000 00:00 0 
7fc3df4b4000-7fc3df4cb000 r-xp 00000000 08:02 12476360                   /usr/lib/libelf-0.168.so
7fc3df4cb000-7fc3df6ca000 ---p 00017000 08:02 12476360                   /usr/lib/libelf-0.168.so
7fc3df6ca000-7fc3df6cb000 r--p 00016000 08:02 12476360                   /usr/lib/libelf-0.168.so
7fc3df6cb000-7fc3df6cc000 rw-p 00017000 08:02 12476360                   /usr/lib/libelf-0.168.so
7fc3df6cc000-7fc3df6d5000 r-xp 00000000 08:02 12493217                   /usr/lib/libdrm_amdgpu.so.1.0.0
7fc3df6d5000-7fc3df8d4000 ---p 00009000 08:02 12493217                   /usr/lib/libdrm_amdgpu.so.1.0.0
7fc3df8d4000-7fc3df8d5000 r--p 00008000 08:02 12493217                   /usr/lib/libdrm_amdgpu.so.1.0.0
7fc3df8d5000-7fc3df8d6000 rw-p 00009000 08:02 12493217                   /usr/lib/libdrm_amdgpu.so.1.0.0
7fc3df8d6000-7fc3df8e1000 r-xp 00000000 08:02 12493215                   /usr/lib/libdrm_radeon.so.1.0.1
7fc3df8e1000-7fc3dfae0000 ---p 0000b000 08:02 12493215                   /usr/lib/libdrm_radeon.so.1.0.1
7fc3dfae0000-7fc3dfae1000 r--p 0000a000 08:02 12493215                   /usr/lib/libdrm_radeon.so.1.0.1
7fc3dfae1000-7fc3dfae2000 rw-p 0000b000 08:02 12493215                   /usr/lib/libdrm_radeon.so.1.0.1
7fc3dfae2000-7fc3dfae9000 r-xp 00000000 08:02 12493214                   /usr/lib/libdrm_nouveau.so.2.0.0
7fc3dfae9000-7fc3dfce8000 ---p 00007000 08:02 12493214                   /usr/lib/libdrm_nouveau.so.2.0.0
7fc3dfce8000-7fc3dfce9000 r--p 00006000 08:02 12493214                   /usr/lib/libdrm_nouveau.so.2.0.0
7fc3dfce9000-7fc3dfcea000 rw-p 00007000 08:02 12493214                   /usr/lib/libdrm_nouveau.so.2.0.0
7fc3dfcea000-7fc3e0653000 r-xp 00000000 08:02 12976893                   /usr/lib/xorg/modules/dri/radeonsi_dri.so
7fc3e0653000-7fc3e0853000 ---p 00969000 08:02 12976893                   /usr/lib/xorg/modules/dri/radeonsi_dri.so
7fc3e0853000-7fc3e088e000 r--p 00969000 08:02 12976893                   /usr/lib/xorg/modules/dri/radeonsi_dri.so
7fc3e088e000-7fc3e089a000 rw-p 009a4000 08:02 12976893                   /usr/lib/xorg/modules/dri/radeonsi_dri.so
7fc3e089a000-7fc3e0a91000 rw-p 00000000 00:00 0 
7fc3e0a91000-7fc3e0aa1000 r-xp 00000000 08:02 12472324                   /usr/lib/libdrm.so.2.4.0
7fc3e0aa1000-7fc3e0ca0000 ---p 00010000 08:02 12472324                   /usr/lib/libdrm.so.2.4.0
7fc3e0ca0000-7fc3e0ca1000 r--p 0000f000 08:02 12472324                   /usr/lib/libdrm.so.2.4.0
7fc3e0ca1000-7fc3e0ca2000 rw-p 00010000 08:02 12472324                   /usr/lib/libdrm.so.2.4.0
7fc3e0ca2000-7fc3e0ca6000 r-xp 00000000 08:02 12472681                   /usr/lib/libxcb-dri2.so.0.0.0
7fc3e0ca6000-7fc3e0ea5000 ---p 00004000 08:02 12472681                   /usr/lib/libxcb-dri2.so.0.0.0
7fc3e0ea5000-7fc3e0ea6000 r--p 00003000 08:02 12472681                   /usr/lib/libxcb-dri2.so.0.0.0
7fc3e0ea6000-7fc3e0ea7000 rw-p 00004000 08:02 12472681                   /usr/lib/libxcb-dri2.so.0.0.0
7fc3e0ea7000-7fc3e0ec0000 r-xp 00000000 08:02 12472684                   /usr/lib/libxcb-glx.so.0.0.0
7fc3e0ec0000-7fc3e10c0000 ---p 00019000 08:02 12472684                   /usr/lib/libxcb-glx.so.0.0.0
7fc3e10c0000-7fc3e10c2000 r--p 00019000 08:02 12472684                   /usr/lib/libxcb-glx.so.0.0.0
7fc3e10c2000-7fc3e10c3000 rw-p 0001b000 08:02 12472684                   /usr/lib/libxcb-glx.so.0.0.0
7fc3e10c3000-7fc3e10c4000 r-xp 00000000 08:02 12497989                   /usr/lib/libX11-xcb.so.1.0.0
7fc3e10c4000-7fc3e12c3000 ---p 00001000 08:02 12497989                   /usr/lib/libX11-xcb.so.1.0.0
7fc3e12c3000-7fc3e12c4000 r--p 00000000 08:02 12497989                   /usr/lib/libX11-xcb.so.1.0.0
7fc3e12c4000-7fc3e12c5000 rw-p 00001000 08:02 12497989                   /usr/lib/libX11-xcb.so.1.0.0
7fc3e12c5000-7fc3e12ef000 r-xp 00000000 08:02 12455056                   /usr/lib/libglapi.so.0.0.0
7fc3e12ef000-7fc3e14ee000 ---p 0002a000 08:02 12455056                   /usr/lib/libglapi.so.0.0.0
7fc3e14ee000-7fc3e14f2000 r--p 00029000 08:02 12455056                   /usr/lib/libglapi.so.0.0.0
7fc3e14f2000-7fc3e14f3000 rw-p 0002d000 08:02 12455056                   /usr/lib/libglapi.so.0.0.0
7fc3e14f3000-7fc3e14f4000 rw-p 00000000 00:00 0 
7fc3e14f4000-7fc3e14f5000 r-xp 00000000 08:02 12476123                   /usr/lib/libxshmfence.so.1.0.0
7fc3e14f5000-7fc3e16f5000 ---p 00001000 08:02 12476123                   /usr/lib/libxshmfence.so.1.0.0
7fc3e16f5000-7fc3e16f6000 r--p 00001000 08:02 12476123                   /usr/lib/libxshmfence.so.1.0.0
7fc3e16f6000-7fc3e16f7000 rw-p 00002000 08:02 12476123                   /usr/lib/libxshmfence.so.1.0.0
7fc3e16f7000-7fc3e16fd000 r-xp 00000000 08:02 12472692                   /usr/lib/libxcb-sync.so.1.0.0
7fc3e16fd000-7fc3e18fc000 ---p 00006000 08:02 12472692                   /usr/lib/libxcb-sync.so.1.0.0
7fc3e18fc000-7fc3e18fd000 r--p 00005000 08:02 12472692                   /usr/lib/libxcb-sync.so.1.0.0
7fc3e18fd000-7fc3e18fe000 rw-p 00006000 08:02 12472692                   /usr/lib/libxcb-sync.so.1.0.0
7fc3e18fe000-7fc3e1900000 r-xp 00000000 08:02 12472683                   /usr/lib/libxcb-present.so.0.0.0
7fc3e1900000-7fc3e1aff000 ---p 00002000 08:02 12472683                   /usr/lib/libxcb-present.so.0.0.0
7fc3e1aff000-7fc3e1b00000 r--p 00001000 08:02 12472683                   /usr/lib/libxcb-present.so.0.0.0
7fc3e1b00000-7fc3e1b01000 rw-p 00002000 08:02 12472683                   /usr/lib/libxcb-present.so.0.0.0
7fc3e1b01000-7fc3e1b03000 r-xp 00000000 08:02 12472682                   /usr/lib/libxcb-dri3.so.0.0.0
7fc3e1b03000-7fc3e1d02000 ---p 00002000 08:02 12472682                   /usr/lib/libxcb-dri3.so.0.0.0
7fc3e1d02000-7fc3e1d03000 r--p 00001000 08:02 12472682                   /usr/lib/libxcb-dri3.so.0.0.0
7fc3e1d03000-7fc3e1d04000 rw-p 00002000 08:02 12472682                   /usr/lib/libxcb-dri3.so.0.0.0
7fc3e1d04000-7fc3e1d74000 r-xp 00000000 08:02 12455206                   /usr/lib/libGLX_mesa.so.0.0.0
7fc3e1d74000-7fc3e1f73000 ---p 00070000 08:02 12455206                   /usr/lib/libGLX_mesa.so.0.0.0
7fc3e1f73000-7fc3e1f76000 r--p 0006f000 08:02 12455206                   /usr/lib/libGLX_mesa.so.0.0.0
7fc3e1f76000-7fc3e1f77000 rw-p 00072000 08:02 12455206                   /usr/lib/libGLX_mesa.so.0.0.0
7fc3e1f77000-7fc3e1f78000 rw-p 00000000 00:00 0 
7fc3e1f78000-7fc3e1f7f000 r-xp 00000000 08:02 12477152                   /usr/lib/libdatrie.so.1.3.3
7fc3e1f7f000-7fc3e217e000 ---p 00007000 08:02 12477152                   /usr/lib/libdatrie.so.1.3.3
7fc3e217e000-7fc3e217f000 r--p 00006000 08:02 12477152                   /usr/lib/libdatrie.so.1.3.3
7fc3e217f000-7fc3e2180000 rw-p 00007000 08:02 12477152                   /usr/lib/libdatrie.so.1.3.3
7fc3e2180000-7fc3e21aa000 r-xp 00000000 08:02 12478383                   /usr/lib/libgraphite2.so.3.0.1
7fc3e21aa000-7fc3e23a9000 ---p 0002a000 08:02 12478383                   /usr/lib/libgraphite2.so.3.0.1
7fc3e23a9000-7fc3e23ab000 r--p 00029000 08:02 12478383                   /usr/lib/libgraphite2.so.3.0.1
7fc3e23ab000-7fc3e23ac000 rw-p 0002b000 08:02 12478383                   /usr/lib/libgraphite2.so.3.0.1
7fc3e23ac000-7fc3e23b0000 r-xp 00000000 08:02 12462271                   /usr/lib/libuuid.so.1.3.0
7fc3e23b0000-7fc3e25af000 ---p 00004000 08:02 12462271                   /usr/lib/libuuid.so.1.3.0
7fc3e25af000-7fc3e25b0000 r--p 00003000 08:02 12462271                   /usr/lib/libuuid.so.1.3.0
7fc3e25b0000-7fc3e25b1000 rw-p 00004000 08:02 12462271                   /usr/lib/libuuid.so.1.3.0
7fc3e25b1000-7fc3e25f2000 r-xp 00000000 08:02 12462272                   /usr/lib/libblkid.so.1.1.0
7fc3e25f2000-7fc3e27f1000 ---p 00041000 08:02 12462272                   /usr/lib/libblkid.so.1.1.0
7fc3e27f1000-7fc3e27f5000 r--p 00040000 08:02 12462272                   /usr/lib/libblkid.so.1.1.0
7fc3e27f5000-7fc3e27f6000 rw-p 00044000 08:02 12462272                   /usr/lib/libblkid.so.1.1.0
7fc3e27f6000-7fc3e27f7000 rw-p 00000000 00:00 0 
7fc3e27f7000-7fc3e27fc000 r-xp 00000000 08:02 12472497                   /usr/lib/libXdmcp.so.6.0.0
7fc3e27fc000-7fc3e29fb000 ---p 00005000 08:02 12472497                   /usr/lib/libXdmcp.so.6.0.0
7fc3e29fb000-7fc3e29fc000 r--p 00004000 08:02 12472497                   /usr/lib/libXdmcp.so.6.0.0
7fc3e29fc000-7fc3e29fd000 rw-p 00005000 08:02 12472497                   /usr/lib/libXdmcp.so.6.0.0
7fc3e29fd000-7fc3e29ff000 r-xp 00000000 08:02 12472581                   /usr/lib/libXau.so.6.0.0
7fc3e29ff000-7fc3e2bff000 ---p 00002000 08:02 12472581                   /usr/lib/libXau.so.6.0.0
7fc3e2bff000-7fc3e2c00000 r--p 00002000 08:02 12472581                   /usr/lib/libXau.so.6.0.0
7fc3e2c00000-7fc3e2c01000 rw-p 00003000 08:02 12472581                   /usr/lib/libXau.so.6.0.0
7fc3e2c01000-7fc3e2c6f000 r-xp 00000000 08:02 12470667                   /usr/lib/libGLdispatch.so.0.0.0
7fc3e2c6f000-7fc3e2e6e000 ---p 0006e000 08:02 12470667                   /usr/lib/libGLdispatch.so.0.0.0
7fc3e2e6e000-7fc3e2e96000 r--p 0006d000 08:02 12470667                   /usr/lib/libGLdispatch.so.0.0.0
7fc3e2e96000-7fc3e2e97000 rw-p 00095000 08:02 12470667                   /usr/lib/libGLdispatch.so.0.0.0
7fc3e2e97000-7fc3e2eb7000 rw-p 00000000 00:00 0 
7fc3e2eb7000-7fc3e2ec7000 r-xp 00000000 08:02 12488022                   /usr/lib/libGLX.so.0.0.0
7fc3e2ec7000-7fc3e30c6000 ---p 00010000 08:02 12488022                   /usr/lib/libGLX.so.0.0.0
7fc3e30c6000-7fc3e30c7000 r--p 0000f000 08:02 12488022                   /usr/lib/libGLX.so.0.0.0
7fc3e30c7000-7fc3e30c8000 rw-p 00010000 08:02 12488022                   /usr/lib/libGLX.so.0.0.0
7fc3e30c8000-7fc3e30e8000 rw-p 00000000 00:00 0 
7fc3e30e8000-7fc3e315a000 r-xp 00000000 08:02 12461986                   /usr/lib/libpcre.so.1.2.8
7fc3e315a000-7fc3e3359000 ---p 00072000 08:02 12461986                   /usr/lib/libpcre.so.1.2.8
7fc3e3359000-7fc3e335a000 r--p 00071000 08:02 12461986                   /usr/lib/libpcre.so.1.2.8
7fc3e335a000-7fc3e335b000 rw-p 00072000 08:02 12461986                   /usr/lib/libpcre.so.1.2.8
7fc3e335b000-7fc3e336a000 r-xp 00000000 08:02 12458107                   /usr/lib/libbz2.so.1.0.6
7fc3e336a000-7fc3e3569000 ---p 0000f000 08:02 12458107                   /usr/lib/libbz2.so.1.0.6
7fc3e3569000-7fc3e356a000 r--p 0000e000 08:02 12458107                   /usr/lib/libbz2.so.1.0.6
7fc3e356a000-7fc3e356b000 rw-p 0000f000 08:02 12458107                   /usr/lib/libbz2.so.1.0.6
7fc3e356b000-7fc3e3592000 r-xp 00000000 08:02 12512978                   /usr/lib/libexpat.so.1.6.2
7fc3e3592000-7fc3e3792000 ---p 00027000 08:02 12512978                   /usr/lib/libexpat.so.1.6.2
7fc3e3792000-7fc3e3794000 r--p 00027000 08:02 12512978                   /usr/lib/libexpat.so.1.6.2
7fc3e3794000-7fc3e3795000 rw-p 00029000 08:02 12512978                   /usr/lib/libexpat.so.1.6.2
7fc3e3795000-7fc3e379c000 r-xp 00000000 08:02 12462106                   /usr/lib/libffi.so.6.0.4
7fc3e379c000-7fc3e399c000 ---p 00007000 08:02 12462106                   /usr/lib/libffi.so.6.0.4
7fc3e399c000-7fc3e399d000 r--p 00007000 08:02 12462106                   /usr/lib/libffi.so.6.0.4
7fc3e399d000-7fc3e399e000 rw-p 00008000 08:02 12462106                   /usr/lib/libffi.so.6.0.4
7fc3e399e000-7fc3e39a6000 r-xp 00000000 08:02 12477159                   /usr/lib/libthai.so.0.3.0
7fc3e39a6000-7fc3e3ba6000 ---p 00008000 08:02 12477159                   /usr/lib/libthai.so.0.3.0
7fc3e3ba6000-7fc3e3ba7000 r--p 00008000 08:02 12477159                   /usr/lib/libthai.so.0.3.0
7fc3e3ba7000-7fc3e3ba8000 rw-p 00009000 08:02 12477159                   /usr/lib/libthai.so.0.3.0
7fc3e3ba8000-7fc3e3c36000 r-xp 00000000 08:02 12476144                   /usr/lib/libharfbuzz.so.0.10400.5
7fc3e3c36000-7fc3e3e35000 ---p 0008e000 08:02 12476144                   /usr/lib/libharfbuzz.so.0.10400.5
7fc3e3e35000-7fc3e3e37000 r--p 0008d000 08:02 12476144                   /usr/lib/libharfbuzz.so.0.10400.5
7fc3e3e37000-7fc3e3e38000 rw-p 0008f000 08:02 12476144                   /usr/lib/libharfbuzz.so.0.10400.5
7fc3e3e38000-7fc3e3e82000 r-xp 00000000 08:02 12462273                   /usr/lib/libmount.so.1.1.0
7fc3e3e82000-7fc3e4082000 ---p 0004a000 08:02 12462273                   /usr/lib/libmount.so.1.1.0
7fc3e4082000-7fc3e4083000 r--p 0004a000 08:02 12462273                   /usr/lib/libmount.so.1.1.0
7fc3e4083000-7fc3e4084000 rw-p 0004b000 08:02 12462273                   /usr/lib/libmount.so.1.1.0
7fc3e4084000-7fc3e4086000 rw-p 00000000 00:00 0 
7fc3e4086000-7fc3e4099000 r-xp 00000000 08:02 12453856                   /usr/lib/libresolv-2.25.so
7fc3e4099000-7fc3e4298000 ---p 00013000 08:02 12453856                   /usr/lib/libresolv-2.25.so
7fc3e4298000-7fc3e4299000 r--p 00012000 08:02 12453856                   /usr/lib/libresolv-2.25.so
7fc3e4299000-7fc3e429a000 rw-p 00013000 08:02 12453856                   /usr/lib/libresolv-2.25.so
7fc3e429a000-7fc3e429c000 rw-p 00000000 00:00 0 
7fc3e429c000-7fc3e42a8000 r-xp 00000000 08:02 12472687                   /usr/lib/libxcb-render.so.0.0.0
7fc3e42a8000-7fc3e44a8000 ---p 0000c000 08:02 12472687                   /usr/lib/libxcb-render.so.0.0.0
7fc3e44a8000-7fc3e44a9000 r--p 0000c000 08:02 12472687                   /usr/lib/libxcb-render.so.0.0.0
7fc3e44a9000-7fc3e44aa000 rw-p 0000d000 08:02 12472687                   /usr/lib/libxcb-render.so.0.0.0
7fc3e44aa000-7fc3e44d2000 r-xp 00000000 08:02 12472677                   /usr/lib/libxcb.so.1.1.0
7fc3e44d2000-7fc3e46d1000 ---p 00028000 08:02 12472677                   /usr/lib/libxcb.so.1.1.0
7fc3e46d1000-7fc3e46d2000 r--p 00027000 08:02 12472677                   /usr/lib/libxcb.so.1.1.0
7fc3e46d2000-7fc3e46d3000 rw-p 00028000 08:02 12472677                   /usr/lib/libxcb.so.1.1.0
7fc3e46d3000-7fc3e46d5000 r-xp 00000000 08:02 12472691                   /usr/lib/libxcb-shm.so.0.0.0
7fc3e46d5000-7fc3e48d5000 ---p 00002000 08:02 12472691                   /usr/lib/libxcb-shm.so.0.0.0
7fc3e48d5000-7fc3e48d6000 r--p 00002000 08:02 12472691                   /usr/lib/libxcb-shm.so.0.0.0
7fc3e48d6000-7fc3e48d7000 rw-p 00003000 08:02 12472691                   /usr/lib/libxcb-shm.so.0.0.0
7fc3e48d7000-7fc3e490c000 r-xp 00000000 08:02 12472513                   /usr/lib/libpng16.so.16.28.0
7fc3e490c000-7fc3e4b0b000 ---p 00035000 08:02 12472513                   /usr/lib/libpng16.so.16.28.0
7fc3e4b0b000-7fc3e4b0c000 r--p 00034000 08:02 12472513                   /usr/lib/libpng16.so.16.28.0
7fc3e4b0c000-7fc3e4b0d000 rw-p 00035000 08:02 12472513                   /usr/lib/libpng16.so.16.28.0
7fc3e4b0d000-7fc3e4b1f000 r-xp 00000000 08:02 12488021                   /usr/lib/libEGL.so.1.0.0
7fc3e4b1f000-7fc3e4d1e000 ---p 00012000 08:02 12488021                   /usr/lib/libEGL.so.1.0.0
7fc3e4d1e000-7fc3e4d1f000 r--p 00011000 08:02 12488021                   /usr/lib/libEGL.so.1.0.0
7fc3e4d1f000-7fc3e4d20000 rw-p 00012000 08:02 12488021                   /usr/lib/libEGL.so.1.0.0
7fc3e4d20000-7fc3e4dbf000 r-xp 00000000 08:02 12472580                   /usr/lib/libpixman-1.so.0.34.0
7fc3e4dbf000-7fc3e4fbf000 ---p 0009f000 08:02 12472580                   /usr/lib/libpixman-1.so.0.34.0
7fc3e4fbf000-7fc3e4fc7000 r--p 0009f000 08:02 12472580                   /usr/lib/libpixman-1.so.0.34.0
7fc3e4fc7000-7fc3e4fc8000 rw-p 000a7000 08:02 12472580                   /usr/lib/libpixman-1.so.0.34.0
7fc3e4fc8000-7fc3e4fd9000 r-xp 00000000 08:02 12476303                   /usr/lib/libXext.so.6.4.0
7fc3e4fd9000-7fc3e51d8000 ---p 00011000 08:02 12476303                   /usr/lib/libXext.so.6.4.0
7fc3e51d8000-7fc3e51d9000 r--p 00010000 08:02 12476303                   /usr/lib/libXext.so.6.4.0
7fc3e51d9000-7fc3e51da000 rw-p 00011000 08:02 12476303                   /usr/lib/libXext.so.6.4.0
7fc3e51da000-7fc3e51dc000 r-xp 00000000 08:02 12476343                   /usr/lib/libXdamage.so.1.1.0
7fc3e51dc000-7fc3e53db000 ---p 00002000 08:02 12476343                   /usr/lib/libXdamage.so.1.1.0
7fc3e53db000-7fc3e53dc000 r--p 00001000 08:02 12476343                   /usr/lib/libXdamage.so.1.1.0
7fc3e53dc000-7fc3e53dd000 rw-p 00002000 08:02 12476343                   /usr/lib/libXdamage.so.1.1.0
7fc3e53dd000-7fc3e53df000 r-xp 00000000 08:02 12477289                   /usr/lib/libXcomposite.so.1.0.0
7fc3e53df000-7fc3e55de000 ---p 00002000 08:02 12477289                   /usr/lib/libXcomposite.so.1.0.0
7fc3e55de000-7fc3e55df000 r--p 00001000 08:02 12477289                   /usr/lib/libXcomposite.so.1.0.0
7fc3e55df000-7fc3e55e0000 rw-p 00002000 08:02 12477289                   /usr/lib/libXcomposite.so.1.0.0
7fc3e55e0000-7fc3e55ea000 r-xp 00000000 08:02 12477254                   /usr/lib/libXcursor.so.1.0.2
7fc3e55ea000-7fc3e57e9000 ---p 0000a000 08:02 12477254                   /usr/lib/libXcursor.so.1.0.2
7fc3e57e9000-7fc3e57ea000 r--p 00009000 08:02 12477254                   /usr/lib/libXcursor.so.1.0.2
7fc3e57ea000-7fc3e57eb000 rw-p 0000a000 08:02 12477254                   /usr/lib/libXcursor.so.1.0.2
7fc3e57eb000-7fc3e57f5000 r-xp 00000000 08:02 12477257                   /usr/lib/libXrandr.so.2.2.0
7fc3e57f5000-7fc3e59f4000 ---p 0000a000 08:02 12477257                   /usr/lib/libXrandr.so.2.2.0
7fc3e59f4000-7fc3e59f5000 r--p 00009000 08:02 12477257                   /usr/lib/libXrandr.so.2.2.0
7fc3e59f5000-7fc3e59f6000 rw-p 0000a000 08:02 12477257                   /usr/lib/libXrandr.so.2.2.0
7fc3e59f6000-7fc3e5a05000 r-xp 00000000 08:02 12513343                   /usr/lib/libXi.so.6.1.0
7fc3e5a05000-7fc3e5c05000 ---p 0000f000 08:02 12513343                   /usr/lib/libXi.so.6.1.0
7fc3e5c05000-7fc3e5c06000 r--p 0000f000 08:02 12513343                   /usr/lib/libXi.so.6.1.0
7fc3e5c06000-7fc3e5c07000 rw-p 00010000 08:02 12513343                   /usr/lib/libXi.so.6.1.0
7fc3e5c07000-7fc3e5c09000 r-xp 00000000 08:02 12476998                   /usr/lib/libXinerama.so.1.0.0
7fc3e5c09000-7fc3e5e08000 ---p 00002000 08:02 12476998                   /usr/lib/libXinerama.so.1.0.0
7fc3e5e08000-7fc3e5e09000 r--p 00001000 08:02 12476998                   /usr/lib/libXinerama.so.1.0.0
7fc3e5e09000-7fc3e5e0a000 rw-p 00002000 08:02 12476998                   /usr/lib/libXinerama.so.1.0.0
7fc3e5e0a000-7fc3e5e13000 r-xp 00000000 08:02 12477163                   /usr/lib/libXrender.so.1.3.0
7fc3e5e13000-7fc3e6013000 ---p 00009000 08:02 12477163                   /usr/lib/libXrender.so.1.3.0
7fc3e6013000-7fc3e6014000 r--p 00009000 08:02 12477163                   /usr/lib/libXrender.so.1.3.0
7fc3e6014000-7fc3e6015000 rw-p 0000a000 08:02 12477163                   /usr/lib/libXrender.so.1.3.0
7fc3e6015000-7fc3e601a000 r-xp 00000000 08:02 12476335                   /usr/lib/libXfixes.so.3.1.0
7fc3e601a000-7fc3e6219000 ---p 00005000 08:02 12476335                   /usr/lib/libXfixes.so.3.1.0
7fc3e6219000-7fc3e621a000 r--p 00004000 08:02 12476335                   /usr/lib/libXfixes.so.3.1.0
7fc3e621a000-7fc3e621b000 rw-p 00005000 08:02 12476335                   /usr/lib/libXfixes.so.3.1.0
7fc3e621b000-7fc3e621e000 r-xp 00000000 08:02 12462129                   /usr/lib/libgmodule-2.0.so.0.5000.3
7fc3e621e000-7fc3e641d000 ---p 00003000 08:02 12462129                   /usr/lib/libgmodule-2.0.so.0.5000.3
7fc3e641d000-7fc3e641e000 r--p 00002000 08:02 12462129                   /usr/lib/libgmodule-2.0.so.0.5000.3
7fc3e641e000-7fc3e641f000 rw-p 00003000 08:02 12462129                   /usr/lib/libgmodule-2.0.so.0.5000.3
7fc3e641f000-7fc3e6435000 r-xp 00000000 08:02 12492311                   /usr/lib/libgcc_s.so.1
7fc3e6435000-7fc3e6634000 ---p 00016000 08:02 12492311                   /usr/lib/libgcc_s.so.1
7fc3e6634000-7fc3e6635000 r--p 00015000 08:02 12492311                   /usr/lib/libgcc_s.so.1
7fc3e6635000-7fc3e6636000 rw-p 00016000 08:02 12492311                   /usr/lib/libgcc_s.so.1
7fc3e6636000-7fc3e67ae000 r-xp 00000000 08:02 12455388                   /usr/lib/libstdc++.so.6.0.22
7fc3e67ae000-7fc3e69ae000 ---p 00178000 08:02 12455388                   /usr/lib/libstdc++.so.6.0.22
7fc3e69ae000-7fc3e69b8000 r--p 00178000 08:02 12455388                   /usr/lib/libstdc++.so.6.0.22
7fc3e69b8000-7fc3e69ba000 rw-p 00182000 08:02 12455388                   /usr/lib/libstdc++.so.6.0.22
7fc3e69ba000-7fc3e69be000 rw-p 00000000 00:00 0 
7fc3e69be000-7fc3e6a2e000 r-xp 00000000 08:02 12488023                   /usr/lib/libGL.so.1.0.0
7fc3e6a2e000-7fc3e6c2d000 ---p 00070000 08:02 12488023                   /usr/lib/libGL.so.1.0.0
7fc3e6c2d000-7fc3e6c47000 r--p 0006f000 08:02 12488023                   /usr/lib/libGL.so.1.0.0
7fc3e6c47000-7fc3e6c48000 rw-p 00089000 08:02 12488023                   /usr/lib/libGL.so.1.0.0
7fc3e6c48000-7fc3e6c49000 rw-p 00000000 00:00 0 
7fc3e6c49000-7fc3e6c4e000 r-xp 00000000 08:02 12476332                   /usr/lib/libXxf86vm.so.1.0.0
7fc3e6c4e000-7fc3e6e4d000 ---p 00005000 08:02 12476332                   /usr/lib/libXxf86vm.so.1.0.0
7fc3e6e4d000-7fc3e6e4e000 r--p 00004000 08:02 12476332                   /usr/lib/libXxf86vm.so.1.0.0
7fc3e6e4e000-7fc3e6e4f000 rw-p 00005000 08:02 12476332                   /usr/lib/libXxf86vm.so.1.0.0
7fc3e6e4f000-7fc3e6f88000 r-xp 00000000 08:02 12475811                   /usr/lib/libX11.so.6.3.0
7fc3e6f88000-7fc3e7188000 ---p 00139000 08:02 12475811                   /usr/lib/libX11.so.6.3.0
7fc3e7188000-7fc3e7189000 r--p 00139000 08:02 12475811                   /usr/lib/libX11.so.6.3.0
7fc3e7189000-7fc3e718e000 rw-p 0013a000 08:02 12475811                   /usr/lib/libX11.so.6.3.0
7fc3e718e000-7fc3e7193000 r-xp 00000000 08:02 12477092                   /usr/lib/libXtst.so.6.1.0
7fc3e7193000-7fc3e7392000 ---p 00005000 08:02 12477092                   /usr/lib/libXtst.so.6.1.0
7fc3e7392000-7fc3e7393000 r--p 00004000 08:02 12477092                   /usr/lib/libXtst.so.6.1.0
7fc3e7393000-7fc3e7394000 rw-p 00005000 08:02 12477092                   /usr/lib/libXtst.so.6.1.0
7fc3e7394000-7fc3e74a5000 r-xp 00000000 08:02 12462128                   /usr/lib/libglib-2.0.so.0.5000.3
7fc3e74a5000-7fc3e76a4000 ---p 00111000 08:02 12462128                   /usr/lib/libglib-2.0.so.0.5000.3
7fc3e76a4000-7fc3e76a5000 r--p 00110000 08:02 12462128                   /usr/lib/libglib-2.0.so.0.5000.3
7fc3e76a5000-7fc3e76a6000 rw-p 00111000 08:02 12462128                   /usr/lib/libglib-2.0.so.0.5000.3
7fc3e76a6000-7fc3e76a7000 rw-p 00000000 00:00 0 
7fc3e76a7000-7fc3e76a8000 r-xp 00000000 08:02 12462130                   /usr/lib/libgthread-2.0.so.0.5000.3
7fc3e76a8000-7fc3e78a7000 ---p 00001000 08:02 12462130                   /usr/lib/libgthread-2.0.so.0.5000.3
7fc3e78a7000-7fc3e78a8000 r--p 00000000 08:02 12462130                   /usr/lib/libgthread-2.0.so.0.5000.3
7fc3e78a8000-7fc3e78a9000 rw-p 00001000 08:02 12462130                   /usr/lib/libgthread-2.0.so.0.5000.3
7fc3e78a9000-7fc3e7963000 r-xp 00000000 08:02 12498525                   /usr/lib/libfreetype.so.6.13.0
7fc3e7963000-7fc3e7b63000 ---p 000ba000 08:02 12498525                   /usr/lib/libfreetype.so.6.13.0
7fc3e7b63000-7fc3e7b69000 r--p 000ba000 08:02 12498525                   /usr/lib/libfreetype.so.6.13.0
7fc3e7b69000-7fc3e7b6a000 rw-p 000c0000 08:02 12498525                   /usr/lib/libfreetype.so.6.13.0
7fc3e7b6a000-7fc3e7ba8000 r-xp 00000000 08:02 12483569                   /usr/lib/libfontconfig.so.1.9.2
7fc3e7ba8000-7fc3e7da7000 ---p 0003e000 08:02 12483569                   /usr/lib/libfontconfig.so.1.9.2
7fc3e7da7000-7fc3e7da9000 r--p 0003d000 08:02 12483569                   /usr/lib/libfontconfig.so.1.9.2
7fc3e7da9000-7fc3e7dae000 rw-p 0003f000 08:02 12483569                   /usr/lib/libfontconfig.so.1.9.2
7fc3e7dae000-7fc3e7dff000 r-xp 00000000 08:02 12462131                   /usr/lib/libgobject-2.0.so.0.5000.3
7fc3e7dff000-7fc3e7ffe000 ---p 00051000 08:02 12462131                   /usr/lib/libgobject-2.0.so.0.5000.3
7fc3e7ffe000-7fc3e7fff000 r--p 00050000 08:02 12462131                   /usr/lib/libgobject-2.0.so.0.5000.3
7fc3e7fff000-7fc3e8000000 rw-p 00051000 08:02 12462131                   /usr/lib/libgobject-2.0.so.0.5000.3
7fc3e8000000-7fc3e8021000 rw-p 00000000 00:00 0 
7fc3e8021000-7fc3ec000000 ---p 00000000 00:00 0 
7fc3ec000000-7fc3ec87b000 rw-p 00000000 00:00 0 
7fc3ec87b000-7fc3f0000000 ---p 00000000 00:00 0 
7fc3f0000000-7fc3f04e7000 rw-p 00000000 00:00 0 
7fc3f04e7000-7fc3f4000000 ---p 00000000 00:00 0 
7fc3f4000000-7fc3f4021000 rw-p 00000000 00:00 0 
7fc3f4021000-7fc3f8000000 ---p 00000000 00:00 0 
7fc3f8000000-7fc3f8465000 rw-p 00000000 00:00 0 
7fc3f8465000-7fc3fc000000 ---p 00000000 00:00 0 
7fc3fc000000-7fc3fc3b2000 rw-p 00000000 00:00 0 
7fc3fc3b2000-7fc400000000 ---p 00000000 00:00 0 
7fc400000000-7fc400021000 rw-p 00000000 00:00 0 
7fc400021000-7fc404000000 ---p 00000000 00:00 0 
7fc404000000-7fc404ff7000 rw-p 00000000 00:00 0 
7fc404ff7000-7fc408000000 ---p 00000000 00:00 0 
7fc408000000-7fc408021000 rw-p 00000000 00:00 0 
7fc408021000-7fc40c000000 ---p 00000000 00:00 0 
7fc40c000000-7fc40c021000 rw-p 00000000 00:00 0 
7fc40c021000-7fc410000000 ---p 00000000 00:00 0 
7fc410000000-7fc410021000 rw-p 00000000 00:00 0 
7fc410021000-7fc414000000 ---p 00000000 00:00 0 
7fc414017000-7fc414027000 rw-s 12b037000 00:06 12292                     /dev/dri/renderD128
7fc414027000-7fc414037000 rw-s 128157000 00:06 12292                     /dev/dri/renderD128
7fc41403d000-7fc414043000 r--p 00000000 08:02 12477634                   /usr/share/locale/en_GB/LC_MESSAGES/gdk-pixbuf.mo
7fc414043000-7fc414044000 rw-s 11e6a4000 00:06 12292                     /dev/dri/renderD128
7fc414046000-7fc414047000 rw-s 12b2cc000 00:06 12292                     /dev/dri/renderD128
7fc414047000-7fc41405a000 r--s 00346000 08:02 12717855                   /usr/lib/jvm/java-8-openjdk/jre/lib/resources.jar
7fc41405a000-7fc414075000 r--s 00000000 08:02 29885257                   /home/juju/.cache/fontconfig/8d4af663993b81a124ee82e610bb31f9-le64.cache-7
7fc414075000-7fc41409f000 r--s 00000000 08:02 1986150                    /var/cache/fontconfig/f6b893a7224233d96cb72fd88691c0b4-le64.cache-7
7fc41409f000-7fc4140e8000 r-xp 00000000 08:02 12461960                   /usr/lib/libpango-1.0.so.0.4000.4
7fc4140e8000-7fc4142e8000 ---p 00049000 08:02 12461960                   /usr/lib/libpango-1.0.so.0.4000.4
7fc4142e8000-7fc4142ea000 r--p 00049000 08:02 12461960                   /usr/lib/libpango-1.0.so.0.4000.4
7fc4142ea000-7fc4142eb000 rw-p 0004b000 08:02 12461960                   /usr/lib/libpango-1.0.so.0.4000.4
7fc4142eb000-7fc4142ff000 r-xp 00000000 08:02 12463127                   /usr/lib/libpangoft2-1.0.so.0.4000.4
7fc4142ff000-7fc4144fe000 ---p 00014000 08:02 12463127                   /usr/lib/libpangoft2-1.0.so.0.4000.4
7fc4144fe000-7fc4144ff000 r--p 00013000 08:02 12463127                   /usr/lib/libpangoft2-1.0.so.0.4000.4
7fc4144ff000-7fc414500000 rw-p 00014000 08:02 12463127                   /usr/lib/libpangoft2-1.0.so.0.4000.4
7fc414500000-7fc41468b000 r-xp 00000000 08:02 12462132                   /usr/lib/libgio-2.0.so.0.5000.3
7fc41468b000-7fc41488b000 ---p 0018b000 08:02 12462132                   /usr/lib/libgio-2.0.so.0.5000.3
7fc41488b000-7fc414890000 r--p 0018b000 08:02 12462132                   /usr/lib/libgio-2.0.so.0.5000.3
7fc414890000-7fc414892000 rw-p 00190000 08:02 12462132                   /usr/lib/libgio-2.0.so.0.5000.3
7fc414892000-7fc414894000 rw-p 00000000 00:00 0 
7fc414894000-7fc4148ba000 r-xp 00000000 08:02 12477362                   /usr/lib/libgdk_pixbuf-2.0.so.0.3600.5
7fc4148ba000-7fc414ab9000 ---p 00026000 08:02 12477362                   /usr/lib/libgdk_pixbuf-2.0.so.0.3600.5
7fc414ab9000-7fc414aba000 r--p 00025000 08:02 12477362                   /usr/lib/libgdk_pixbuf-2.0.so.0.3600.5
7fc414aba000-7fc414abb000 rw-p 00026000 08:02 12477362                   /usr/lib/libgdk_pixbuf-2.0.so.0.3600.5
7fc414abb000-7fc414be4000 r-xp 00000000 08:02 12462657                   /usr/lib/libcairo.so.2.11400.8
7fc414be4000-7fc414de3000 ---p 00129000 08:02 12462657                   /usr/lib/libcairo.so.2.11400.8
7fc414de3000-7fc414de6000 r--p 00128000 08:02 12462657                   /usr/lib/libcairo.so.2.11400.8
7fc414de6000-7fc414de8000 rw-p 0012b000 08:02 12462657                   /usr/lib/libcairo.so.2.11400.8
7fc414de8000-7fc414de9000 rw-p 00000000 00:00 0 
7fc414de9000-7fc414e0c000 r-xp 00000000 08:02 12477150                   /usr/lib/libatk-1.0.so.0.22209.1
7fc414e0c000-7fc41500b000 ---p 00023000 08:02 12477150                   /usr/lib/libatk-1.0.so.0.22209.1
7fc41500b000-7fc41500e000 r--p 00022000 08:02 12477150                   /usr/lib/libatk-1.0.so.0.22209.1
7fc41500e000-7fc41500f000 rw-p 00025000 08:02 12477150                   /usr/lib/libatk-1.0.so.0.22209.1
7fc41500f000-7fc41501b000 r-xp 00000000 08:02 12477203                   /usr/lib/libpangocairo-1.0.so.0.4000.4
7fc41501b000-7fc41521a000 ---p 0000c000 08:02 12477203                   /usr/lib/libpangocairo-1.0.so.0.4000.4
7fc41521a000-7fc41521b000 r--p 0000b000 08:02 12477203                   /usr/lib/libpangocairo-1.0.so.0.4000.4
7fc41521b000-7fc41521c000 rw-p 0000c000 08:02 12477203                   /usr/lib/libpangocairo-1.0.so.0.4000.4
7fc41521c000-7fc4152cc000 r-xp 00000000 08:02 12477696                   /usr/lib/libgdk-x11-2.0.so.0.2400.31
7fc4152cc000-7fc4154cb000 ---p 000b0000 08:02 12477696                   /usr/lib/libgdk-x11-2.0.so.0.2400.31
7fc4154cb000-7fc4154cf000 r--p 000af000 08:02 12477696                   /usr/lib/libgdk-x11-2.0.so.0.2400.31
7fc4154cf000-7fc4154d1000 rw-p 000b3000 08:02 12477696                   /usr/lib/libgdk-x11-2.0.so.0.2400.31
7fc4154d1000-7fc415904000 r-xp 00000000 08:02 12477697                   /usr/lib/libgtk-x11-2.0.so.0.2400.31
7fc415904000-7fc415b03000 ---p 00433000 08:02 12477697                   /usr/lib/libgtk-x11-2.0.so.0.2400.31
7fc415b03000-7fc415b0a000 r--p 00432000 08:02 12477697                   /usr/lib/libgtk-x11-2.0.so.0.2400.31
7fc415b0a000-7fc415b0e000 rw-p 00439000 08:02 12477697                   /usr/lib/libgtk-x11-2.0.so.0.2400.31
7fc415b0e000-7fc415b11000 rw-p 00000000 00:00 0 
7fc415b12000-7fc415b13000 rw-s 12b035000 00:06 12292                     /dev/dri/renderD128
7fc415b13000-7fc415b15000 r--s 00000000 08:02 1984514                    /var/cache/fontconfig/00ac179dd721e921d97a2d7d654077c7-le64.cache-7
7fc415b15000-7fc415b18000 r--s 00000000 08:02 1982837                    /var/cache/fontconfig/d4119bf364b3cb6badea4cd5ba92dc93-le64.cache-7
7fc415b18000-7fc415b2e000 r--s 00000000 08:02 1978494                    /var/cache/fontconfig/f349e9996a5320f6dd491cedd2b1f964-le64.cache-7
7fc415b2e000-7fc415b3a000 rw-s 131b40000 00:06 12292                     /dev/dri/renderD128
7fc415b3a000-7fc415b60000 r--p 00000000 08:02 12477776                   /usr/share/locale/en_GB/LC_MESSAGES/gtk20-properties.mo
7fc415b60000-7fc415b6c000 r-xp 00000000 08:02 12722168                   /usr/lib/jvm/java-8-openjdk/jre/lib/amd64/libprism_es2.so
7fc415b6c000-7fc415d6b000 ---p 0000c000 08:02 12722168                   /usr/lib/jvm/java-8-openjdk/jre/lib/amd64/libprism_es2.so
7fc415d6b000-7fc415d6c000 r--p 0000b000 08:02 12722168                   /usr/lib/jvm/java-8-openjdk/jre/lib/amd64/libprism_es2.so
7fc415d6c000-7fc415d6d000 rw-p 0000c000 08:02 12722168                   /usr/lib/jvm/java-8-openjdk/jre/lib/amd64/libprism_es2.so
7fc415d6d000-7fc415d70000 ---p 00000000 00:00 0 
7fc415d70000-7fc415e6e000 rw-p 00000000 00:00 0 
7fc415e6e000-7fc415f04000 r--s 008d8000 08:02 12979331                   /usr/lib/jvm/java-8-openjdk/jre/lib/ext/jfxrt.jar
7fc415f04000-7fc415f05000 ---p 00000000 00:00 0 
7fc415f05000-7fc416005000 rw-p 00000000 00:00 0 
7fc416005000-7fc416008000 ---p 00000000 00:00 0 
7fc416008000-7fc416106000 rw-p 00000000 00:00 0 
7fc416106000-7fc416109000 ---p 00000000 00:00 0 
7fc416109000-7fc416207000 rw-p 00000000 00:00 0 
7fc416207000-7fc41620a000 ---p 00000000 00:00 0 
7fc41620a000-7fc416308000 rw-p 00000000 00:00 0 
7fc416308000-7fc41630b000 ---p 00000000 00:00 0 
7fc41630b000-7fc416409000 rw-p 00000000 00:00 0 
7fc416409000-7fc41640c000 ---p 00000000 00:00 0 
7fc41640c000-7fc41650a000 rw-p 00000000 00:00 0 
7fc41650a000-7fc41650d000 ---p 00000000 00:00 0 
7fc41650d000-7fc41660b000 rw-p 00000000 00:00 0 
7fc41660b000-7fc4167a3000 r--p 00000000 08:02 12513795                   /usr/lib/locale/locale-archive
7fc4167a3000-7fc4167a6000 ---p 00000000 00:00 0 
7fc4167a6000-7fc4168a4000 rw-p 00000000 00:00 0 
7fc4168a4000-7fc4168a7000 ---p 00000000 00:00 0 
7fc4168a7000-7fc4169a5000 rw-p 00000000 00:00 0 
7fc4169a5000-7fc4169a6000 ---p 00000000 00:00 0 
7fc4169a6000-7fc420000000 rw-p 00000000 00:00 0 
7fc420000000-7fc420021000 rw-p 00000000 00:00 0 
7fc420021000-7fc424000000 ---p 00000000 00:00 0 
7fc424000000-7fc424021000 rw-p 00000000 00:00 0 
7fc424021000-7fc428000000 ---p 00000000 00:00 0 
7fc428000000-7fc428021000 rw-p 00000000 00:00 0 
7fc428021000-7fc42c000000 ---p 00000000 00:00 0 
7fc42c000000-7fc42c021000 rw-p 00000000 00:00 0 
7fc42c021000-7fc430000000 ---p 00000000 00:00 0 
7fc430000000-7fc430021000 rw-p 00000000 00:00 0 
7fc430021000-7fc434000000 ---p 00000000 00:00 0 
7fc434000000-7fc434021000 rw-p 00000000 00:00 0 
7fc434021000-7fc438000000 ---p 00000000 00:00 0 
7fc438000000-7fc438021000 rw-p 00000000 00:00 0 
7fc438021000-7fc43c000000 ---p 00000000 00:00 0 
7fc43c000000-7fc43c021000 rw-p 00000000 00:00 0 
7fc43c021000-7fc440000000 ---p 00000000 00:00 0 
7fc440000000-7fc440001000 rw-s 1160c6000 00:06 12292                     /dev/dri/renderD128
7fc440001000-7fc44000f000 r--p 00000000 08:02 12477775                   /usr/share/locale/en_GB/LC_MESSAGES/gtk20.mo
7fc44000f000-7fc441000000 rw-p 00000000 00:00 0 
7fc441000000-7fc4418f0000 rwxp 00000000 00:00 0 
7fc4418f0000-7fc450000000 ---p 00000000 00:00 0 
7fc450000000-7fc4502f4000 rw-p 00000000 00:00 0 
7fc4502f4000-7fc454000000 ---p 00000000 00:00 0 
7fc454000000-7fc454002000 r--s 00000000 08:02 1977153                    /var/cache/fontconfig/3066cc7e8265f0172dfa85e409263cb6-le64.cache-7
7fc454002000-7fc454004000 r--s 00000000 08:02 1975684                    /var/cache/fontconfig/6ba42ae0000f58711b5caaf10d690066-le64.cache-7
7fc454004000-7fc45400a000 r--s 00000000 08:02 1976156                    /var/cache/fontconfig/210c0516121708a580e22e6b1f9a103a-le64.cache-7
7fc45400a000-7fc45401a000 rw-s 131a0b000 00:06 12292                     /dev/dri/renderD128
7fc45401a000-7fc454430000 rw-p 00000000 00:00 0 
7fc454430000-7fc4545ff000 r--s 03c05000 08:02 12717862                   /usr/lib/jvm/java-8-openjdk/jre/lib/rt.jar
7fc4545ff000-7fc454675000 rw-p 00000000 00:00 0 
7fc454675000-7fc454676000 ---p 00000000 00:00 0 
7fc454676000-7fc454776000 rw-p 00000000 00:00 0 
7fc454776000-7fc454777000 ---p 00000000 00:00 0 
7fc454777000-7fc454877000 rw-p 00000000 00:00 0 
7fc454877000-7fc454878000 ---p 00000000 00:00 0 
7fc454878000-7fc454978000 rw-p 00000000 00:00 0 
7fc454978000-7fc454979000 ---p 00000000 00:00 0 
7fc454979000-7fc454a79000 rw-p 00000000 00:00 0 
7fc454a79000-7fc454a7a000 ---p 00000000 00:00 0 
7fc454a7a000-7fc454b7a000 rw-p 00000000 00:00 0 
7fc454b7a000-7fc454b7b000 ---p 00000000 00:00 0 
7fc454b7b000-7fc454c7b000 rw-p 00000000 00:00 0 
7fc454c7b000-7fc454c7c000 ---p 00000000 00:00 0 
7fc454c7c000-7fc454d7c000 rw-p 00000000 00:00 0 
7fc454d7c000-7fc454d7d000 ---p 00000000 00:00 0 
7fc454d7d000-7fc454ed1000 rw-p 00000000 00:00 0 
7fc454ed1000-7fc4553b3000 ---p 00000000 00:00 0 
7fc4553b3000-7fc455407000 rw-p 00000000 00:00 0 
7fc455407000-7fc4558e8000 ---p 00000000 00:00 0 
7fc4558e8000-7fc455912000 rw-p 00000000 00:00 0 
7fc455912000-7fc455b83000 ---p 00000000 00:00 0 
7fc455b83000-7fc455ba8000 rw-p 00000000 00:00 0 
7fc455ba8000-7fc455f44000 ---p 00000000 00:00 0 
7fc455f44000-7fc455f4c000 r-xp 00000000 08:02 12718311                   /usr/lib/jvm/java-8-openjdk/jre/lib/amd64/libzip.so
7fc455f4c000-7fc45614b000 ---p 00008000 08:02 12718311                   /usr/lib/jvm/java-8-openjdk/jre/lib/amd64/libzip.so
7fc45614b000-7fc45614c000 r--p 00007000 08:02 12718311                   /usr/lib/jvm/java-8-openjdk/jre/lib/amd64/libzip.so
7fc45614c000-7fc45614d000 rw-p 00008000 08:02 12718311                   /usr/lib/jvm/java-8-openjdk/jre/lib/amd64/libzip.so
7fc45614d000-7fc456158000 r-xp 00000000 08:02 12453863                   /usr/lib/libnss_files-2.25.so
7fc456158000-7fc456357000 ---p 0000b000 08:02 12453863                   /usr/lib/libnss_files-2.25.so
7fc456357000-7fc456358000 r--p 0000a000 08:02 12453863                   /usr/lib/libnss_files-2.25.so
7fc456358000-7fc456359000 rw-p 0000b000 08:02 12453863                   /usr/lib/libnss_files-2.25.so
7fc456359000-7fc45635f000 rw-p 00000000 00:00 0 
7fc45635f000-7fc45636a000 r-xp 00000000 08:02 12453861                   /usr/lib/libnss_nis-2.25.so
7fc45636a000-7fc456569000 ---p 0000b000 08:02 12453861                   /usr/lib/libnss_nis-2.25.so
7fc456569000-7fc45656a000 r--p 0000a000 08:02 12453861                   /usr/lib/libnss_nis-2.25.so
7fc45656a000-7fc45656b000 rw-p 0000b000 08:02 12453861                   /usr/lib/libnss_nis-2.25.so
7fc45656b000-7fc456580000 r-xp 00000000 08:02 12453857                   /usr/lib/libnsl-2.25.so
7fc456580000-7fc45677f000 ---p 00015000 08:02 12453857                   /usr/lib/libnsl-2.25.so
7fc45677f000-7fc456780000 r--p 00014000 08:02 12453857                   /usr/lib/libnsl-2.25.so
7fc456780000-7fc456781000 rw-p 00015000 08:02 12453857                   /usr/lib/libnsl-2.25.so
7fc456781000-7fc456783000 rw-p 00000000 00:00 0 
7fc456783000-7fc45678a000 r-xp 00000000 08:02 12453866                   /usr/lib/libnss_compat-2.25.so
7fc45678a000-7fc456989000 ---p 00007000 08:02 12453866                   /usr/lib/libnss_compat-2.25.so
7fc456989000-7fc45698a000 r--p 00006000 08:02 12453866                   /usr/lib/libnss_compat-2.25.so
7fc45698a000-7fc45698b000 rw-p 00007000 08:02 12453866                   /usr/lib/libnss_compat-2.25.so
7fc45698b000-7fc4569b8000 r-xp 00000000 08:02 12718272                   /usr/lib/jvm/java-8-openjdk/jre/lib/amd64/libjava.so
7fc4569b8000-7fc456bb7000 ---p 0002d000 08:02 12718272                   /usr/lib/jvm/java-8-openjdk/jre/lib/amd64/libjava.so
7fc456bb7000-7fc456bb8000 r--p 0002c000 08:02 12718272                   /usr/lib/jvm/java-8-openjdk/jre/lib/amd64/libjava.so
7fc456bb8000-7fc456bba000 rw-p 0002d000 08:02 12718272                   /usr/lib/jvm/java-8-openjdk/jre/lib/amd64/libjava.so
7fc456bba000-7fc456bc7000 r-xp 00000000 08:02 12717899                   /usr/lib/jvm/java-8-openjdk/jre/lib/amd64/libverify.so
7fc456bc7000-7fc456dc6000 ---p 0000d000 08:02 12717899                   /usr/lib/jvm/java-8-openjdk/jre/lib/amd64/libverify.so
7fc456dc6000-7fc456dc8000 r--p 0000c000 08:02 12717899                   /usr/lib/jvm/java-8-openjdk/jre/lib/amd64/libverify.so
7fc456dc8000-7fc456dc9000 rw-p 0000e000 08:02 12717899                   /usr/lib/jvm/java-8-openjdk/jre/lib/amd64/libverify.so
7fc456dc9000-7fc456dd0000 r-xp 00000000 08:02 12453855                   /usr/lib/librt-2.25.so
7fc456dd0000-7fc456fcf000 ---p 00007000 08:02 12453855                   /usr/lib/librt-2.25.so
7fc456fcf000-7fc456fd0000 r--p 00006000 08:02 12453855                   /usr/lib/librt-2.25.so
7fc456fd0000-7fc456fd1000 rw-p 00007000 08:02 12453855                   /usr/lib/librt-2.25.so
7fc456fd1000-7fc4570e3000 r-xp 00000000 08:02 12453858                   /usr/lib/libm-2.25.so
7fc4570e3000-7fc4572e2000 ---p 00112000 08:02 12453858                   /usr/lib/libm-2.25.so
7fc4572e2000-7fc4572e3000 r--p 00111000 08:02 12453858                   /usr/lib/libm-2.25.so
7fc4572e3000-7fc4572e4000 rw-p 00112000 08:02 12453858                   /usr/lib/libm-2.25.so
7fc4572e4000-7fc457f0f000 r-xp 00000000 08:02 13115637                   /usr/lib/jvm/java-8-openjdk/jre/lib/amd64/server/libjvm.so
7fc457f0f000-7fc45810e000 ---p 00c2b000 08:02 13115637                   /usr/lib/jvm/java-8-openjdk/jre/lib/amd64/server/libjvm.so
7fc45810e000-7fc4581a2000 r--p 00c2a000 08:02 13115637                   /usr/lib/jvm/java-8-openjdk/jre/lib/amd64/server/libjvm.so
7fc4581a2000-7fc4581cb000 rw-p 00cbe000 08:02 13115637                   /usr/lib/jvm/java-8-openjdk/jre/lib/amd64/server/libjvm.so
7fc4581cb000-7fc4581fb000 rw-p 00000000 00:00 0 
7fc4581fb000-7fc458396000 r-xp 00000000 08:02 12453925                   /usr/lib/libc-2.25.so
7fc458396000-7fc458595000 ---p 0019b000 08:02 12453925                   /usr/lib/libc-2.25.so
7fc458595000-7fc458599000 r--p 0019a000 08:02 12453925                   /usr/lib/libc-2.25.so
7fc458599000-7fc45859b000 rw-p 0019e000 08:02 12453925                   /usr/lib/libc-2.25.so
7fc45859b000-7fc45859f000 rw-p 00000000 00:00 0 
7fc45859f000-7fc4585a2000 r-xp 00000000 08:02 12453859                   /usr/lib/libdl-2.25.so
7fc4585a2000-7fc4587a1000 ---p 00003000 08:02 12453859                   /usr/lib/libdl-2.25.so
7fc4587a1000-7fc4587a2000 r--p 00002000 08:02 12453859                   /usr/lib/libdl-2.25.so
7fc4587a2000-7fc4587a3000 rw-p 00003000 08:02 12453859                   /usr/lib/libdl-2.25.so
7fc4587a3000-7fc4587b0000 r-xp 00000000 08:02 13115640                   /usr/lib/jvm/java-8-openjdk/jre/lib/amd64/jli/libjli.so
7fc4587b0000-7fc4589af000 ---p 0000d000 08:02 13115640                   /usr/lib/jvm/java-8-openjdk/jre/lib/amd64/jli/libjli.so
7fc4589af000-7fc4589b0000 r--p 0000c000 08:02 13115640                   /usr/lib/jvm/java-8-openjdk/jre/lib/amd64/jli/libjli.so
7fc4589b0000-7fc4589b1000 rw-p 0000d000 08:02 13115640                   /usr/lib/jvm/java-8-openjdk/jre/lib/amd64/jli/libjli.so
7fc4589b1000-7fc4589c7000 r-xp 00000000 08:02 12458270                   /usr/lib/libz.so.1.2.11
7fc4589c7000-7fc458bc6000 ---p 00016000 08:02 12458270                   /usr/lib/libz.so.1.2.11
7fc458bc6000-7fc458bc7000 r--p 00015000 08:02 12458270                   /usr/lib/libz.so.1.2.11
7fc458bc7000-7fc458bc8000 rw-p 00016000 08:02 12458270                   /usr/lib/libz.so.1.2.11
7fc458bc8000-7fc458be1000 r-xp 00000000 08:02 12453945                   /usr/lib/libpthread-2.25.so
7fc458be1000-7fc458de0000 ---p 00019000 08:02 12453945                   /usr/lib/libpthread-2.25.so
7fc458de0000-7fc458de1000 r--p 00018000 08:02 12453945                   /usr/lib/libpthread-2.25.so
7fc458de1000-7fc458de2000 rw-p 00019000 08:02 12453945                   /usr/lib/libpthread-2.25.so
7fc458de2000-7fc458de6000 rw-p 00000000 00:00 0 
7fc458de6000-7fc458e09000 r-xp 00000000 08:02 12453926                   /usr/lib/ld-2.25.so
7fc458e09000-7fc458e0a000 rw-s 131b3f000 00:06 12292                     /dev/dri/renderD128
7fc458e0a000-7fc458eb4000 rw-p 00000000 00:00 0 
7fc458eb4000-7fc458eb7000 ---p 00000000 00:00 0 
7fc458eb7000-7fc458fb7000 rw-p 00000000 00:00 0 
7fc458fb7000-7fc458fba000 r--s 00000000 08:02 29885287                   /home/juju/.cache/fontconfig/570b4df63effea234d84616e2f268fc8-le64.cache-7
7fc458fba000-7fc458fbb000 r--s 00000000 08:02 1984507                    /var/cache/fontconfig/3830d5c3ddfd5cd38a049b759396e72e-le64.cache-7
7fc458fbb000-7fc458fbf000 r--s 00022000 08:02 22175222                   /home/juju/Downloads/codemodel-2.6.jar
7fc458fbf000-7fc458fc1000 r--s 00005000 08:02 22161702                   /home/juju/fwkdevs-v0.7.jar
7fc458fc1000-7fc458fc2000 rw-s 00000000 00:05 1089663                    /memfd:xshmfence (deleted)
7fc458fc2000-7fc458fc3000 r--p 00000000 08:02 12512952                   /usr/share/locale/en_GB/LC_MESSAGES/libc.mo
7fc458fc3000-7fc458fc4000 rwxp 00000000 00:00 0 
7fc458fc4000-7fc458fd4000 rw-s 1319fb000 00:06 12292                     /dev/dri/renderD128
7fc458fd4000-7fc458ffc000 rw-p 00000000 00:00 0 
7fc458ffc000-7fc459004000 rw-s 00000000 00:25 1086595                    /tmp/hsperfdata_juju/29360
7fc459004000-7fc459005000 rw-p 00000000 00:00 0 
7fc459005000-7fc459006000 r--p 00000000 00:00 0 
7fc459006000-7fc459008000 rw-p 00000000 00:00 0 
7fc459008000-7fc459009000 r--p 00022000 08:02 12453926                   /usr/lib/ld-2.25.so
7fc459009000-7fc45900a000 rw-p 00023000 08:02 12453926                   /usr/lib/ld-2.25.so
7fc45900a000-7fc45900b000 rw-p 00000000 00:00 0 
7ffc48ce6000-7ffc48d07000 rw-p 00000000 00:00 0                          [stack]
7ffc48d58000-7ffc48d5a000 r--p 00000000 00:00 0                          [vvar]
7ffc48d5a000-7ffc48d5c000 r-xp 00000000 00:00 0                          [vdso]
ffffffffff600000-ffffffffff601000 r-xp 00000000 00:00 0                  [vsyscall]

VM Arguments:
jvm_args: -Dfile.encoding=UTF-8 
java_command: main.MainGui
java_class_path (initial): /home/juju/eclipse/projet-fwkDEVS/JavaFXGroup/bin:/home/juju/fwkdevs-v0.7.jar:/home/juju/Downloads/codemodel-2.6.jar
Launcher Type: SUN_STANDARD

Environment Variables:
PATH=/usr/local/sbin:/usr/local/bin:/usr/bin:/opt/android-sdk/tools:/opt/android-sdk/tools/bin:/usr/share/java/basex/bin:/usr/lib/jvm/default/bin:/usr/bin/site_perl:/usr/bin/vendor_perl:/usr/bin/core_perl
SHELL=/usr/bin/zsh
DISPLAY=:0

Signal Handlers:
SIGSEGV: [libjvm.so+0xa2d880], sa_mask[0]=11111111011111111101111111111110, sa_flags=SA_RESTART|SA_SIGINFO
SIGBUS: [libjvm.so+0xa2d880], sa_mask[0]=11111111011111111101111111111110, sa_flags=SA_RESTART|SA_SIGINFO
SIGFPE: [libjvm.so+0x881d40], sa_mask[0]=11111111011111111101111111111110, sa_flags=SA_RESTART|SA_SIGINFO
SIGPIPE: SIG_IGN, sa_mask[0]=00000000000010000000000000000000, sa_flags=SA_RESTART
SIGXFSZ: [libjvm.so+0x881d40], sa_mask[0]=11111111011111111101111111111110, sa_flags=SA_RESTART|SA_SIGINFO
SIGILL: [libjvm.so+0x881d40], sa_mask[0]=11111111011111111101111111111110, sa_flags=SA_RESTART|SA_SIGINFO
SIGUSR1: SIG_DFL, sa_mask[0]=00000000000000000000000000000000, sa_flags=none
SIGUSR2: [libjvm.so+0x881c10], sa_mask[0]=00100000000000000000000000000000, sa_flags=SA_RESTART|SA_SIGINFO
SIGHUP: [libjvm.so+0x882080], sa_mask[0]=11111111011111111101111111111110, sa_flags=SA_RESTART|SA_SIGINFO
SIGINT: [libjvm.so+0x882080], sa_mask[0]=11111111011111111101111111111110, sa_flags=SA_RESTART|SA_SIGINFO
SIGTERM: [libjvm.so+0x882080], sa_mask[0]=11111111011111111101111111111110, sa_flags=SA_RESTART|SA_SIGINFO
SIGQUIT: [libjvm.so+0x882080], sa_mask[0]=11111111011111111101111111111110, sa_flags=SA_RESTART|SA_SIGINFO


---------------  S Y S T E M  ---------------

OS:LSB_VERSION=1.4
DISTRIB_ID=Arch
DISTRIB_RELEASE=rolling
DISTRIB_DESCRIPTION="Arch Linux"

uname:Linux 4.10.2-1-ARCH #1 SMP PREEMPT Mon Mar 13 17:13:41 CET 2017 x86_64
libc:glibc 2.25 NPTL 2.25 
rlimit: STACK 8192k, CORE infinity, NPROC 63028, NOFILE 4096, AS infinity
load average:0.71 0.65 0.34

/proc/meminfo:
MemTotal:       16378316 kB
MemFree:         9744760 kB
MemAvailable:   12656768 kB
Buffers:          385600 kB
Cached:          2796904 kB
SwapCached:            0 kB
Active:          4702568 kB
Inactive:        1490584 kB
Active(anon):    3011264 kB
Inactive(anon):   110260 kB
Active(file):    1691304 kB
Inactive(file):  1380324 kB
Unevictable:          32 kB
Mlocked:              32 kB
SwapTotal:             0 kB
SwapFree:              0 kB
Dirty:               392 kB
Writeback:             0 kB
AnonPages:       2843440 kB
Mapped:           363264 kB
Shmem:            110872 kB
Slab:             216068 kB
SReclaimable:     176584 kB
SUnreclaim:        39484 kB
KernelStack:        8412 kB
PageTables:        22936 kB
NFS_Unstable:          0 kB
Bounce:                0 kB
WritebackTmp:          0 kB
CommitLimit:     8189156 kB
Committed_AS:    5186240 kB
VmallocTotal:   34359738367 kB
VmallocUsed:           0 kB
VmallocChunk:          0 kB
HardwareCorrupted:     0 kB
AnonHugePages:   1411072 kB
ShmemHugePages:        0 kB
ShmemPmdMapped:        0 kB
HugePages_Total:       0
HugePages_Free:        0
HugePages_Rsvd:        0
HugePages_Surp:        0
Hugepagesize:       2048 kB
DirectMap4k:      355264 kB
DirectMap2M:    10072064 kB
DirectMap1G:     7340032 kB


CPU:total 8 (4 cores per cpu, 2 threads per core) family 6 model 60 stepping 3, cmov, cx8, fxsr, mmx, sse, sse2, sse3, ssse3, sse4.1, sse4.2, popcnt, avx, avx2, aes, clmul, erms, rtm, lzcnt, ht, tsc, tscinvbit, bmi1, bmi2

/proc/cpuinfo:
processor	: 0
vendor_id	: GenuineIntel
cpu family	: 6
model		: 60
model name	: Intel(R) Core(TM) i7-4790K CPU @ 4.00GHz
stepping	: 3
microcode	: 0x19
cpu MHz		: 4018.554
cache size	: 8192 KB
physical id	: 0
siblings	: 8
core id		: 0
cpu cores	: 4
apicid		: 0
initial apicid	: 0
fpu		: yes
fpu_exception	: yes
cpuid level	: 13
wp		: yes
flags		: fpu vme de pse tsc msr pae mce cx8 apic sep mtrr pge mca cmov pat pse36 clflush dts acpi mmx fxsr sse sse2 ss ht tm pbe syscall nx pdpe1gb rdtscp lm constant_tsc arch_perfmon pebs bts rep_good nopl xtopology nonstop_tsc aperfmperf pni pclmulqdq dtes64 monitor ds_cpl vmx est tm2 ssse3 sdbg fma cx16 xtpr pdcm pcid sse4_1 sse4_2 x2apic movbe popcnt tsc_deadline_timer aes xsave avx f16c rdrand lahf_lm abm epb tpr_shadow vnmi flexpriority ept vpid fsgsbase tsc_adjust bmi1 hle avx2 smep bmi2 erms invpcid rtm xsaveopt dtherm ida arat pln pts
bugs		:
bogomips	: 7998.48
clflush size	: 64
cache_alignment	: 64
address sizes	: 39 bits physical, 48 bits virtual
power management:

processor	: 1
vendor_id	: GenuineIntel
cpu family	: 6
model		: 60
model name	: Intel(R) Core(TM) i7-4790K CPU @ 4.00GHz
stepping	: 3
microcode	: 0x19
cpu MHz		: 4068.115
cache size	: 8192 KB
physical id	: 0
siblings	: 8
core id		: 1
cpu cores	: 4
apicid		: 2
initial apicid	: 2
fpu		: yes
fpu_exception	: yes
cpuid level	: 13
wp		: yes
flags		: fpu vme de pse tsc msr pae mce cx8 apic sep mtrr pge mca cmov pat pse36 clflush dts acpi mmx fxsr sse sse2 ss ht tm pbe syscall nx pdpe1gb rdtscp lm constant_tsc arch_perfmon pebs bts rep_good nopl xtopology nonstop_tsc aperfmperf pni pclmulqdq dtes64 monitor ds_cpl vmx est tm2 ssse3 sdbg fma cx16 xtpr pdcm pcid sse4_1 sse4_2 x2apic movbe popcnt tsc_deadline_timer aes xsave avx f16c rdrand lahf_lm abm epb tpr_shadow vnmi flexpriority ept vpid fsgsbase tsc_adjust bmi1 hle avx2 smep bmi2 erms invpcid rtm xsaveopt dtherm ida arat pln pts
bugs		:
bogomips	: 7999.66
clflush size	: 64
cache_alignment	: 64
address sizes	: 39 bits physical, 48 bits virtual
power management:

processor	: 2
vendor_id	: GenuineIntel
cpu family	: 6
model		: 60
model name	: Intel(R) Core(TM) i7-4790K CPU @ 4.00GHz
stepping	: 3
microcode	: 0x19
cpu MHz		: 4016.113
cache size	: 8192 KB
physical id	: 0
siblings	: 8
core id		: 2
cpu cores	: 4
apicid		: 4
initial apicid	: 4
fpu		: yes
fpu_exception	: yes
cpuid level	: 13
wp		: yes
flags		: fpu vme de pse tsc msr pae mce cx8 apic sep mtrr pge mca cmov pat pse36 clflush dts acpi mmx fxsr sse sse2 ss ht tm pbe syscall nx pdpe1gb rdtscp lm constant_tsc arch_perfmon pebs bts rep_good nopl xtopology nonstop_tsc aperfmperf pni pclmulqdq dtes64 monitor ds_cpl vmx est tm2 ssse3 sdbg fma cx16 xtpr pdcm pcid sse4_1 sse4_2 x2apic movbe popcnt tsc_deadline_timer aes xsave avx f16c rdrand lahf_lm abm epb tpr_shadow vnmi flexpriority ept vpid fsgsbase tsc_adjust bmi1 hle avx2 smep bmi2 erms invpcid rtm xsaveopt dtherm ida arat pln pts
bugs		:
bogomips	: 7999.71
clflush size	: 64
cache_alignment	: 64
address sizes	: 39 bits physical, 48 bits virtual
power management:

processor	: 3
vendor_id	: GenuineIntel
cpu family	: 6
model		: 60
model name	: Intel(R) Core(TM) i7-4790K CPU @ 4.00GHz
stepping	: 3
microcode	: 0x19
cpu MHz		: 4033.691
cache size	: 8192 KB
physical id	: 0
siblings	: 8
core id		: 3
cpu cores	: 4
apicid		: 6
initial apicid	: 6
fpu		: yes
fpu_exception	: yes
cpuid level	: 13
wp		: yes
flags		: fpu vme de pse tsc msr pae mce cx8 apic sep mtrr pge mca cmov pat pse36 clflush dts acpi mmx fxsr sse sse2 ss ht tm pbe syscall nx pdpe1gb rdtscp lm constant_tsc arch_perfmon pebs bts rep_good nopl xtopology nonstop_tsc aperfmperf pni pclmulqdq dtes64 monitor ds_cpl vmx est tm2 ssse3 sdbg fma cx16 xtpr pdcm pcid sse4_1 sse4_2 x2apic movbe popcnt tsc_deadline_timer aes xsave avx f16c rdrand lahf_lm abm epb tpr_shadow vnmi flexpriority ept vpid fsgsbase tsc_adjust bmi1 hle avx2 smep bmi2 erms invpcid rtm xsaveopt dtherm ida arat pln pts
bugs		:
bogomips	: 7999.71
clflush size	: 64
cache_alignment	: 64
address sizes	: 39 bits physical, 48 bits virtual
power management:

processor	: 4
vendor_id	: GenuineIntel
cpu family	: 6
model		: 60
model name	: Intel(R) Core(TM) i7-4790K CPU @ 4.00GHz
stepping	: 3
microcode	: 0x19
cpu MHz		: 4000.488
cache size	: 8192 KB
physical id	: 0
siblings	: 8
core id		: 0
cpu cores	: 4
apicid		: 1
initial apicid	: 1
fpu		: yes
fpu_exception	: yes
cpuid level	: 13
wp		: yes
flags		: fpu vme de pse tsc msr pae mce cx8 apic sep mtrr pge mca cmov pat pse36 clflush dts acpi mmx fxsr sse sse2 ss ht tm pbe syscall nx pdpe1gb rdtscp lm constant_tsc arch_perfmon pebs bts rep_good nopl xtopology nonstop_tsc aperfmperf pni pclmulqdq dtes64 monitor ds_cpl vmx est tm2 ssse3 sdbg fma cx16 xtpr pdcm pcid sse4_1 sse4_2 x2apic movbe popcnt tsc_deadline_timer aes xsave avx f16c rdrand lahf_lm abm epb tpr_shadow vnmi flexpriority ept vpid fsgsbase tsc_adjust bmi1 hle avx2 smep bmi2 erms invpcid rtm xsaveopt dtherm ida arat pln pts
bugs		:
bogomips	: 8000.35
clflush size	: 64
cache_alignment	: 64
address sizes	: 39 bits physical, 48 bits virtual
power management:

processor	: 5
vendor_id	: GenuineIntel
cpu family	: 6
model		: 60
model name	: Intel(R) Core(TM) i7-4790K CPU @ 4.00GHz
stepping	: 3
microcode	: 0x19
cpu MHz		: 4073.242
cache size	: 8192 KB
physical id	: 0
siblings	: 8
core id		: 1
cpu cores	: 4
apicid		: 3
initial apicid	: 3
fpu		: yes
fpu_exception	: yes
cpuid level	: 13
wp		: yes
flags		: fpu vme de pse tsc msr pae mce cx8 apic sep mtrr pge mca cmov pat pse36 clflush dts acpi mmx fxsr sse sse2 ss ht tm pbe syscall nx pdpe1gb rdtscp lm constant_tsc arch_perfmon pebs bts rep_good nopl xtopology nonstop_tsc aperfmperf pni pclmulqdq dtes64 monitor ds_cpl vmx est tm2 ssse3 sdbg fma cx16 xtpr pdcm pcid sse4_1 sse4_2 x2apic movbe popcnt tsc_deadline_timer aes xsave avx f16c rdrand lahf_lm abm epb tpr_shadow vnmi flexpriority ept vpid fsgsbase tsc_adjust bmi1 hle avx2 smep bmi2 erms invpcid rtm xsaveopt dtherm ida arat pln pts
bugs		:
bogomips	: 7999.82
clflush size	: 64
cache_alignment	: 64
address sizes	: 39 bits physical, 48 bits virtual
power management:

processor	: 6
vendor_id	: GenuineIntel
cpu family	: 6
model		: 60
model name	: Intel(R) Core(TM) i7-4790K CPU @ 4.00GHz
stepping	: 3
microcode	: 0x19
cpu MHz		: 4071.289
cache size	: 8192 KB
physical id	: 0
siblings	: 8
core id		: 2
cpu cores	: 4
apicid		: 5
initial apicid	: 5
fpu		: yes
fpu_exception	: yes
cpuid level	: 13
wp		: yes
flags		: fpu vme de pse tsc msr pae mce cx8 apic sep mtrr pge mca cmov pat pse36 clflush dts acpi mmx fxsr sse sse2 ss ht tm pbe syscall nx pdpe1gb rdtscp lm constant_tsc arch_perfmon pebs bts rep_good nopl xtopology nonstop_tsc aperfmperf pni pclmulqdq dtes64 monitor ds_cpl vmx est tm2 ssse3 sdbg fma cx16 xtpr pdcm pcid sse4_1 sse4_2 x2apic movbe popcnt tsc_deadline_timer aes xsave avx f16c rdrand lahf_lm abm epb tpr_shadow vnmi flexpriority ept vpid fsgsbase tsc_adjust bmi1 hle avx2 smep bmi2 erms invpcid rtm xsaveopt dtherm ida arat pln pts
bugs		:
bogomips	: 7999.81
clflush size	: 64
cache_alignment	: 64
address sizes	: 39 bits physical, 48 bits virtual
power management:

processor	: 7
vendor_id	: GenuineIntel
cpu family	: 6
model		: 60
model name	: Intel(R) Core(TM) i7-4790K CPU @ 4.00GHz
stepping	: 3
microcode	: 0x19
cpu MHz		: 4031.494
cache size	: 8192 KB
physical id	: 0
siblings	: 8
core id		: 3
cpu cores	: 4
apicid		: 7
initial apicid	: 7
fpu		: yes
fpu_exception	: yes
cpuid level	: 13
wp		: yes
flags		: fpu vme de pse tsc msr pae mce cx8 apic sep mtrr pge mca cmov pat pse36 clflush dts acpi mmx fxsr sse sse2 ss ht tm pbe syscall nx pdpe1gb rdtscp lm constant_tsc arch_perfmon pebs bts rep_good nopl xtopology nonstop_tsc aperfmperf pni pclmulqdq dtes64 monitor ds_cpl vmx est tm2 ssse3 sdbg fma cx16 xtpr pdcm pcid sse4_1 sse4_2 x2apic movbe popcnt tsc_deadline_timer aes xsave avx f16c rdrand lahf_lm abm epb tpr_shadow vnmi flexpriority ept vpid fsgsbase tsc_adjust bmi1 hle avx2 smep bmi2 erms invpcid rtm xsaveopt dtherm ida arat pln pts
bugs		:
bogomips	: 7999.81
clflush size	: 64
cache_alignment	: 64
address sizes	: 39 bits physical, 48 bits virtual
power management:



Memory: 4k page, physical 16378316k(9744760k free), swap 0k(0k free)

vm_info: OpenJDK 64-Bit Server VM (25.121-b13) for linux-amd64 JRE (1.8.0_121-b13), built on Jan 22 2017 09:22:31 by "builduser" with gcc 6.3.1 20170109

time: Thu Mar 16 00:50:08 2017
elapsed time: 11 seconds (0d 0h 0m 11s)

